#
# There is insufficient memory for the Java Runtime Environment to continue.
# Native memory allocation (mmap) failed to map 566231040 bytes for Failed to commit area from 0x00000000a0100000 to 0x00000000c1d00000 of length 566231040.
# Possible reasons:
#   The system is out of physical RAM or swap space
#   The process is running with CompressedOops enabled, and the Java Heap may be blocking the growth of the native heap
# Possible solutions:
#   Reduce memory load on the system
#   Increase physical memory or swap space
#   Check if swap backing store is full
#   Decrease Java heap size (-Xmx/-Xms)
#   Decrease number of Java threads
#   Decrease Java thread stack sizes (-Xss)
#   Set larger code cache with -XX:ReservedCodeCacheSize=
#   JVM is running with Unscaled Compressed Oops mode in which the Java heap is
#     placed in the first 4GB address space. The Java Heap base address is the
#     maximum limit for the native heap growth. Please use -XX:HeapBaseMinAddress
#     to set the Java Heap base and to place the Java Heap above 4GB virtual address.
# This output file may be truncated or incomplete.
#
#  Out of Memory Error (t:/workspace/open/src/hotspot/os/windows/os_windows.cpp:3269), pid=3196, tid=232
#
# JRE version: Java(TM) SE Runtime Environment (11.0.3+12) (build 11.0.3+12-LTS)
# Java VM: Java HotSpot(TM) 64-Bit Server VM (11.0.3+12-LTS, mixed mode, tiered, compressed oops, g1 gc, windows-amd64)
# No core dump will be written. Minidumps are not enabled by default on client versions of Windows
#

---------------  S U M M A R Y ------------

Command Line: --module-path=C:\Users\Administrateur\Desktop\logiciels\openjfx-11.0.2_windows-x64_bin-sdk\javafx-sdk-11.0.2\lib --add-modules=javafx.controls,javafx.fxml -javaagent:C:\Program Files\JetBrains\IntelliJ IDEA Community Edition 2020.3.2\lib\idea_rt.jar=62357:C:\Program Files\JetBrains\IntelliJ IDEA Community Edition 2020.3.2\bin -Dfile.encoding=UTF-8 Main

Host: Intel(R) Core(TM) i5-3320M CPU @ 2.60GHz, 4 cores, 7G,  Windows 10 , 64 bit Build 19041 (10.0.19041.1023)
Time: Thu Jun 17 23:44:13 2021 Paris, Madrid (heure d’été) elapsed time: 54 seconds (0d 0h 0m 54s)

---------------  T H R E A D  ---------------

Current thread (0x0000022e6db48800):  VMThread "VM Thread" [stack: 0x000000dbd5100000,0x000000dbd5200000] [id=232]

Stack: [0x000000dbd5100000,0x000000dbd5200000]
[error occurred during error reporting (printing stack bounds), id 0xc0000005, EXCEPTION_ACCESS_VIOLATION (0xc0000005) at pc=0x0000022e57d50bad]

Native frames: (J=compiled Java code, j=interpreted, Vv=VM code, C=native code)
V  [jvm.dll+0x63582a]
V  [jvm.dll+0x77360f]
V  [jvm.dll+0x774cba]
V  [jvm.dll+0x7752d5]
V  [jvm.dll+0x77528b]
V  [jvm.dll+0x634f26]
V  [jvm.dll+0x6352f8]
C  [ntdll.dll+0xa217f]
C  [ntdll.dll+0x51454]
C  [ntdll.dll+0xa0cae]
C  0x0000022e57d50bad

VM_Operation (0x000000dbd62fb990): G1CollectForAllocation, mode: safepoint, requested by thread 0x0000022e6f62a800


---------------  P R O C E S S  ---------------

Threads class SMR info:
_java_thread_list=0x0000022e6edd4c50, length=18, elements={
0x0000022e4fa08800, 0x0000022e6db70000, 0x0000022e6db71000, 0x0000022e6e532800,
0x0000022e6db89000, 0x0000022e6db8a000, 0x0000022e6db90000, 0x0000022e6db94000,
0x0000022e4faed800, 0x0000022e6ea56000, 0x0000022e6f341000, 0x0000022e6fb9c000,
0x0000022e6f046800, 0x0000022e6f62a800, 0x0000022e6f9a1000, 0x0000022e70058800,
0x0000022e6fb1b800, 0x0000022e709db000
}

Java Threads: ( => current thread )
  0x0000022e4fa08800 JavaThread "main" [_thread_blocked, id=12008, stack(0x000000dbd4b00000,0x000000dbd4c00000)]
  0x0000022e6db70000 JavaThread "Reference Handler" daemon [_thread_blocked, id=1600, stack(0x000000dbd5200000,0x000000dbd5300000)]
  0x0000022e6db71000 JavaThread "Finalizer" daemon [_thread_blocked, id=6824, stack(0x000000dbd5300000,0x000000dbd5400000)]
  0x0000022e6e532800 JavaThread "Signal Dispatcher" daemon [_thread_blocked, id=1660, stack(0x000000dbd5400000,0x000000dbd5500000)]
  0x0000022e6db89000 JavaThread "Attach Listener" daemon [_thread_blocked, id=12260, stack(0x000000dbd5500000,0x000000dbd5600000)]
  0x0000022e6db8a000 JavaThread "C2 CompilerThread0" daemon [_thread_blocked, id=12408, stack(0x000000dbd5600000,0x000000dbd5700000)]
  0x0000022e6db90000 JavaThread "C1 CompilerThread0" daemon [_thread_blocked, id=8616, stack(0x000000dbd5700000,0x000000dbd5800000)]
  0x0000022e6db94000 JavaThread "Sweeper thread" daemon [_thread_blocked, id=10672, stack(0x000000dbd5800000,0x000000dbd5900000)]
  0x0000022e4faed800 JavaThread "Common-Cleaner" daemon [_thread_blocked, id=10648, stack(0x000000dbd5900000,0x000000dbd5a00000)]
  0x0000022e6ea56000 JavaThread "Monitor Ctrl-Break" daemon [_thread_in_native, id=1848, stack(0x000000dbd5c00000,0x000000dbd5d00000)]
  0x0000022e6f341000 JavaThread "Service Thread" daemon [_thread_blocked, id=5400, stack(0x000000dbd5d00000,0x000000dbd5e00000)]
  0x0000022e6fb9c000 JavaThread "QuantumRenderer-0" daemon [_thread_blocked, id=4576, stack(0x000000dbd6000000,0x000000dbd6100000)]
  0x0000022e6f046800 JavaThread "InvokeLaterDispatcher" daemon [_thread_blocked, id=6424, stack(0x000000dbd6100000,0x000000dbd6200000)]
  0x0000022e6f62a800 JavaThread "JavaFX Application Thread" [_thread_blocked, id=6908, stack(0x000000dbd6200000,0x000000dbd6300000)]
  0x0000022e6f9a1000 JavaThread "JavaFX-Launcher" [_thread_blocked, id=15312, stack(0x000000dbd6700000,0x000000dbd6800000)]
  0x0000022e70058800 JavaThread "Thread-2" daemon [_thread_blocked, id=13208, stack(0x000000dbd6600000,0x000000dbd6700000)]
  0x0000022e6fb1b800 JavaThread "Prism Font Disposer" daemon [_thread_blocked, id=3368, stack(0x000000dbd6800000,0x000000dbd6900000)]
  0x0000022e709db000 JavaThread "Cleaner-0" daemon [_thread_blocked, id=13512, stack(0x000000dbd7000000,0x000000dbd7100000)]

Other Threads:
=>0x0000022e6db48800 VMThread "VM Thread" [stack: 0x000000dbd5100000,0x000000dbd5200000] [id=232]
  0x0000022e6e8ee000 WatcherThread [stack: 0x000000dbd5e00000,0x000000dbd5f00000] [id=7060]
  0x0000022e4fa1f000 GCTaskThread "GC Thread#0" [stack: 0x000000dbd4c00000,0x000000dbd4d00000] [id=14252]
  0x0000022e6ee80800 GCTaskThread "GC Thread#1" [stack: 0x000000dbd5b00000,0x000000dbd5c00000] [id=3060]
  0x0000022e6fa96800 GCTaskThread "GC Thread#2" [stack: 0x000000dbd6900000,0x000000dbd6a00000] [id=13360]
  0x0000022e6fb88800 GCTaskThread "GC Thread#3" [stack: 0x000000dbd6a00000,0x000000dbd6b00000] [id=248]
  0x0000022e4fa4e000 ConcurrentGCThread "G1 Main Marker" [stack: 0x000000dbd4d00000,0x000000dbd4e00000] [id=3364]
  0x0000022e4fa4f000 ConcurrentGCThread "G1 Conc#0" [stack: 0x000000dbd4e00000,0x000000dbd4f00000] [id=11764]
  0x0000022e4fad3800 ConcurrentGCThread "G1 Refine#0" [stack: 0x000000dbd4f00000,0x000000dbd5000000] [id=8148]
  0x0000022e6e63d800 ConcurrentGCThread "G1 Refine#1" [stack: 0x000000dbd7100000,0x000000dbd7200000] [id=14804]
  0x0000022e709ee800 ConcurrentGCThread "G1 Refine#2" [stack: 0x000000dbd7200000,0x000000dbd7300000] [id=14052]
  0x0000022e6e772800 ConcurrentGCThread "G1 Refine#3" [stack: 0x000000dbd7b00000,0x000000dbd7c00000] [id=9800]
  0x0000022e4fad5000 ConcurrentGCThread "G1 Young RemSet Sampling" [stack: 0x000000dbd5000000,0x000000dbd5100000] [id=7672]

Threads with active compile tasks:

VM state:at safepoint (normal execution)

VM Mutex/Monitor currently owned by a thread:  ([mutex/lock_event])
[0x0000022e4fa07150] Threads_lock - owner thread: 0x0000022e6db48800
[0x0000022e4fa08110] Heap_lock - owner thread: 0x0000022e6f62a800

Heap address: 0x0000000084c00000, size: 1972 MB, Compressed Oops mode: 32-bit
Narrow klass base: 0x0000000000000000, Narrow klass shift: 3
Compressed class space size: 1073741824 Address: 0x0000000100000000

Heap:
 garbage-first heap   total 1000448K, used 240128K [0x0000000084c00000, 0x0000000100000000)
  region size 1024K, 2 young (2048K), 2 survivors (2048K)
 Metaspace       used 28170K, capacity 29325K, committed 29568K, reserved 1075200K
  class space    used 3662K, capacity 4115K, committed 4224K, reserved 1048576K
Heap Regions: E=young(eden), S=young(survivor), O=old, HS=humongous(starts), HC=humongous(continues), CS=collection set, F=free, A=archive, TAMS=top-at-mark-start (previous, next)
|   0|0x0000000084c00000, 0x0000000084d00000, 0x0000000084d00000|100%| O|  |TAMS 0x0000000084d00000, 0x0000000084d00000| Untracked 
|   1|0x0000000084d00000, 0x0000000084e00000, 0x0000000084e00000|100%|HS|  |TAMS 0x0000000084e00000, 0x0000000084e00000| Complete 
|   2|0x0000000084e00000, 0x0000000084f00000, 0x0000000084f00000|100%|HC|  |TAMS 0x0000000084f00000, 0x0000000084f00000| Complete 
|   3|0x0000000084f00000, 0x0000000085000000, 0x0000000085000000|100%| O|  |TAMS 0x0000000085000000, 0x0000000085000000| Untracked 
|   4|0x0000000085000000, 0x0000000085100000, 0x0000000085100000|100%| O|  |TAMS 0x0000000085100000, 0x0000000085100000| Untracked 
|   5|0x0000000085100000, 0x0000000085200000, 0x0000000085200000|100%| O|  |TAMS 0x0000000085200000, 0x0000000085200000| Untracked 
|   6|0x0000000085200000, 0x0000000085300000, 0x0000000085300000|100%| O|  |TAMS 0x0000000085300000, 0x0000000085300000| Untracked 
|   7|0x0000000085300000, 0x0000000085400000, 0x0000000085400000|100%| O|  |TAMS 0x0000000085400000, 0x0000000085400000| Untracked 
|   8|0x0000000085400000, 0x0000000085500000, 0x0000000085500000|100%| O|  |TAMS 0x0000000085500000, 0x0000000085500000| Untracked 
|   9|0x0000000085500000, 0x0000000085600000, 0x0000000085600000|100%| O|  |TAMS 0x0000000085600000, 0x0000000085600000| Untracked 
|  10|0x0000000085600000, 0x0000000085700000, 0x0000000085700000|100%| O|  |TAMS 0x0000000085700000, 0x0000000085700000| Untracked 
|  11|0x0000000085700000, 0x0000000085800000, 0x0000000085800000|100%| O|  |TAMS 0x0000000085800000, 0x0000000085800000| Untracked 
|  12|0x0000000085800000, 0x0000000085900000, 0x0000000085900000|100%| O|  |TAMS 0x0000000085900000, 0x0000000085900000| Untracked 
|  13|0x0000000085900000, 0x0000000085a00000, 0x0000000085a00000|100%| O|  |TAMS 0x0000000085a00000, 0x0000000085a00000| Untracked 
|  14|0x0000000085a00000, 0x0000000085b00000, 0x0000000085b00000|100%| O|  |TAMS 0x0000000085b00000, 0x0000000085b00000| Untracked 
|  15|0x0000000085b00000, 0x0000000085c00000, 0x0000000085c00000|100%| O|  |TAMS 0x0000000085c00000, 0x0000000085c00000| Untracked 
|  16|0x0000000085c00000, 0x0000000085d00000, 0x0000000085d00000|100%| O|  |TAMS 0x0000000085d00000, 0x0000000085d00000| Untracked 
|  17|0x0000000085d00000, 0x0000000085e00000, 0x0000000085e00000|100%| O|  |TAMS 0x0000000085e00000, 0x0000000085e00000| Untracked 
|  18|0x0000000085e00000, 0x0000000085f00000, 0x0000000085f00000|100%| O|  |TAMS 0x0000000085f00000, 0x0000000085f00000| Untracked 
|  19|0x0000000085f00000, 0x0000000086000000, 0x0000000086000000|100%| O|  |TAMS 0x0000000086000000, 0x0000000086000000| Untracked 
|  20|0x0000000086000000, 0x0000000086100000, 0x0000000086100000|100%| O|  |TAMS 0x0000000086100000, 0x0000000086100000| Untracked 
|  21|0x0000000086100000, 0x0000000086200000, 0x0000000086200000|100%| O|  |TAMS 0x0000000086200000, 0x0000000086200000| Untracked 
|  22|0x0000000086200000, 0x0000000086300000, 0x0000000086300000|100%| O|  |TAMS 0x0000000086300000, 0x0000000086300000| Untracked 
|  23|0x0000000086300000, 0x0000000086400000, 0x0000000086400000|100%| O|  |TAMS 0x0000000086400000, 0x0000000086400000| Untracked 
|  24|0x0000000086400000, 0x0000000086500000, 0x0000000086500000|100%| O|  |TAMS 0x0000000086500000, 0x0000000086500000| Untracked 
|  25|0x0000000086500000, 0x0000000086600000, 0x0000000086600000|100%| O|  |TAMS 0x0000000086600000, 0x0000000086600000| Untracked 
|  26|0x0000000086600000, 0x0000000086700000, 0x0000000086700000|100%| O|  |TAMS 0x0000000086700000, 0x0000000086700000| Untracked 
|  27|0x0000000086700000, 0x0000000086800000, 0x0000000086800000|100%| O|  |TAMS 0x0000000086800000, 0x0000000086800000| Untracked 
|  28|0x0000000086800000, 0x0000000086900000, 0x0000000086900000|100%| O|  |TAMS 0x0000000086900000, 0x0000000086900000| Untracked 
|  29|0x0000000086900000, 0x0000000086a00000, 0x0000000086a00000|100%| O|  |TAMS 0x0000000086a00000, 0x0000000086a00000| Untracked 
|  30|0x0000000086a00000, 0x0000000086b00000, 0x0000000086b00000|100%| O|  |TAMS 0x0000000086b00000, 0x0000000086b00000| Untracked 
|  31|0x0000000086b00000, 0x0000000086c00000, 0x0000000086c00000|100%| O|  |TAMS 0x0000000086c00000, 0x0000000086c00000| Untracked 
|  32|0x0000000086c00000, 0x0000000086d00000, 0x0000000086d00000|100%| O|  |TAMS 0x0000000086d00000, 0x0000000086d00000| Untracked 
|  33|0x0000000086d00000, 0x0000000086e00000, 0x0000000086e00000|100%| O|  |TAMS 0x0000000086e00000, 0x0000000086e00000| Untracked 
|  34|0x0000000086e00000, 0x0000000086f00000, 0x0000000086f00000|100%| O|  |TAMS 0x0000000086f00000, 0x0000000086f00000| Untracked 
|  35|0x0000000086f00000, 0x0000000087000000, 0x0000000087000000|100%| O|  |TAMS 0x0000000087000000, 0x0000000087000000| Untracked 
|  36|0x0000000087000000, 0x0000000087100000, 0x0000000087100000|100%| O|  |TAMS 0x0000000087100000, 0x0000000087100000| Untracked 
|  37|0x0000000087100000, 0x0000000087200000, 0x0000000087200000|100%| O|  |TAMS 0x0000000087200000, 0x0000000087200000| Untracked 
|  38|0x0000000087200000, 0x0000000087300000, 0x0000000087300000|100%| O|  |TAMS 0x0000000087300000, 0x0000000087300000| Untracked 
|  39|0x0000000087300000, 0x0000000087400000, 0x0000000087400000|100%| O|  |TAMS 0x0000000087400000, 0x0000000087400000| Untracked 
|  40|0x0000000087400000, 0x0000000087500000, 0x0000000087500000|100%| O|  |TAMS 0x0000000087500000, 0x0000000087500000| Untracked 
|  41|0x0000000087500000, 0x0000000087600000, 0x0000000087600000|100%| O|  |TAMS 0x0000000087600000, 0x0000000087600000| Untracked 
|  42|0x0000000087600000, 0x0000000087700000, 0x0000000087700000|100%| O|  |TAMS 0x0000000087700000, 0x0000000087700000| Untracked 
|  43|0x0000000087700000, 0x0000000087800000, 0x0000000087800000|100%| O|  |TAMS 0x0000000087800000, 0x0000000087800000| Untracked 
|  44|0x0000000087800000, 0x0000000087900000, 0x0000000087900000|100%| O|  |TAMS 0x0000000087900000, 0x0000000087900000| Untracked 
|  45|0x0000000087900000, 0x0000000087a00000, 0x0000000087a00000|100%| O|  |TAMS 0x0000000087900000, 0x0000000087a00000| Untracked 
|  46|0x0000000087a00000, 0x0000000087b00000, 0x0000000087b00000|100%| O|  |TAMS 0x0000000087a00000, 0x0000000087b00000| Untracked 
|  47|0x0000000087b00000, 0x0000000087c00000, 0x0000000087c00000|100%| O|  |TAMS 0x0000000087b00000, 0x0000000087c00000| Untracked 
|  48|0x0000000087c00000, 0x0000000087d00000, 0x0000000087d00000|100%| O|  |TAMS 0x0000000087c00000, 0x0000000087d00000| Untracked 
|  49|0x0000000087d00000, 0x0000000087e00000, 0x0000000087e00000|100%| O|  |TAMS 0x0000000087d00000, 0x0000000087e00000| Untracked 
|  50|0x0000000087e00000, 0x0000000087f00000, 0x0000000087f00000|100%| O|  |TAMS 0x0000000087e00000, 0x0000000087f00000| Untracked 
|  51|0x0000000087f00000, 0x0000000088000000, 0x0000000088000000|100%| O|  |TAMS 0x0000000087f00000, 0x0000000088000000| Untracked 
|  52|0x0000000088000000, 0x0000000088100000, 0x0000000088100000|100%| O|  |TAMS 0x0000000088100000, 0x0000000088100000| Untracked 
|  53|0x0000000088100000, 0x0000000088200000, 0x0000000088200000|100%| O|  |TAMS 0x0000000088200000, 0x0000000088200000| Untracked 
|  54|0x0000000088200000, 0x0000000088300000, 0x0000000088300000|100%| O|  |TAMS 0x0000000088300000, 0x0000000088300000| Untracked 
|  55|0x0000000088300000, 0x0000000088400000, 0x0000000088400000|100%| O|  |TAMS 0x0000000088400000, 0x0000000088400000| Untracked 
|  56|0x0000000088400000, 0x0000000088500000, 0x0000000088500000|100%| O|  |TAMS 0x0000000088500000, 0x0000000088500000| Untracked 
|  57|0x0000000088500000, 0x0000000088600000, 0x0000000088600000|100%| O|  |TAMS 0x0000000088600000, 0x0000000088600000| Untracked 
|  58|0x0000000088600000, 0x0000000088700000, 0x0000000088700000|100%| O|  |TAMS 0x0000000088700000, 0x0000000088700000| Untracked 
|  59|0x0000000088700000, 0x0000000088800000, 0x0000000088800000|100%| O|  |TAMS 0x0000000088800000, 0x0000000088800000| Untracked 
|  60|0x0000000088800000, 0x0000000088900000, 0x0000000088900000|100%| O|  |TAMS 0x0000000088800000, 0x0000000088900000| Untracked 
|  61|0x0000000088900000, 0x0000000088a00000, 0x0000000088a00000|100%| O|  |TAMS 0x0000000088900000, 0x0000000088a00000| Untracked 
|  62|0x0000000088a00000, 0x0000000088b00000, 0x0000000088b00000|100%| O|  |TAMS 0x0000000088a00000, 0x0000000088b00000| Untracked 
|  63|0x0000000088b00000, 0x0000000088c00000, 0x0000000088c00000|100%| O|  |TAMS 0x0000000088c00000, 0x0000000088c00000| Untracked 
|  64|0x0000000088c00000, 0x0000000088d00000, 0x0000000088d00000|100%| O|  |TAMS 0x0000000088c00000, 0x0000000088d00000| Untracked 
|  65|0x0000000088d00000, 0x0000000088e00000, 0x0000000088e00000|100%| O|  |TAMS 0x0000000088d00000, 0x0000000088e00000| Untracked 
|  66|0x0000000088e00000, 0x0000000088f00000, 0x0000000088f00000|100%| O|  |TAMS 0x0000000088e00000, 0x0000000088f00000| Untracked 
|  67|0x0000000088f00000, 0x0000000089000000, 0x0000000089000000|100%| O|  |TAMS 0x0000000088f00000, 0x0000000089000000| Untracked 
|  68|0x0000000089000000, 0x0000000089100000, 0x0000000089100000|100%| O|  |TAMS 0x0000000089000000, 0x0000000089100000| Untracked 
|  69|0x0000000089100000, 0x0000000089200000, 0x0000000089200000|100%| O|  |TAMS 0x0000000089100000, 0x0000000089200000| Untracked 
|  70|0x0000000089200000, 0x0000000089300000, 0x0000000089300000|100%| O|  |TAMS 0x0000000089200000, 0x0000000089300000| Untracked 
|  71|0x0000000089300000, 0x0000000089400000, 0x0000000089400000|100%| O|  |TAMS 0x0000000089300000, 0x0000000089400000| Untracked 
|  72|0x0000000089400000, 0x0000000089500000, 0x0000000089500000|100%| O|  |TAMS 0x0000000089400000, 0x0000000089500000| Untracked 
|  73|0x0000000089500000, 0x0000000089600000, 0x0000000089600000|100%| O|  |TAMS 0x0000000089600000, 0x0000000089600000| Untracked 
|  74|0x0000000089600000, 0x0000000089700000, 0x0000000089700000|100%| O|  |TAMS 0x0000000089700000, 0x0000000089700000| Untracked 
|  75|0x0000000089700000, 0x0000000089800000, 0x0000000089800000|100%| O|  |TAMS 0x0000000089700000, 0x0000000089800000| Untracked 
|  76|0x0000000089800000, 0x0000000089900000, 0x0000000089900000|100%| O|  |TAMS 0x0000000089800000, 0x0000000089900000| Untracked 
|  77|0x0000000089900000, 0x0000000089a00000, 0x0000000089a00000|100%| O|  |TAMS 0x0000000089900000, 0x0000000089a00000| Untracked 
|  78|0x0000000089a00000, 0x0000000089b00000, 0x0000000089b00000|100%| O|  |TAMS 0x0000000089a00000, 0x0000000089b00000| Untracked 
|  79|0x0000000089b00000, 0x0000000089c00000, 0x0000000089c00000|100%| O|  |TAMS 0x0000000089c00000, 0x0000000089c00000| Untracked 
|  80|0x0000000089c00000, 0x0000000089d00000, 0x0000000089d00000|100%| O|  |TAMS 0x0000000089d00000, 0x0000000089d00000| Untracked 
|  81|0x0000000089d00000, 0x0000000089e00000, 0x0000000089e00000|100%| O|  |TAMS 0x0000000089e00000, 0x0000000089e00000| Untracked 
|  82|0x0000000089e00000, 0x0000000089f00000, 0x0000000089f00000|100%| O|  |TAMS 0x0000000089f00000, 0x0000000089f00000| Untracked 
|  83|0x0000000089f00000, 0x000000008a000000, 0x000000008a000000|100%| O|  |TAMS 0x000000008a000000, 0x000000008a000000| Untracked 
|  84|0x000000008a000000, 0x000000008a100000, 0x000000008a100000|100%| O|  |TAMS 0x000000008a100000, 0x000000008a100000| Untracked 
|  85|0x000000008a100000, 0x000000008a200000, 0x000000008a200000|100%| O|  |TAMS 0x000000008a200000, 0x000000008a200000| Untracked 
|  86|0x000000008a200000, 0x000000008a300000, 0x000000008a300000|100%| O|  |TAMS 0x000000008a300000, 0x000000008a300000| Untracked 
|  87|0x000000008a300000, 0x000000008a400000, 0x000000008a400000|100%| O|  |TAMS 0x000000008a400000, 0x000000008a400000| Untracked 
|  88|0x000000008a400000, 0x000000008a500000, 0x000000008a500000|100%| O|  |TAMS 0x000000008a500000, 0x000000008a500000| Untracked 
|  89|0x000000008a500000, 0x000000008a600000, 0x000000008a600000|100%| O|  |TAMS 0x000000008a600000, 0x000000008a600000| Untracked 
|  90|0x000000008a600000, 0x000000008a700000, 0x000000008a700000|100%| O|  |TAMS 0x000000008a700000, 0x000000008a700000| Untracked 
|  91|0x000000008a700000, 0x000000008a800000, 0x000000008a800000|100%| O|  |TAMS 0x000000008a800000, 0x000000008a800000| Untracked 
|  92|0x000000008a800000, 0x000000008a900000, 0x000000008a900000|100%| O|  |TAMS 0x000000008a900000, 0x000000008a900000| Untracked 
|  93|0x000000008a900000, 0x000000008aa00000, 0x000000008aa00000|100%| O|  |TAMS 0x000000008aa00000, 0x000000008aa00000| Untracked 
|  94|0x000000008aa00000, 0x000000008ab00000, 0x000000008ab00000|100%| O|  |TAMS 0x000000008ab00000, 0x000000008ab00000| Untracked 
|  95|0x000000008ab00000, 0x000000008ac00000, 0x000000008ac00000|100%| O|  |TAMS 0x000000008ac00000, 0x000000008ac00000| Untracked 
|  96|0x000000008ac00000, 0x000000008ad00000, 0x000000008ad00000|100%| O|  |TAMS 0x000000008ad00000, 0x000000008ad00000| Untracked 
|  97|0x000000008ad00000, 0x000000008ae00000, 0x000000008ae00000|100%| O|  |TAMS 0x000000008ae00000, 0x000000008ae00000| Untracked 
|  98|0x000000008ae00000, 0x000000008af00000, 0x000000008af00000|100%| O|  |TAMS 0x000000008af00000, 0x000000008af00000| Untracked 
|  99|0x000000008af00000, 0x000000008b000000, 0x000000008b000000|100%| O|  |TAMS 0x000000008b000000, 0x000000008b000000| Untracked 
| 100|0x000000008b000000, 0x000000008b100000, 0x000000008b100000|100%| O|  |TAMS 0x000000008b100000, 0x000000008b100000| Untracked 
| 101|0x000000008b100000, 0x000000008b200000, 0x000000008b200000|100%| O|  |TAMS 0x000000008b200000, 0x000000008b200000| Untracked 
| 102|0x000000008b200000, 0x000000008b300000, 0x000000008b300000|100%| O|  |TAMS 0x000000008b300000, 0x000000008b300000| Untracked 
| 103|0x000000008b300000, 0x000000008b400000, 0x000000008b400000|100%| O|  |TAMS 0x000000008b400000, 0x000000008b400000| Untracked 
| 104|0x000000008b400000, 0x000000008b500000, 0x000000008b500000|100%| O|  |TAMS 0x000000008b500000, 0x000000008b500000| Untracked 
| 105|0x000000008b500000, 0x000000008b600000, 0x000000008b600000|100%| O|  |TAMS 0x000000008b600000, 0x000000008b600000| Untracked 
| 106|0x000000008b600000, 0x000000008b700000, 0x000000008b700000|100%| O|  |TAMS 0x000000008b700000, 0x000000008b700000| Untracked 
| 107|0x000000008b700000, 0x000000008b800000, 0x000000008b800000|100%| O|  |TAMS 0x000000008b800000, 0x000000008b800000| Untracked 
| 108|0x000000008b800000, 0x000000008b900000, 0x000000008b900000|100%| O|  |TAMS 0x000000008b900000, 0x000000008b900000| Untracked 
| 109|0x000000008b900000, 0x000000008ba00000, 0x000000008ba00000|100%| O|  |TAMS 0x000000008ba00000, 0x000000008ba00000| Untracked 
| 110|0x000000008ba00000, 0x000000008bb00000, 0x000000008bb00000|100%| O|  |TAMS 0x000000008bb00000, 0x000000008bb00000| Untracked 
| 111|0x000000008bb00000, 0x000000008bc00000, 0x000000008bc00000|100%| O|  |TAMS 0x000000008bc00000, 0x000000008bc00000| Untracked 
| 112|0x000000008bc00000, 0x000000008bd00000, 0x000000008bd00000|100%| O|  |TAMS 0x000000008bd00000, 0x000000008bd00000| Untracked 
| 113|0x000000008bd00000, 0x000000008be00000, 0x000000008be00000|100%| O|  |TAMS 0x000000008be00000, 0x000000008be00000| Untracked 
| 114|0x000000008be00000, 0x000000008bf00000, 0x000000008bf00000|100%| O|  |TAMS 0x000000008bf00000, 0x000000008bf00000| Untracked 
| 115|0x000000008bf00000, 0x000000008c000000, 0x000000008c000000|100%| O|  |TAMS 0x000000008c000000, 0x000000008c000000| Untracked 
| 116|0x000000008c000000, 0x000000008c100000, 0x000000008c100000|100%| O|  |TAMS 0x000000008c100000, 0x000000008c100000| Untracked 
| 117|0x000000008c100000, 0x000000008c200000, 0x000000008c200000|100%| O|  |TAMS 0x000000008c200000, 0x000000008c200000| Untracked 
| 118|0x000000008c200000, 0x000000008c300000, 0x000000008c300000|100%| O|  |TAMS 0x000000008c300000, 0x000000008c300000| Untracked 
| 119|0x000000008c300000, 0x000000008c400000, 0x000000008c400000|100%| O|  |TAMS 0x000000008c400000, 0x000000008c400000| Untracked 
| 120|0x000000008c400000, 0x000000008c500000, 0x000000008c500000|100%| O|  |TAMS 0x000000008c500000, 0x000000008c500000| Untracked 
| 121|0x000000008c500000, 0x000000008c600000, 0x000000008c600000|100%| O|  |TAMS 0x000000008c600000, 0x000000008c600000| Untracked 
| 122|0x000000008c600000, 0x000000008c700000, 0x000000008c700000|100%| O|  |TAMS 0x000000008c700000, 0x000000008c700000| Untracked 
| 123|0x000000008c700000, 0x000000008c800000, 0x000000008c800000|100%| O|  |TAMS 0x000000008c800000, 0x000000008c800000| Untracked 
| 124|0x000000008c800000, 0x000000008c900000, 0x000000008c900000|100%| O|  |TAMS 0x000000008c900000, 0x000000008c900000| Untracked 
| 125|0x000000008c900000, 0x000000008ca00000, 0x000000008ca00000|100%| O|  |TAMS 0x000000008ca00000, 0x000000008ca00000| Untracked 
| 126|0x000000008ca00000, 0x000000008cb00000, 0x000000008cb00000|100%| O|  |TAMS 0x000000008cb00000, 0x000000008cb00000| Untracked 
| 127|0x000000008cb00000, 0x000000008cc00000, 0x000000008cc00000|100%| O|  |TAMS 0x000000008cc00000, 0x000000008cc00000| Untracked 
| 128|0x000000008cc00000, 0x000000008cd00000, 0x000000008cd00000|100%| O|  |TAMS 0x000000008cd00000, 0x000000008cd00000| Untracked 
| 129|0x000000008cd00000, 0x000000008ce00000, 0x000000008ce00000|100%| O|  |TAMS 0x000000008ce00000, 0x000000008ce00000| Untracked 
| 130|0x000000008ce00000, 0x000000008cf00000, 0x000000008cf00000|100%| O|  |TAMS 0x000000008cf00000, 0x000000008cf00000| Untracked 
| 131|0x000000008cf00000, 0x000000008d000000, 0x000000008d000000|100%| O|  |TAMS 0x000000008cf5aa00, 0x000000008d000000| Untracked 
| 132|0x000000008d000000, 0x000000008d100000, 0x000000008d100000|100%| O|  |TAMS 0x000000008d000000, 0x000000008d100000| Untracked 
| 133|0x000000008d100000, 0x000000008d200000, 0x000000008d200000|100%| O|  |TAMS 0x000000008d100000, 0x000000008d200000| Untracked 
| 134|0x000000008d200000, 0x000000008d300000, 0x000000008d300000|100%| O|  |TAMS 0x000000008d200000, 0x000000008d300000| Untracked 
| 135|0x000000008d300000, 0x000000008d400000, 0x000000008d400000|100%| O|  |TAMS 0x000000008d300000, 0x000000008d400000| Untracked 
| 136|0x000000008d400000, 0x000000008d500000, 0x000000008d500000|100%| O|  |TAMS 0x000000008d400000, 0x000000008d500000| Untracked 
| 137|0x000000008d500000, 0x000000008d600000, 0x000000008d600000|100%| O|  |TAMS 0x000000008d500000, 0x000000008d600000| Untracked 
| 138|0x000000008d600000, 0x000000008d700000, 0x000000008d700000|100%| O|  |TAMS 0x000000008d600000, 0x000000008d700000| Untracked 
| 139|0x000000008d700000, 0x000000008d800000, 0x000000008d800000|100%| O|  |TAMS 0x000000008d700000, 0x000000008d800000| Untracked 
| 140|0x000000008d800000, 0x000000008d900000, 0x000000008d900000|100%| O|  |TAMS 0x000000008d800000, 0x000000008d900000| Untracked 
| 141|0x000000008d900000, 0x000000008da00000, 0x000000008da00000|100%| O|  |TAMS 0x000000008d900000, 0x000000008da00000| Untracked 
| 142|0x000000008da00000, 0x000000008db00000, 0x000000008db00000|100%| O|  |TAMS 0x000000008da00000, 0x000000008db00000| Untracked 
| 143|0x000000008db00000, 0x000000008dc00000, 0x000000008dc00000|100%| O|  |TAMS 0x000000008db00000, 0x000000008dc00000| Untracked 
| 144|0x000000008dc00000, 0x000000008dd00000, 0x000000008dd00000|100%| O|  |TAMS 0x000000008dc00000, 0x000000008dd00000| Untracked 
| 145|0x000000008dd00000, 0x000000008de00000, 0x000000008de00000|100%| O|  |TAMS 0x000000008dd00000, 0x000000008de00000| Untracked 
| 146|0x000000008de00000, 0x000000008df00000, 0x000000008df00000|100%| O|  |TAMS 0x000000008de00000, 0x000000008df00000| Untracked 
| 147|0x000000008df00000, 0x000000008e000000, 0x000000008e000000|100%| O|  |TAMS 0x000000008df00000, 0x000000008e000000| Untracked 
| 148|0x000000008e000000, 0x000000008e100000, 0x000000008e100000|100%| O|  |TAMS 0x000000008e000000, 0x000000008e100000| Untracked 
| 149|0x000000008e100000, 0x000000008e200000, 0x000000008e200000|100%| O|  |TAMS 0x000000008e100000, 0x000000008e200000| Untracked 
| 150|0x000000008e200000, 0x000000008e300000, 0x000000008e300000|100%| O|  |TAMS 0x000000008e200000, 0x000000008e300000| Untracked 
| 151|0x000000008e300000, 0x000000008e400000, 0x000000008e400000|100%| O|  |TAMS 0x000000008e300000, 0x000000008e400000| Untracked 
| 152|0x000000008e400000, 0x000000008e500000, 0x000000008e500000|100%| O|  |TAMS 0x000000008e400000, 0x000000008e500000| Untracked 
| 153|0x000000008e500000, 0x000000008e600000, 0x000000008e600000|100%| O|  |TAMS 0x000000008e500000, 0x000000008e600000| Untracked 
| 154|0x000000008e600000, 0x000000008e700000, 0x000000008e700000|100%| O|  |TAMS 0x000000008e600000, 0x000000008e700000| Untracked 
| 155|0x000000008e700000, 0x000000008e800000, 0x000000008e800000|100%| O|  |TAMS 0x000000008e700000, 0x000000008e800000| Untracked 
| 156|0x000000008e800000, 0x000000008e900000, 0x000000008e900000|100%| O|  |TAMS 0x000000008e800000, 0x000000008e900000| Untracked 
| 157|0x000000008e900000, 0x000000008ea00000, 0x000000008ea00000|100%| O|  |TAMS 0x000000008e900000, 0x000000008ea00000| Untracked 
| 158|0x000000008ea00000, 0x000000008eb00000, 0x000000008eb00000|100%| O|  |TAMS 0x000000008ea00000, 0x000000008eb00000| Untracked 
| 159|0x000000008eb00000, 0x000000008ec00000, 0x000000008ec00000|100%| O|  |TAMS 0x000000008eb00000, 0x000000008ec00000| Untracked 
| 160|0x000000008ec00000, 0x000000008ed00000, 0x000000008ed00000|100%| O|  |TAMS 0x000000008ec00000, 0x000000008ed00000| Untracked 
| 161|0x000000008ed00000, 0x000000008ee00000, 0x000000008ee00000|100%| O|  |TAMS 0x000000008ed00000, 0x000000008ee00000| Untracked 
| 162|0x000000008ee00000, 0x000000008ef00000, 0x000000008ef00000|100%| O|  |TAMS 0x000000008ee00000, 0x000000008ef00000| Untracked 
| 163|0x000000008ef00000, 0x000000008f000000, 0x000000008f000000|100%| O|  |TAMS 0x000000008ef00000, 0x000000008f000000| Untracked 
| 164|0x000000008f000000, 0x000000008f100000, 0x000000008f100000|100%| O|  |TAMS 0x000000008f000000, 0x000000008f100000| Untracked 
| 165|0x000000008f100000, 0x000000008f200000, 0x000000008f200000|100%| O|  |TAMS 0x000000008f100000, 0x000000008f200000| Untracked 
| 166|0x000000008f200000, 0x000000008f300000, 0x000000008f300000|100%| O|  |TAMS 0x000000008f200000, 0x000000008f300000| Untracked 
| 167|0x000000008f300000, 0x000000008f400000, 0x000000008f400000|100%| O|  |TAMS 0x000000008f300000, 0x000000008f400000| Untracked 
| 168|0x000000008f400000, 0x000000008f500000, 0x000000008f500000|100%| O|  |TAMS 0x000000008f400000, 0x000000008f500000| Untracked 
| 169|0x000000008f500000, 0x000000008f600000, 0x000000008f600000|100%| O|  |TAMS 0x000000008f500000, 0x000000008f600000| Untracked 
| 170|0x000000008f600000, 0x000000008f700000, 0x000000008f700000|100%| O|  |TAMS 0x000000008f600000, 0x000000008f700000| Untracked 
| 171|0x000000008f700000, 0x000000008f800000, 0x000000008f800000|100%| O|  |TAMS 0x000000008f700000, 0x000000008f800000| Untracked 
| 172|0x000000008f800000, 0x000000008f900000, 0x000000008f900000|100%| O|  |TAMS 0x000000008f800000, 0x000000008f900000| Untracked 
| 173|0x000000008f900000, 0x000000008fa00000, 0x000000008fa00000|100%| O|  |TAMS 0x000000008f900000, 0x000000008fa00000| Untracked 
| 174|0x000000008fa00000, 0x000000008fb00000, 0x000000008fb00000|100%| O|  |TAMS 0x000000008fa00000, 0x000000008fb00000| Untracked 
| 175|0x000000008fb00000, 0x000000008fc00000, 0x000000008fc00000|100%| O|  |TAMS 0x000000008fb00000, 0x000000008fc00000| Untracked 
| 176|0x000000008fc00000, 0x000000008fd00000, 0x000000008fd00000|100%| O|  |TAMS 0x000000008fc00000, 0x000000008fd00000| Untracked 
| 177|0x000000008fd00000, 0x000000008fe00000, 0x000000008fe00000|100%| O|  |TAMS 0x000000008fd00000, 0x000000008fe00000| Untracked 
| 178|0x000000008fe00000, 0x000000008ff00000, 0x000000008ff00000|100%| O|  |TAMS 0x000000008fe00000, 0x000000008ff00000| Untracked 
| 179|0x000000008ff00000, 0x0000000090000000, 0x0000000090000000|100%| O|  |TAMS 0x000000008ff00000, 0x0000000090000000| Untracked 
| 180|0x0000000090000000, 0x0000000090100000, 0x0000000090100000|100%| O|  |TAMS 0x0000000090000000, 0x0000000090100000| Untracked 
| 181|0x0000000090100000, 0x0000000090200000, 0x0000000090200000|100%| O|  |TAMS 0x0000000090100000, 0x0000000090200000| Untracked 
| 182|0x0000000090200000, 0x0000000090300000, 0x0000000090300000|100%| O|  |TAMS 0x0000000090200000, 0x0000000090300000| Untracked 
| 183|0x0000000090300000, 0x0000000090400000, 0x0000000090400000|100%| O|  |TAMS 0x0000000090300000, 0x0000000090400000| Untracked 
| 184|0x0000000090400000, 0x0000000090500000, 0x0000000090500000|100%| O|  |TAMS 0x0000000090400000, 0x0000000090500000| Untracked 
| 185|0x0000000090500000, 0x0000000090600000, 0x0000000090600000|100%| O|  |TAMS 0x0000000090500000, 0x0000000090600000| Untracked 
| 186|0x0000000090600000, 0x0000000090700000, 0x0000000090700000|100%| O|  |TAMS 0x0000000090600000, 0x0000000090700000| Untracked 
| 187|0x0000000090700000, 0x0000000090800000, 0x0000000090800000|100%| O|  |TAMS 0x0000000090700000, 0x0000000090800000| Untracked 
| 188|0x0000000090800000, 0x0000000090900000, 0x0000000090900000|100%| O|  |TAMS 0x0000000090800000, 0x0000000090900000| Untracked 
| 189|0x0000000090900000, 0x0000000090a00000, 0x0000000090a00000|100%| O|  |TAMS 0x0000000090900000, 0x0000000090a00000| Untracked 
| 190|0x0000000090a00000, 0x0000000090b00000, 0x0000000090b00000|100%| O|  |TAMS 0x0000000090a00000, 0x0000000090b00000| Untracked 
| 191|0x0000000090b00000, 0x0000000090c00000, 0x0000000090c00000|100%| O|  |TAMS 0x0000000090b00000, 0x0000000090c00000| Untracked 
| 192|0x0000000090c00000, 0x0000000090d00000, 0x0000000090d00000|100%| O|  |TAMS 0x0000000090c00000, 0x0000000090d00000| Untracked 
| 193|0x0000000090d00000, 0x0000000090e00000, 0x0000000090e00000|100%| O|  |TAMS 0x0000000090d00000, 0x0000000090e00000| Untracked 
| 194|0x0000000090e00000, 0x0000000090f00000, 0x0000000090f00000|100%| O|  |TAMS 0x0000000090e00000, 0x0000000090f00000| Untracked 
| 195|0x0000000090f00000, 0x0000000091000000, 0x0000000091000000|100%| O|  |TAMS 0x0000000090f00000, 0x0000000091000000| Untracked 
| 196|0x0000000091000000, 0x0000000091100000, 0x0000000091100000|100%| O|  |TAMS 0x0000000091000000, 0x0000000091100000| Untracked 
| 197|0x0000000091100000, 0x0000000091200000, 0x0000000091200000|100%| O|  |TAMS 0x0000000091100000, 0x0000000091200000| Untracked 
| 198|0x0000000091200000, 0x0000000091300000, 0x0000000091300000|100%| O|  |TAMS 0x0000000091200000, 0x0000000091300000| Untracked 
| 199|0x0000000091300000, 0x0000000091400000, 0x0000000091400000|100%| O|  |TAMS 0x0000000091300000, 0x0000000091400000| Untracked 
| 200|0x0000000091400000, 0x0000000091500000, 0x0000000091500000|100%| O|  |TAMS 0x0000000091400000, 0x0000000091500000| Untracked 
| 201|0x0000000091500000, 0x0000000091600000, 0x0000000091600000|100%| O|  |TAMS 0x0000000091500000, 0x0000000091600000| Untracked 
| 202|0x0000000091600000, 0x0000000091700000, 0x0000000091700000|100%| O|  |TAMS 0x0000000091600000, 0x0000000091700000| Untracked 
| 203|0x0000000091700000, 0x0000000091800000, 0x0000000091800000|100%| O|  |TAMS 0x0000000091700000, 0x0000000091800000| Untracked 
| 204|0x0000000091800000, 0x0000000091900000, 0x0000000091900000|100%| O|  |TAMS 0x0000000091800000, 0x0000000091900000| Untracked 
| 205|0x0000000091900000, 0x0000000091a00000, 0x0000000091a00000|100%| O|  |TAMS 0x0000000091900000, 0x0000000091a00000| Untracked 
| 206|0x0000000091a00000, 0x0000000091b00000, 0x0000000091b00000|100%| O|  |TAMS 0x0000000091a00000, 0x0000000091b00000| Untracked 
| 207|0x0000000091b00000, 0x0000000091c00000, 0x0000000091c00000|100%| O|  |TAMS 0x0000000091b00000, 0x0000000091c00000| Untracked 
| 208|0x0000000091c00000, 0x0000000091d00000, 0x0000000091d00000|100%| O|  |TAMS 0x0000000091c00000, 0x0000000091d00000| Untracked 
| 209|0x0000000091d00000, 0x0000000091e00000, 0x0000000091e00000|100%| O|  |TAMS 0x0000000091d00000, 0x0000000091e00000| Untracked 
| 210|0x0000000091e00000, 0x0000000091f00000, 0x0000000091f00000|100%| O|  |TAMS 0x0000000091e00000, 0x0000000091f00000| Untracked 
| 211|0x0000000091f00000, 0x0000000092000000, 0x0000000092000000|100%| O|  |TAMS 0x0000000091f00000, 0x0000000092000000| Untracked 
| 212|0x0000000092000000, 0x0000000092100000, 0x0000000092100000|100%| O|  |TAMS 0x0000000092000000, 0x0000000092100000| Untracked 
| 213|0x0000000092100000, 0x0000000092200000, 0x0000000092200000|100%| O|  |TAMS 0x0000000092100000, 0x0000000092200000| Untracked 
| 214|0x0000000092200000, 0x0000000092300000, 0x0000000092300000|100%| O|  |TAMS 0x0000000092200000, 0x0000000092300000| Untracked 
| 215|0x0000000092300000, 0x0000000092400000, 0x0000000092400000|100%| O|  |TAMS 0x0000000092300000, 0x0000000092400000| Untracked 
| 216|0x0000000092400000, 0x0000000092500000, 0x0000000092500000|100%| O|  |TAMS 0x0000000092400000, 0x0000000092500000| Untracked 
| 217|0x0000000092500000, 0x0000000092600000, 0x0000000092600000|100%| O|  |TAMS 0x0000000092500000, 0x0000000092600000| Untracked 
| 218|0x0000000092600000, 0x0000000092700000, 0x0000000092700000|100%| O|  |TAMS 0x0000000092600000, 0x0000000092700000| Untracked 
| 219|0x0000000092700000, 0x0000000092800000, 0x0000000092800000|100%| O|  |TAMS 0x0000000092700000, 0x0000000092800000| Untracked 
| 220|0x0000000092800000, 0x0000000092900000, 0x0000000092900000|100%| O|  |TAMS 0x0000000092800000, 0x0000000092900000| Untracked 
| 221|0x0000000092900000, 0x0000000092a00000, 0x0000000092a00000|100%| O|  |TAMS 0x0000000092900000, 0x0000000092a00000| Untracked 
| 222|0x0000000092a00000, 0x0000000092b00000, 0x0000000092b00000|100%| O|  |TAMS 0x0000000092a00000, 0x0000000092b00000| Untracked 
| 223|0x0000000092b00000, 0x0000000092c00000, 0x0000000092c00000|100%| O|  |TAMS 0x0000000092b00000, 0x0000000092c00000| Untracked 
| 224|0x0000000092c00000, 0x0000000092d00000, 0x0000000092d00000|100%| O|  |TAMS 0x0000000092c00000, 0x0000000092d00000| Untracked 
| 225|0x0000000092d00000, 0x0000000092e00000, 0x0000000092e00000|100%| O|  |TAMS 0x0000000092d00000, 0x0000000092e00000| Untracked 
| 226|0x0000000092e00000, 0x0000000092f00000, 0x0000000092f00000|100%| O|  |TAMS 0x0000000092e00000, 0x0000000092f00000| Untracked 
| 227|0x0000000092f00000, 0x0000000093000000, 0x0000000093000000|100%| O|  |TAMS 0x0000000092f00000, 0x0000000093000000| Untracked 
| 228|0x0000000093000000, 0x0000000093100000, 0x0000000093100000|100%| O|  |TAMS 0x0000000093000000, 0x0000000093100000| Untracked 
| 229|0x0000000093100000, 0x0000000093200000, 0x0000000093200000|100%| O|  |TAMS 0x0000000093100000, 0x0000000093200000| Untracked 
| 230|0x0000000093200000, 0x0000000093300000, 0x0000000093300000|100%| O|  |TAMS 0x0000000093200000, 0x0000000093300000| Untracked 
| 231|0x0000000093300000, 0x0000000093400000, 0x0000000093400000|100%| O|  |TAMS 0x0000000093300000, 0x0000000093400000| Untracked 
| 232|0x0000000093400000, 0x0000000093480000, 0x0000000093500000| 50%| O|  |TAMS 0x0000000093400000, 0x0000000093480000| Untracked 
| 233|0x0000000093500000, 0x0000000093500000, 0x0000000093600000|  0%| F|  |TAMS 0x0000000093500000, 0x0000000093500000| Untracked 
| 234|0x0000000093600000, 0x0000000093600000, 0x0000000093700000|  0%| F|  |TAMS 0x0000000093600000, 0x0000000093600000| Untracked 
| 235|0x0000000093700000, 0x0000000093700000, 0x0000000093800000|  0%| F|  |TAMS 0x0000000093700000, 0x0000000093700000| Untracked 
| 236|0x0000000093800000, 0x0000000093800000, 0x0000000093900000|  0%| F|  |TAMS 0x0000000093800000, 0x0000000093800000| Untracked 
| 237|0x0000000093900000, 0x0000000093900000, 0x0000000093a00000|  0%| F|  |TAMS 0x0000000093900000, 0x0000000093900000| Untracked 
| 238|0x0000000093a00000, 0x0000000093a00000, 0x0000000093b00000|  0%| F|  |TAMS 0x0000000093a00000, 0x0000000093a00000| Untracked 
| 239|0x0000000093b00000, 0x0000000093b00000, 0x0000000093c00000|  0%| F|  |TAMS 0x0000000093b00000, 0x0000000093b00000| Untracked 
| 240|0x0000000093c00000, 0x0000000093c00000, 0x0000000093d00000|  0%| F|  |TAMS 0x0000000093c00000, 0x0000000093c00000| Untracked 
| 241|0x0000000093d00000, 0x0000000093d00000, 0x0000000093e00000|  0%| F|  |TAMS 0x0000000093d00000, 0x0000000093d00000| Untracked 
| 242|0x0000000093e00000, 0x0000000093e00000, 0x0000000093f00000|  0%| F|  |TAMS 0x0000000093e00000, 0x0000000093e00000| Untracked 
| 243|0x0000000093f00000, 0x0000000093f00000, 0x0000000094000000|  0%| F|  |TAMS 0x0000000093f00000, 0x0000000093f00000| Untracked 
| 244|0x0000000094000000, 0x0000000094000000, 0x0000000094100000|  0%| F|  |TAMS 0x0000000094000000, 0x0000000094000000| Untracked 
| 245|0x0000000094100000, 0x0000000094100000, 0x0000000094200000|  0%| F|  |TAMS 0x0000000094100000, 0x0000000094100000| Untracked 
| 246|0x0000000094200000, 0x0000000094200000, 0x0000000094300000|  0%| F|  |TAMS 0x0000000094200000, 0x0000000094200000| Untracked 
| 247|0x0000000094300000, 0x0000000094300000, 0x0000000094400000|  0%| F|  |TAMS 0x0000000094300000, 0x0000000094300000| Untracked 
| 248|0x0000000094400000, 0x0000000094400000, 0x0000000094500000|  0%| F|  |TAMS 0x0000000094400000, 0x0000000094400000| Untracked 
| 249|0x0000000094500000, 0x0000000094500000, 0x0000000094600000|  0%| F|  |TAMS 0x0000000094500000, 0x0000000094500000| Untracked 
| 250|0x0000000094600000, 0x0000000094600000, 0x0000000094700000|  0%| F|  |TAMS 0x0000000094600000, 0x0000000094600000| Untracked 
| 251|0x0000000094700000, 0x0000000094700000, 0x0000000094800000|  0%| F|  |TAMS 0x0000000094700000, 0x0000000094700000| Untracked 
| 252|0x0000000094800000, 0x0000000094800000, 0x0000000094900000|  0%| F|  |TAMS 0x0000000094800000, 0x0000000094800000| Untracked 
| 253|0x0000000094900000, 0x0000000094900000, 0x0000000094a00000|  0%| F|  |TAMS 0x0000000094900000, 0x0000000094900000| Untracked 
| 254|0x0000000094a00000, 0x0000000094a00000, 0x0000000094b00000|  0%| F|  |TAMS 0x0000000094a00000, 0x0000000094a00000| Untracked 
| 255|0x0000000094b00000, 0x0000000094b00000, 0x0000000094c00000|  0%| F|  |TAMS 0x0000000094b00000, 0x0000000094b00000| Untracked 
| 256|0x0000000094c00000, 0x0000000094c00000, 0x0000000094d00000|  0%| F|  |TAMS 0x0000000094c00000, 0x0000000094c00000| Untracked 
| 257|0x0000000094d00000, 0x0000000094d00000, 0x0000000094e00000|  0%| F|  |TAMS 0x0000000094d00000, 0x0000000094d00000| Untracked 
| 258|0x0000000094e00000, 0x0000000094e00000, 0x0000000094f00000|  0%| F|  |TAMS 0x0000000094e00000, 0x0000000094e00000| Untracked 
| 259|0x0000000094f00000, 0x0000000094f00000, 0x0000000095000000|  0%| F|  |TAMS 0x0000000094f00000, 0x0000000094f00000| Untracked 
| 260|0x0000000095000000, 0x0000000095000000, 0x0000000095100000|  0%| F|  |TAMS 0x0000000095000000, 0x0000000095000000| Untracked 
| 261|0x0000000095100000, 0x0000000095100000, 0x0000000095200000|  0%| F|  |TAMS 0x0000000095100000, 0x0000000095100000| Untracked 
| 262|0x0000000095200000, 0x0000000095200000, 0x0000000095300000|  0%| F|  |TAMS 0x0000000095200000, 0x0000000095200000| Untracked 
| 263|0x0000000095300000, 0x0000000095300000, 0x0000000095400000|  0%| F|  |TAMS 0x0000000095300000, 0x0000000095300000| Untracked 
| 264|0x0000000095400000, 0x0000000095400000, 0x0000000095500000|  0%| F|  |TAMS 0x0000000095400000, 0x0000000095400000| Untracked 
| 265|0x0000000095500000, 0x0000000095500000, 0x0000000095600000|  0%| F|  |TAMS 0x0000000095500000, 0x0000000095500000| Untracked 
| 266|0x0000000095600000, 0x0000000095600000, 0x0000000095700000|  0%| F|  |TAMS 0x0000000095600000, 0x0000000095600000| Untracked 
| 267|0x0000000095700000, 0x0000000095700000, 0x0000000095800000|  0%| F|  |TAMS 0x0000000095700000, 0x0000000095700000| Untracked 
| 268|0x0000000095800000, 0x0000000095800000, 0x0000000095900000|  0%| F|  |TAMS 0x0000000095800000, 0x0000000095800000| Untracked 
| 269|0x0000000095900000, 0x0000000095900000, 0x0000000095a00000|  0%| F|  |TAMS 0x0000000095900000, 0x0000000095900000| Untracked 
| 270|0x0000000095a00000, 0x0000000095a00000, 0x0000000095b00000|  0%| F|  |TAMS 0x0000000095a00000, 0x0000000095a00000| Untracked 
| 271|0x0000000095b00000, 0x0000000095b00000, 0x0000000095c00000|  0%| F|  |TAMS 0x0000000095b00000, 0x0000000095b00000| Untracked 
| 272|0x0000000095c00000, 0x0000000095c00000, 0x0000000095d00000|  0%| F|  |TAMS 0x0000000095c00000, 0x0000000095c00000| Untracked 
| 273|0x0000000095d00000, 0x0000000095d00000, 0x0000000095e00000|  0%| F|  |TAMS 0x0000000095d00000, 0x0000000095d00000| Untracked 
| 274|0x0000000095e00000, 0x0000000095e00000, 0x0000000095f00000|  0%| F|  |TAMS 0x0000000095e00000, 0x0000000095e00000| Untracked 
| 275|0x0000000095f00000, 0x0000000095f00000, 0x0000000096000000|  0%| F|  |TAMS 0x0000000095f00000, 0x0000000095f00000| Untracked 
| 276|0x0000000096000000, 0x0000000096000000, 0x0000000096100000|  0%| F|  |TAMS 0x0000000096000000, 0x0000000096000000| Untracked 
| 277|0x0000000096100000, 0x0000000096100000, 0x0000000096200000|  0%| F|  |TAMS 0x0000000096100000, 0x0000000096100000| Untracked 
| 278|0x0000000096200000, 0x0000000096200000, 0x0000000096300000|  0%| F|  |TAMS 0x0000000096200000, 0x0000000096200000| Untracked 
| 279|0x0000000096300000, 0x0000000096300000, 0x0000000096400000|  0%| F|  |TAMS 0x0000000096300000, 0x0000000096300000| Untracked 
| 280|0x0000000096400000, 0x0000000096400000, 0x0000000096500000|  0%| F|  |TAMS 0x0000000096400000, 0x0000000096400000| Untracked 
| 281|0x0000000096500000, 0x0000000096500000, 0x0000000096600000|  0%| F|  |TAMS 0x0000000096500000, 0x0000000096500000| Untracked 
| 282|0x0000000096600000, 0x0000000096600000, 0x0000000096700000|  0%| F|  |TAMS 0x0000000096600000, 0x0000000096600000| Untracked 
| 283|0x0000000096700000, 0x0000000096700000, 0x0000000096800000|  0%| F|  |TAMS 0x0000000096700000, 0x0000000096700000| Untracked 
| 284|0x0000000096800000, 0x0000000096800000, 0x0000000096900000|  0%| F|  |TAMS 0x0000000096800000, 0x0000000096800000| Untracked 
| 285|0x0000000096900000, 0x0000000096900000, 0x0000000096a00000|  0%| F|  |TAMS 0x0000000096900000, 0x0000000096900000| Untracked 
| 286|0x0000000096a00000, 0x0000000096a00000, 0x0000000096b00000|  0%| F|  |TAMS 0x0000000096a00000, 0x0000000096a00000| Untracked 
| 287|0x0000000096b00000, 0x0000000096b00000, 0x0000000096c00000|  0%| F|  |TAMS 0x0000000096b00000, 0x0000000096b00000| Untracked 
| 288|0x0000000096c00000, 0x0000000096c00000, 0x0000000096d00000|  0%| F|  |TAMS 0x0000000096c00000, 0x0000000096c00000| Untracked 
| 289|0x0000000096d00000, 0x0000000096d00000, 0x0000000096e00000|  0%| F|  |TAMS 0x0000000096d00000, 0x0000000096d00000| Untracked 
| 290|0x0000000096e00000, 0x0000000096e00000, 0x0000000096f00000|  0%| F|  |TAMS 0x0000000096e00000, 0x0000000096e00000| Untracked 
| 291|0x0000000096f00000, 0x0000000096f00000, 0x0000000097000000|  0%| F|  |TAMS 0x0000000096f00000, 0x0000000096f00000| Untracked 
| 292|0x0000000097000000, 0x0000000097000000, 0x0000000097100000|  0%| F|  |TAMS 0x0000000097000000, 0x0000000097000000| Untracked 
| 293|0x0000000097100000, 0x0000000097100000, 0x0000000097200000|  0%| F|  |TAMS 0x0000000097100000, 0x0000000097100000| Untracked 
| 294|0x0000000097200000, 0x0000000097200000, 0x0000000097300000|  0%| F|  |TAMS 0x0000000097200000, 0x0000000097200000| Untracked 
| 295|0x0000000097300000, 0x0000000097300000, 0x0000000097400000|  0%| F|  |TAMS 0x0000000097300000, 0x0000000097300000| Untracked 
| 296|0x0000000097400000, 0x0000000097400000, 0x0000000097500000|  0%| F|  |TAMS 0x0000000097400000, 0x0000000097400000| Untracked 
| 297|0x0000000097500000, 0x0000000097500000, 0x0000000097600000|  0%| F|  |TAMS 0x0000000097500000, 0x0000000097500000| Untracked 
| 298|0x0000000097600000, 0x0000000097600000, 0x0000000097700000|  0%| F|  |TAMS 0x0000000097600000, 0x0000000097600000| Untracked 
| 299|0x0000000097700000, 0x0000000097700000, 0x0000000097800000|  0%| F|  |TAMS 0x0000000097700000, 0x0000000097700000| Untracked 
| 300|0x0000000097800000, 0x0000000097800000, 0x0000000097900000|  0%| F|  |TAMS 0x0000000097800000, 0x0000000097800000| Untracked 
| 301|0x0000000097900000, 0x0000000097900000, 0x0000000097a00000|  0%| F|  |TAMS 0x0000000097900000, 0x0000000097900000| Untracked 
| 302|0x0000000097a00000, 0x0000000097a00000, 0x0000000097b00000|  0%| F|  |TAMS 0x0000000097a00000, 0x0000000097a00000| Untracked 
| 303|0x0000000097b00000, 0x0000000097b00000, 0x0000000097c00000|  0%| F|  |TAMS 0x0000000097b00000, 0x0000000097b00000| Untracked 
| 304|0x0000000097c00000, 0x0000000097c00000, 0x0000000097d00000|  0%| F|  |TAMS 0x0000000097c00000, 0x0000000097c00000| Untracked 
| 305|0x0000000097d00000, 0x0000000097d00000, 0x0000000097e00000|  0%| F|  |TAMS 0x0000000097d00000, 0x0000000097d00000| Untracked 
| 306|0x0000000097e00000, 0x0000000097e00000, 0x0000000097f00000|  0%| F|  |TAMS 0x0000000097e00000, 0x0000000097e00000| Untracked 
| 307|0x0000000097f00000, 0x0000000097f00000, 0x0000000098000000|  0%| F|  |TAMS 0x0000000097f00000, 0x0000000097f00000| Untracked 
| 308|0x0000000098000000, 0x0000000098000000, 0x0000000098100000|  0%| F|  |TAMS 0x0000000098000000, 0x0000000098000000| Untracked 
| 309|0x0000000098100000, 0x0000000098100000, 0x0000000098200000|  0%| F|  |TAMS 0x0000000098100000, 0x0000000098100000| Untracked 
| 310|0x0000000098200000, 0x0000000098200000, 0x0000000098300000|  0%| F|  |TAMS 0x0000000098200000, 0x0000000098200000| Untracked 
| 311|0x0000000098300000, 0x0000000098300000, 0x0000000098400000|  0%| F|  |TAMS 0x0000000098300000, 0x0000000098300000| Untracked 
| 312|0x0000000098400000, 0x0000000098400000, 0x0000000098500000|  0%| F|  |TAMS 0x0000000098400000, 0x0000000098400000| Untracked 
| 313|0x0000000098500000, 0x0000000098500000, 0x0000000098600000|  0%| F|  |TAMS 0x0000000098500000, 0x0000000098500000| Untracked 
| 314|0x0000000098600000, 0x0000000098600000, 0x0000000098700000|  0%| F|  |TAMS 0x0000000098600000, 0x0000000098600000| Untracked 
| 315|0x0000000098700000, 0x0000000098700000, 0x0000000098800000|  0%| F|  |TAMS 0x0000000098700000, 0x0000000098700000| Untracked 
| 316|0x0000000098800000, 0x0000000098800000, 0x0000000098900000|  0%| F|  |TAMS 0x0000000098800000, 0x0000000098800000| Untracked 
| 317|0x0000000098900000, 0x0000000098900000, 0x0000000098a00000|  0%| F|  |TAMS 0x0000000098900000, 0x0000000098900000| Untracked 
| 318|0x0000000098a00000, 0x0000000098a00000, 0x0000000098b00000|  0%| F|  |TAMS 0x0000000098a00000, 0x0000000098a00000| Untracked 
| 319|0x0000000098b00000, 0x0000000098b00000, 0x0000000098c00000|  0%| F|  |TAMS 0x0000000098b00000, 0x0000000098b00000| Untracked 
| 320|0x0000000098c00000, 0x0000000098c00000, 0x0000000098d00000|  0%| F|  |TAMS 0x0000000098c00000, 0x0000000098c00000| Untracked 
| 321|0x0000000098d00000, 0x0000000098d00000, 0x0000000098e00000|  0%| F|  |TAMS 0x0000000098d00000, 0x0000000098d00000| Untracked 
| 322|0x0000000098e00000, 0x0000000098e00000, 0x0000000098f00000|  0%| F|  |TAMS 0x0000000098e00000, 0x0000000098e00000| Untracked 
| 323|0x0000000098f00000, 0x0000000098f00000, 0x0000000099000000|  0%| F|  |TAMS 0x0000000098f00000, 0x0000000098f00000| Untracked 
| 324|0x0000000099000000, 0x0000000099000000, 0x0000000099100000|  0%| F|  |TAMS 0x0000000099000000, 0x0000000099000000| Untracked 
| 325|0x0000000099100000, 0x0000000099100000, 0x0000000099200000|  0%| F|  |TAMS 0x0000000099100000, 0x0000000099100000| Untracked 
| 326|0x0000000099200000, 0x0000000099200000, 0x0000000099300000|  0%| F|  |TAMS 0x0000000099200000, 0x0000000099200000| Untracked 
| 327|0x0000000099300000, 0x0000000099300000, 0x0000000099400000|  0%| F|  |TAMS 0x0000000099300000, 0x0000000099300000| Untracked 
| 328|0x0000000099400000, 0x0000000099400000, 0x0000000099500000|  0%| F|  |TAMS 0x0000000099400000, 0x0000000099400000| Untracked 
| 329|0x0000000099500000, 0x0000000099500000, 0x0000000099600000|  0%| F|  |TAMS 0x0000000099500000, 0x0000000099500000| Untracked 
| 330|0x0000000099600000, 0x0000000099600000, 0x0000000099700000|  0%| F|  |TAMS 0x0000000099600000, 0x0000000099600000| Untracked 
| 331|0x0000000099700000, 0x0000000099700000, 0x0000000099800000|  0%| F|  |TAMS 0x0000000099700000, 0x0000000099700000| Untracked 
| 332|0x0000000099800000, 0x0000000099800000, 0x0000000099900000|  0%| F|  |TAMS 0x0000000099800000, 0x0000000099800000| Untracked 
| 333|0x0000000099900000, 0x0000000099900000, 0x0000000099a00000|  0%| F|  |TAMS 0x0000000099900000, 0x0000000099900000| Untracked 
| 334|0x0000000099a00000, 0x0000000099a00000, 0x0000000099b00000|  0%| F|  |TAMS 0x0000000099a00000, 0x0000000099a00000| Untracked 
| 335|0x0000000099b00000, 0x0000000099b00000, 0x0000000099c00000|  0%| F|  |TAMS 0x0000000099b00000, 0x0000000099b00000| Untracked 
| 336|0x0000000099c00000, 0x0000000099c00000, 0x0000000099d00000|  0%| F|  |TAMS 0x0000000099c00000, 0x0000000099c00000| Untracked 
| 337|0x0000000099d00000, 0x0000000099d00000, 0x0000000099e00000|  0%| F|  |TAMS 0x0000000099d00000, 0x0000000099d00000| Untracked 
| 338|0x0000000099e00000, 0x0000000099e00000, 0x0000000099f00000|  0%| F|  |TAMS 0x0000000099e00000, 0x0000000099e00000| Untracked 
| 339|0x0000000099f00000, 0x0000000099f00000, 0x000000009a000000|  0%| F|  |TAMS 0x0000000099f00000, 0x0000000099f00000| Untracked 
| 340|0x000000009a000000, 0x000000009a000000, 0x000000009a100000|  0%| F|  |TAMS 0x000000009a000000, 0x000000009a000000| Untracked 
| 341|0x000000009a100000, 0x000000009a100000, 0x000000009a200000|  0%| F|  |TAMS 0x000000009a100000, 0x000000009a100000| Untracked 
| 342|0x000000009a200000, 0x000000009a200000, 0x000000009a300000|  0%| F|  |TAMS 0x000000009a200000, 0x000000009a200000| Untracked 
| 343|0x000000009a300000, 0x000000009a300000, 0x000000009a400000|  0%| F|  |TAMS 0x000000009a300000, 0x000000009a300000| Untracked 
| 344|0x000000009a400000, 0x000000009a400000, 0x000000009a500000|  0%| F|  |TAMS 0x000000009a400000, 0x000000009a400000| Untracked 
| 345|0x000000009a500000, 0x000000009a500000, 0x000000009a600000|  0%| F|  |TAMS 0x000000009a500000, 0x000000009a500000| Untracked 
| 346|0x000000009a600000, 0x000000009a600000, 0x000000009a700000|  0%| F|  |TAMS 0x000000009a600000, 0x000000009a600000| Untracked 
| 347|0x000000009a700000, 0x000000009a700000, 0x000000009a800000|  0%| F|  |TAMS 0x000000009a700000, 0x000000009a700000| Untracked 
| 348|0x000000009a800000, 0x000000009a800000, 0x000000009a900000|  0%| F|  |TAMS 0x000000009a800000, 0x000000009a800000| Untracked 
| 349|0x000000009a900000, 0x000000009a900000, 0x000000009aa00000|  0%| F|  |TAMS 0x000000009a900000, 0x000000009a900000| Untracked 
| 350|0x000000009aa00000, 0x000000009aa00000, 0x000000009ab00000|  0%| F|  |TAMS 0x000000009aa00000, 0x000000009aa00000| Untracked 
| 351|0x000000009ab00000, 0x000000009ab00000, 0x000000009ac00000|  0%| F|  |TAMS 0x000000009ab00000, 0x000000009ab00000| Untracked 
| 352|0x000000009ac00000, 0x000000009ac00000, 0x000000009ad00000|  0%| F|  |TAMS 0x000000009ac00000, 0x000000009ac00000| Untracked 
| 353|0x000000009ad00000, 0x000000009ad00000, 0x000000009ae00000|  0%| F|  |TAMS 0x000000009ad00000, 0x000000009ad00000| Untracked 
| 354|0x000000009ae00000, 0x000000009ae00000, 0x000000009af00000|  0%| F|  |TAMS 0x000000009ae00000, 0x000000009ae00000| Untracked 
| 355|0x000000009af00000, 0x000000009af00000, 0x000000009b000000|  0%| F|  |TAMS 0x000000009af00000, 0x000000009af00000| Untracked 
| 356|0x000000009b000000, 0x000000009b000000, 0x000000009b100000|  0%| F|  |TAMS 0x000000009b000000, 0x000000009b000000| Untracked 
| 357|0x000000009b100000, 0x000000009b100000, 0x000000009b200000|  0%| F|  |TAMS 0x000000009b100000, 0x000000009b100000| Untracked 
| 358|0x000000009b200000, 0x000000009b200000, 0x000000009b300000|  0%| F|  |TAMS 0x000000009b200000, 0x000000009b200000| Untracked 
| 359|0x000000009b300000, 0x000000009b300000, 0x000000009b400000|  0%| F|  |TAMS 0x000000009b300000, 0x000000009b300000| Untracked 
| 360|0x000000009b400000, 0x000000009b400000, 0x000000009b500000|  0%| F|  |TAMS 0x000000009b400000, 0x000000009b400000| Untracked 
| 361|0x000000009b500000, 0x000000009b500000, 0x000000009b600000|  0%| F|  |TAMS 0x000000009b500000, 0x000000009b500000| Untracked 
| 362|0x000000009b600000, 0x000000009b600000, 0x000000009b700000|  0%| F|  |TAMS 0x000000009b600000, 0x000000009b600000| Untracked 
| 363|0x000000009b700000, 0x000000009b700000, 0x000000009b800000|  0%| F|  |TAMS 0x000000009b700000, 0x000000009b700000| Untracked 
| 364|0x000000009b800000, 0x000000009b800000, 0x000000009b900000|  0%| F|  |TAMS 0x000000009b800000, 0x000000009b800000| Untracked 
| 365|0x000000009b900000, 0x000000009b900000, 0x000000009ba00000|  0%| F|  |TAMS 0x000000009b900000, 0x000000009b900000| Untracked 
| 366|0x000000009ba00000, 0x000000009ba00000, 0x000000009bb00000|  0%| F|  |TAMS 0x000000009ba00000, 0x000000009ba00000| Untracked 
| 367|0x000000009bb00000, 0x000000009bb00000, 0x000000009bc00000|  0%| F|  |TAMS 0x000000009bb00000, 0x000000009bb00000| Untracked 
| 368|0x000000009bc00000, 0x000000009bc00000, 0x000000009bd00000|  0%| F|  |TAMS 0x000000009bc00000, 0x000000009bc00000| Untracked 
| 369|0x000000009bd00000, 0x000000009bd00000, 0x000000009be00000|  0%| F|  |TAMS 0x000000009bd00000, 0x000000009bd00000| Untracked 
| 370|0x000000009be00000, 0x000000009be00000, 0x000000009bf00000|  0%| F|  |TAMS 0x000000009be00000, 0x000000009be00000| Untracked 
| 371|0x000000009bf00000, 0x000000009bf00000, 0x000000009c000000|  0%| F|  |TAMS 0x000000009bf00000, 0x000000009bf00000| Untracked 
| 372|0x000000009c000000, 0x000000009c000000, 0x000000009c100000|  0%| F|  |TAMS 0x000000009c000000, 0x000000009c000000| Untracked 
| 373|0x000000009c100000, 0x000000009c100000, 0x000000009c200000|  0%| F|  |TAMS 0x000000009c100000, 0x000000009c100000| Untracked 
| 374|0x000000009c200000, 0x000000009c200000, 0x000000009c300000|  0%| F|  |TAMS 0x000000009c200000, 0x000000009c200000| Untracked 
| 375|0x000000009c300000, 0x000000009c300000, 0x000000009c400000|  0%| F|  |TAMS 0x000000009c300000, 0x000000009c300000| Untracked 
| 376|0x000000009c400000, 0x000000009c400000, 0x000000009c500000|  0%| F|  |TAMS 0x000000009c400000, 0x000000009c400000| Untracked 
| 377|0x000000009c500000, 0x000000009c500000, 0x000000009c600000|  0%| F|  |TAMS 0x000000009c500000, 0x000000009c500000| Untracked 
| 378|0x000000009c600000, 0x000000009c700000, 0x000000009c700000|100%| S|CS|TAMS 0x000000009c600000, 0x000000009c600000| Complete 
| 379|0x000000009c700000, 0x000000009c800000, 0x000000009c800000|100%| S|CS|TAMS 0x000000009c700000, 0x000000009c700000| Complete 
| 380|0x000000009c800000, 0x000000009c800000, 0x000000009c900000|  0%| F|  |TAMS 0x000000009c800000, 0x000000009c800000| Untracked 
| 381|0x000000009c900000, 0x000000009c900000, 0x000000009ca00000|  0%| F|  |TAMS 0x000000009c900000, 0x000000009c900000| Untracked 
| 382|0x000000009ca00000, 0x000000009ca00000, 0x000000009cb00000|  0%| F|  |TAMS 0x000000009ca00000, 0x000000009ca00000| Untracked 
| 383|0x000000009cb00000, 0x000000009cb00000, 0x000000009cc00000|  0%| F|  |TAMS 0x000000009cb00000, 0x000000009cb00000| Untracked 
| 384|0x000000009cc00000, 0x000000009cc00000, 0x000000009cd00000|  0%| F|  |TAMS 0x000000009cc00000, 0x000000009cc00000| Untracked 
| 385|0x000000009cd00000, 0x000000009cd00000, 0x000000009ce00000|  0%| F|  |TAMS 0x000000009cd00000, 0x000000009cd00000| Untracked 
| 386|0x000000009ce00000, 0x000000009ce00000, 0x000000009cf00000|  0%| F|  |TAMS 0x000000009ce00000, 0x000000009ce00000| Untracked 
| 387|0x000000009cf00000, 0x000000009cf00000, 0x000000009d000000|  0%| F|  |TAMS 0x000000009cf00000, 0x000000009cf00000| Untracked 
| 388|0x000000009d000000, 0x000000009d000000, 0x000000009d100000|  0%| F|  |TAMS 0x000000009d000000, 0x000000009d000000| Untracked 
| 389|0x000000009d100000, 0x000000009d100000, 0x000000009d200000|  0%| F|  |TAMS 0x000000009d100000, 0x000000009d100000| Untracked 
| 390|0x000000009d200000, 0x000000009d200000, 0x000000009d300000|  0%| F|  |TAMS 0x000000009d200000, 0x000000009d200000| Untracked 
| 391|0x000000009d300000, 0x000000009d300000, 0x000000009d400000|  0%| F|  |TAMS 0x000000009d300000, 0x000000009d300000| Untracked 
| 392|0x000000009d400000, 0x000000009d400000, 0x000000009d500000|  0%| F|  |TAMS 0x000000009d400000, 0x000000009d400000| Untracked 
| 393|0x000000009d500000, 0x000000009d500000, 0x000000009d600000|  0%| F|  |TAMS 0x000000009d500000, 0x000000009d500000| Untracked 
| 394|0x000000009d600000, 0x000000009d600000, 0x000000009d700000|  0%| F|  |TAMS 0x000000009d600000, 0x000000009d600000| Untracked 
| 395|0x000000009d700000, 0x000000009d700000, 0x000000009d800000|  0%| F|  |TAMS 0x000000009d700000, 0x000000009d700000| Untracked 
| 396|0x000000009d800000, 0x000000009d800000, 0x000000009d900000|  0%| F|  |TAMS 0x000000009d800000, 0x000000009d800000| Untracked 
| 397|0x000000009d900000, 0x000000009d900000, 0x000000009da00000|  0%| F|  |TAMS 0x000000009d900000, 0x000000009d900000| Untracked 
| 398|0x000000009da00000, 0x000000009da00000, 0x000000009db00000|  0%| F|  |TAMS 0x000000009da00000, 0x000000009da00000| Untracked 
| 399|0x000000009db00000, 0x000000009db00000, 0x000000009dc00000|  0%| F|  |TAMS 0x000000009db00000, 0x000000009db00000| Untracked 
| 400|0x000000009dc00000, 0x000000009dc00000, 0x000000009dd00000|  0%| F|  |TAMS 0x000000009dc00000, 0x000000009dc00000| Untracked 
| 401|0x000000009dd00000, 0x000000009dd00000, 0x000000009de00000|  0%| F|  |TAMS 0x000000009dd00000, 0x000000009dd00000| Untracked 
| 402|0x000000009de00000, 0x000000009de00000, 0x000000009df00000|  0%| F|  |TAMS 0x000000009de00000, 0x000000009de00000| Untracked 
| 403|0x000000009df00000, 0x000000009df00000, 0x000000009e000000|  0%| F|  |TAMS 0x000000009df00000, 0x000000009df00000| Untracked 
| 404|0x000000009e000000, 0x000000009e000000, 0x000000009e100000|  0%| F|  |TAMS 0x000000009e000000, 0x000000009e000000| Untracked 
| 405|0x000000009e100000, 0x000000009e100000, 0x000000009e200000|  0%| F|  |TAMS 0x000000009e100000, 0x000000009e100000| Untracked 
| 406|0x000000009e200000, 0x000000009e200000, 0x000000009e300000|  0%| F|  |TAMS 0x000000009e200000, 0x000000009e200000| Untracked 
| 407|0x000000009e300000, 0x000000009e300000, 0x000000009e400000|  0%| F|  |TAMS 0x000000009e300000, 0x000000009e300000| Untracked 
| 408|0x000000009e400000, 0x000000009e400000, 0x000000009e500000|  0%| F|  |TAMS 0x000000009e400000, 0x000000009e400000| Untracked 
| 409|0x000000009e500000, 0x000000009e500000, 0x000000009e600000|  0%| F|  |TAMS 0x000000009e500000, 0x000000009e500000| Untracked 
| 410|0x000000009e600000, 0x000000009e600000, 0x000000009e700000|  0%| F|  |TAMS 0x000000009e600000, 0x000000009e600000| Untracked 
| 411|0x000000009e700000, 0x000000009e700000, 0x000000009e800000|  0%| F|  |TAMS 0x000000009e700000, 0x000000009e700000| Untracked 
| 412|0x000000009e800000, 0x000000009e800000, 0x000000009e900000|  0%| F|  |TAMS 0x000000009e800000, 0x000000009e800000| Untracked 
| 413|0x000000009e900000, 0x000000009e900000, 0x000000009ea00000|  0%| F|  |TAMS 0x000000009e900000, 0x000000009e900000| Untracked 
| 414|0x000000009ea00000, 0x000000009ea00000, 0x000000009eb00000|  0%| F|  |TAMS 0x000000009ea00000, 0x000000009ea00000| Untracked 
| 415|0x000000009eb00000, 0x000000009eb00000, 0x000000009ec00000|  0%| F|  |TAMS 0x000000009eb00000, 0x000000009eb00000| Untracked 
| 416|0x000000009ec00000, 0x000000009ec00000, 0x000000009ed00000|  0%| F|  |TAMS 0x000000009ec00000, 0x000000009ec00000| Untracked 
| 417|0x000000009ed00000, 0x000000009ed00000, 0x000000009ee00000|  0%| F|  |TAMS 0x000000009ed00000, 0x000000009ed00000| Untracked 
| 418|0x000000009ee00000, 0x000000009ee00000, 0x000000009ef00000|  0%| F|  |TAMS 0x000000009ee00000, 0x000000009ee00000| Untracked 
| 419|0x000000009ef00000, 0x000000009ef00000, 0x000000009f000000|  0%| F|  |TAMS 0x000000009ef00000, 0x000000009ef00000| Untracked 
| 420|0x000000009f000000, 0x000000009f000000, 0x000000009f100000|  0%| F|  |TAMS 0x000000009f000000, 0x000000009f000000| Untracked 
| 421|0x000000009f100000, 0x000000009f100000, 0x000000009f200000|  0%| F|  |TAMS 0x000000009f100000, 0x000000009f100000| Untracked 
| 422|0x000000009f200000, 0x000000009f200000, 0x000000009f300000|  0%| F|  |TAMS 0x000000009f200000, 0x000000009f200000| Untracked 
| 423|0x000000009f300000, 0x000000009f300000, 0x000000009f400000|  0%| F|  |TAMS 0x000000009f300000, 0x000000009f300000| Untracked 
| 424|0x000000009f400000, 0x000000009f400000, 0x000000009f500000|  0%| F|  |TAMS 0x000000009f400000, 0x000000009f400000| Untracked 
| 425|0x000000009f500000, 0x000000009f500000, 0x000000009f600000|  0%| F|  |TAMS 0x000000009f500000, 0x000000009f500000| Untracked 
| 426|0x000000009f600000, 0x000000009f600000, 0x000000009f700000|  0%| F|  |TAMS 0x000000009f600000, 0x000000009f600000| Untracked 
| 427|0x000000009f700000, 0x000000009f700000, 0x000000009f800000|  0%| F|  |TAMS 0x000000009f700000, 0x000000009f700000| Untracked 
| 428|0x000000009f800000, 0x000000009f800000, 0x000000009f900000|  0%| F|  |TAMS 0x000000009f800000, 0x000000009f800000| Untracked 
| 429|0x000000009f900000, 0x000000009f900000, 0x000000009fa00000|  0%| F|  |TAMS 0x000000009f900000, 0x000000009f900000| Untracked 
| 430|0x000000009fa00000, 0x000000009fa00000, 0x000000009fb00000|  0%| F|  |TAMS 0x000000009fa00000, 0x000000009fa00000| Untracked 
| 431|0x000000009fb00000, 0x000000009fb00000, 0x000000009fc00000|  0%| F|  |TAMS 0x000000009fb00000, 0x000000009fb00000| Untracked 
| 432|0x000000009fc00000, 0x000000009fc00000, 0x000000009fd00000|  0%| F|  |TAMS 0x000000009fc00000, 0x000000009fc00000| Untracked 
| 433|0x000000009fd00000, 0x000000009fd00000, 0x000000009fe00000|  0%| F|  |TAMS 0x000000009fd00000, 0x000000009fd00000| Untracked 
| 434|0x000000009fe00000, 0x000000009fe00000, 0x000000009ff00000|  0%| F|  |TAMS 0x000000009fe00000, 0x000000009fe00000| Untracked 
| 435|0x000000009ff00000, 0x000000009ff00000, 0x00000000a0000000|  0%| F|  |TAMS 0x000000009ff00000, 0x000000009ff00000| Untracked 
| 436|0x00000000a0000000, 0x00000000a0000000, 0x00000000a0100000|  0%| F|  |TAMS 0x00000000a0000000, 0x00000000a0000000| Untracked 

Card table byte_map: [0x0000022e67130000,0x0000022e67510000] _byte_map_base: 0x0000022e66d0a000

Marking Bits (Prev, Next): (CMBitMap*) 0x0000022e4fa45600, (CMBitMap*) 0x0000022e4fa455c8
 Prev Bits: [0x0000022e697c0000, 0x0000022e6b690000)
 Next Bits: [0x0000022e678f0000, 0x0000022e697c0000)

Polling page: 0x0000022e4d980000

Metaspace:

Usage:
  Non-class:     24.62 MB capacity,    23.93 MB ( 97%) used,   570.36 KB (  2%) free+waste,   131.50 KB ( <1%) overhead. 
      Class:      4.02 MB capacity,     3.58 MB ( 89%) used,   387.02 KB (  9%) free+waste,    65.94 KB (  2%) overhead. 
       Both:     28.64 MB capacity,    27.51 MB ( 96%) used,   957.38 KB (  3%) free+waste,   197.44 KB ( <1%) overhead. 

Virtual space:
  Non-class space:       26.00 MB reserved,      24.75 MB ( 95%) committed 
      Class space:        1.00 GB reserved,       4.13 MB ( <1%) committed 
             Both:        1.03 GB reserved,      28.88 MB (  3%) committed 

Chunk freelists:
   Non-Class:  768 bytes
       Class:  0 bytes
        Both:  768 bytes

CodeHeap 'non-profiled nmethods': size=120064Kb used=1931Kb max_used=1931Kb free=118132Kb
 bounds [0x0000022e5f810000, 0x0000022e5fa80000, 0x0000022e66d50000]
CodeHeap 'profiled nmethods': size=120000Kb used=7941Kb max_used=7941Kb free=112058Kb
 bounds [0x0000022e582e0000, 0x0000022e58ab0000, 0x0000022e5f810000]
CodeHeap 'non-nmethods': size=5696Kb used=1366Kb max_used=1435Kb free=4329Kb
 bounds [0x0000022e57d50000, 0x0000022e57fc0000, 0x0000022e582e0000]
 total_blobs=5431 nmethods=3926 adapters=719
 compilation: enabled
              stopped_count=0, restarted_count=0
 full_count=0

Compilation events (10 events):
Event: 54.303 Thread 0x0000022e6db90000 3925       3       com.sun.javafx.scene.control.ControlHelper::superProcessCSSImpl (6 bytes)
Event: 54.303 Thread 0x0000022e6db90000 nmethod 3925 0x0000022e58a9f510 code [0x0000022e58a9f700, 0x0000022e58a9faf0]
Event: 54.303 Thread 0x0000022e6db90000 3926       3       javafx.scene.control.Control$StyleableProperties$1::isSettable (9 bytes)
Event: 54.304 Thread 0x0000022e6db90000 nmethod 3926 0x0000022e58a9fc90 code [0x0000022e58a9fe80, 0x0000022e58aa02d0]
Event: 54.304 Thread 0x0000022e6db90000 3927       3       javafx.scene.control.Control$StyleableProperties$1::isSettable (23 bytes)
Event: 54.304 Thread 0x0000022e6db90000 nmethod 3927 0x0000022e58aa0410 code [0x0000022e58aa05e0, 0x0000022e58aa08d0]
Event: 54.328 Thread 0x0000022e6db90000 3928       3       javafx.scene.control.SkinBase$$Lambda$235/0x00000001002e0c40::handle (8 bytes)
Event: 54.329 Thread 0x0000022e6db90000 nmethod 3928 0x0000022e58aa0a10 code [0x0000022e58aa0be0, 0x0000022e58aa0f78]
Event: 54.329 Thread 0x0000022e6db90000 3929       3       javafx.scene.control.SkinBase::lambda$static$0 (5 bytes)
Event: 54.329 Thread 0x0000022e6db90000 nmethod 3929 0x0000022e58aa1090 code [0x0000022e58aa1240, 0x0000022e58aa1458]

GC Heap History (10 events):
Event: 39.889 GC heap after
{Heap after GC invocations=24 (full 0):
 garbage-first heap   total 201728K, used 124928K [0x0000000084c00000, 0x0000000100000000)
  region size 1024K, 2 young (2048K), 2 survivors (2048K)
 Metaspace       used 27843K, capacity 28963K, committed 29184K, reserved 1075200K
  class space    used 3633K, capacity 4078K, committed 4096K, reserved 1048576K
}
Event: 40.112 GC heap before
{Heap before GC invocations=24 (full 0):
 garbage-first heap   total 201728K, used 146432K [0x0000000084c00000, 0x0000000100000000)
  region size 1024K, 23 young (23552K), 2 survivors (2048K)
 Metaspace       used 27843K, capacity 28963K, committed 29184K, reserved 1075200K
  class space    used 3633K, capacity 4078K, committed 4096K, reserved 1048576K
}
Event: 40.144 GC heap after
{Heap after GC invocations=25 (full 0):
 garbage-first heap   total 447488K, used 137578K [0x0000000084c00000, 0x0000000100000000)
  region size 1024K, 3 young (3072K), 3 survivors (3072K)
 Metaspace       used 27843K, capacity 28963K, committed 29184K, reserved 1075200K
  class space    used 3633K, capacity 4078K, committed 4096K, reserved 1048576K
}
Event: 41.166 GC heap before
{Heap before GC invocations=26 (full 0):
 garbage-first heap   total 447488K, used 201066K [0x0000000084c00000, 0x0000000100000000)
  region size 1024K, 88 young (90112K), 3 survivors (3072K)
 Metaspace       used 27843K, capacity 28963K, committed 29184K, reserved 1075200K
  class space    used 3633K, capacity 4078K, committed 4096K, reserved 1048576K
}
Event: 41.260 GC heap after
{Heap after GC invocations=27 (full 0):
 garbage-first heap   total 447488K, used 163313K [0x0000000084c00000, 0x0000000100000000)
  region size 1024K, 11 young (11264K), 11 survivors (11264K)
 Metaspace       used 27843K, capacity 28963K, committed 29184K, reserved 1075200K
  class space    used 3633K, capacity 4078K, committed 4096K, reserved 1048576K
}
Event: 42.127 GC heap before
{Heap before GC invocations=27 (full 0):
 garbage-first heap   total 447488K, used 245233K [0x0000000084c00000, 0x0000000100000000)
  region size 1024K, 91 young (93184K), 11 survivors (11264K)
 Metaspace       used 27843K, capacity 28963K, committed 29184K, reserved 1075200K
  class space    used 3633K, capacity 4078K, committed 4096K, reserved 1048576K
}
Event: 42.222 GC heap after
{Heap after GC invocations=28 (full 0):
 garbage-first heap   total 447488K, used 209408K [0x0000000084c00000, 0x0000000100000000)
  region size 1024K, 12 young (12288K), 12 survivors (12288K)
 Metaspace       used 27843K, capacity 28963K, committed 29184K, reserved 1075200K
  class space    used 3633K, capacity 4078K, committed 4096K, reserved 1048576K
}
Event: 42.965 GC heap before
{Heap before GC invocations=28 (full 0):
 garbage-first heap   total 447488K, used 280064K [0x0000000084c00000, 0x0000000100000000)
  region size 1024K, 81 young (82944K), 12 survivors (12288K)
 Metaspace       used 27843K, capacity 28963K, committed 29184K, reserved 1075200K
  class space    used 3633K, capacity 4078K, committed 4096K, reserved 1048576K
}
Event: 43.054 GC heap after
{Heap after GC invocations=29 (full 0):
 garbage-first heap   total 447488K, used 249344K [0x0000000084c00000, 0x0000000100000000)
  region size 1024K, 11 young (11264K), 11 survivors (11264K)
 Metaspace       used 27843K, capacity 28963K, committed 29184K, reserved 1075200K
  class space    used 3633K, capacity 4078K, committed 4096K, reserved 1048576K
}
Event: 54.799 GC heap before
{Heap before GC invocations=29 (full 0):
 garbage-first heap   total 447488K, used 307712K [0x0000000084c00000, 0x0000000100000000)
  region size 1024K, 68 young (69632K), 11 survivors (11264K)
 Metaspace       used 28170K, capacity 29325K, committed 29568K, reserved 1075200K
  class space    used 3662K, capacity 4115K, committed 4224K, reserved 1048576K
}

Deoptimization events (10 events):
Event: 27.309 Thread 0x0000022e6f62a800 Uncommon trap: reason=array_check action=maybe_recompile pc=0x0000022e5f97cb6c method=javafx.css.CompoundSelector.applies(Ljavafx/css/Styleable;[Ljava/util/Set;I)Z @ 128 c2
Event: 34.095 Thread 0x0000022e6f62a800 Uncommon trap: reason=unstable_if action=reinterpret pc=0x0000022e5f917724 method=java.util.WeakHashMap.expungeStaleEntries()V @ 9 c2
Event: 43.642 Thread 0x0000022e6f62a800 Uncommon trap: reason=unstable_if action=reinterpret pc=0x0000022e5f9a8378 method=MainSceneController.BreadthFirstSearch(Lcnf;)LSolution; @ 58 c2
Event: 43.741 Thread 0x0000022e6f62a800 Uncommon trap: reason=unstable_if action=reinterpret pc=0x0000022e5f9a60d0 method=java.util.LinkedList.unlinkFirst(Ljava/util/LinkedList$Node;)Ljava/lang/Object; @ 26 c2
Event: 43.758 Thread 0x0000022e6f62a800 Uncommon trap: reason=unstable_if action=reinterpret pc=0x0000022e5f8b51d8 method=java.util.WeakHashMap.expungeStaleEntries()V @ 9 c2
Event: 48.015 Thread 0x0000022e6fb9c000 Uncommon trap: reason=unstable_if action=reinterpret pc=0x0000022e5f9a4e50 method=java.util.LinkedList.unlinkFirst(Ljava/util/LinkedList$Node;)Ljava/lang/Object; @ 26 c2
Event: 48.447 Thread 0x0000022e6f62a800 Uncommon trap: reason=profile_predicate action=maybe_recompile pc=0x0000022e5f9c3a20 method=javafx.scene.CssStyleHelper.transitionToState(Ljavafx/scene/Node;)V @ 286 c2
Event: 48.447 Thread 0x0000022e6f62a800 Uncommon trap: reason=profile_predicate action=maybe_recompile pc=0x0000022e5f9c3a20 method=javafx.scene.CssStyleHelper.transitionToState(Ljavafx/scene/Node;)V @ 286 c2
Event: 48.703 Thread 0x0000022e6f62a800 Uncommon trap: reason=profile_predicate action=maybe_recompile pc=0x0000022e5f9c3a20 method=javafx.scene.CssStyleHelper.transitionToState(Ljavafx/scene/Node;)V @ 286 c2
Event: 48.703 Thread 0x0000022e6f62a800 Uncommon trap: reason=profile_predicate action=maybe_recompile pc=0x0000022e5f9c3a20 method=javafx.scene.CssStyleHelper.transitionToState(Ljavafx/scene/Node;)V @ 286 c2

Classes redefined (0 events):
No events

Internal exceptions (10 events):
Event: 2.736 Thread 0x0000022e6f62a800 Exception <a 'java/lang/IncompatibleClassChangeError'{0x000000008c3403f0}: Found class java.lang.Object, but interface was expected> (0x000000008c3403f0) thrown at [t:/workspace/open/src/hotspot/share/interpreter/linkResolver.cpp, line 838]
Event: 2.872 Thread 0x0000022e6f62a800 Exception <a 'java/lang/ClassNotFoundException'{0x000000008c2d9c28}: com/sun/javafx/scene/control/skin/resources/controls> (0x000000008c2d9c28) thrown at [t:/workspace/open/src/hotspot/share/prims/jni.cpp, line 636]
Event: 2.875 Thread 0x0000022e6f62a800 Exception <a 'java/lang/ClassNotFoundException'{0x000000008c2e7ef0}: com/sun/javafx/scene/control/skin/resources/controls_fr> (0x000000008c2e7ef0) thrown at [t:/workspace/open/src/hotspot/share/prims/jni.cpp, line 636]
Event: 2.878 Thread 0x0000022e6f62a800 Exception <a 'java/lang/ClassNotFoundException'{0x000000008c2f6130}: com/sun/javafx/scene/control/skin/resources/controls_fr_FR> (0x000000008c2f6130) thrown at [t:/workspace/open/src/hotspot/share/prims/jni.cpp, line 636]
Event: 3.909 Thread 0x0000022e6fb9c000 Exception <a 'java/lang/NoSuchMethodError'{0x000000008b5fef08}: java.lang.invoke.DirectMethodHandle$Holder.invokeStaticInit(Ljava/lang/Object;Ljava/lang/Object;)I> (0x000000008b5fef08) thrown at [t:/workspace/open/src/hotspot/share/interpreter/linkResolve
Event: 7.184 Thread 0x0000022e6f62a800 Implicit null exception at 0x0000022e5f8cb4ee to 0x0000022e5f8cbeba
Event: 8.290 Thread 0x0000022e6f62a800 Exception <a 'java/lang/NoSuchMethodError'{0x000000008af81120}: java.lang.invoke.DirectMethodHandle$Holder.invokeStaticInit(Ljava/lang/Object;Ljava/lang/Object;Ljava/lang/Object;)J> (0x000000008af81120) thrown at [t:/workspace/open/src/hotspot/share/inter
Event: 8.292 Thread 0x0000022e6f62a800 Exception <a 'java/lang/NoSuchMethodError'{0x000000008af99760}: java.lang.invoke.DirectMethodHandle$Holder.invokeStatic(Ljava/lang/Object;Ljava/lang/Object;J)Ljava/lang/Object;> (0x000000008af99760) thrown at [t:/workspace/open/src/hotspot/share/interpret
Event: 8.292 Thread 0x0000022e6f62a800 Exception <a 'java/lang/NoSuchMethodError'{0x000000008af9f8d8}: java.lang.invoke.Invokers$Holder.linkToTargetMethod(Ljava/lang/Object;JLjava/lang/Object;)Ljava/lang/Object;> (0x000000008af9f8d8) thrown at [t:/workspace/open/src/hotspot/share/interpreter/l
Event: 8.414 Thread 0x0000022e6fb9c000 Exception <a 'java/lang/NoSuchMethodError'{0x000000008b032fa8}: java.lang.invoke.DirectMethodHandle$Holder.invokeStaticInit(Ljava/lang/Object;I)Ljava/lang/Object;> (0x000000008b032fa8) thrown at [t:/workspace/open/src/hotspot/share/interpreter/linkResolve

Events (10 events):
Event: 48.703 Thread 0x0000022e6f62a800 DEOPT PACKING pc=0x0000022e5f9c3a20 sp=0x000000dbd62fc750
Event: 48.703 Thread 0x0000022e6f62a800 DEOPT UNPACKING pc=0x0000022e57d78eaf sp=0x000000dbd62fc6d8 mode 2
Event: 48.703 Thread 0x0000022e6f62a800 Uncommon trap: trap_request=0xffffffbe fr.pc=0x0000022e5f9c3a20 relative=0x0000000000006ba0
Event: 48.703 Thread 0x0000022e6f62a800 DEOPT PACKING pc=0x0000022e5f9c3a20 sp=0x000000dbd62fc4c0
Event: 48.703 Thread 0x0000022e6f62a800 DEOPT UNPACKING pc=0x0000022e57d78eaf sp=0x000000dbd62fc448 mode 2
Event: 51.913 Executing VM operation: RevokeBias
Event: 51.913 Executing VM operation: RevokeBias done
Event: 51.913 Executing VM operation: RevokeBias
Event: 51.913 Executing VM operation: RevokeBias done
Event: 54.799 Executing VM operation: G1CollectForAllocation


Dynamic libraries:
0x00007ff73ee50000 - 0x00007ff73ee97000 	C:\Program Files\Java\jdk-11.0.3\bin\java.exe
0x00007ffb1cf30000 - 0x00007ffb1d125000 	C:\WINDOWS\SYSTEM32\ntdll.dll
0x00007ffb1c880000 - 0x00007ffb1c93d000 	C:\WINDOWS\System32\KERNEL32.DLL
0x00007ffb1aca0000 - 0x00007ffb1af68000 	C:\WINDOWS\System32\KERNELBASE.dll
0x00007ffb1c180000 - 0x00007ffb1c22c000 	C:\WINDOWS\System32\ADVAPI32.dll
0x00007ffb1cd80000 - 0x00007ffb1ce1e000 	C:\WINDOWS\System32\msvcrt.dll
0x00007ffb1ce20000 - 0x00007ffb1cebb000 	C:\WINDOWS\System32\sechost.dll
0x00007ffb1be00000 - 0x00007ffb1bf2b000 	C:\WINDOWS\System32\RPCRT4.dll
0x00007ffb1c330000 - 0x00007ffb1c4d0000 	C:\WINDOWS\System32\USER32.dll
0x00007ffb1aa00000 - 0x00007ffb1aa22000 	C:\WINDOWS\System32\win32u.dll
0x00007ffb1c150000 - 0x00007ffb1c17a000 	C:\WINDOWS\System32\GDI32.dll
0x00007ffb1aae0000 - 0x00007ffb1abeb000 	C:\WINDOWS\System32\gdi32full.dll
0x00007ffb1a800000 - 0x00007ffb1a89d000 	C:\WINDOWS\System32\msvcp_win.dll
0x00007ffb1a640000 - 0x00007ffb1a740000 	C:\WINDOWS\System32\ucrtbase.dll
0x00007ffb051c0000 - 0x00007ffb0545a000 	C:\WINDOWS\WinSxS\amd64_microsoft.windows.common-controls_6595b64144ccf1df_6.0.19041.1052_none_60b8f8fd71f5e8cb\COMCTL32.dll
0x00007ffb09760000 - 0x00007ffb0976a000 	C:\WINDOWS\SYSTEM32\VERSION.dll
0x00007ffb1bf30000 - 0x00007ffb1bf60000 	C:\WINDOWS\System32\IMM32.DLL
0x00007ffb14910000 - 0x00007ffb14926000 	C:\Program Files\Java\jdk-11.0.3\bin\vcruntime140.dll
0x00007ffb0faa0000 - 0x00007ffb0fb4a000 	C:\Program Files\Java\jdk-11.0.3\bin\msvcp140.dll
0x00007ffaefea0000 - 0x00007ffaf09c7000 	C:\Program Files\Java\jdk-11.0.3\bin\server\jvm.dll
0x00007ffb1b090000 - 0x00007ffb1b098000 	C:\WINDOWS\System32\PSAPI.DLL
0x00007ffb17400000 - 0x00007ffb17409000 	C:\WINDOWS\SYSTEM32\WSOCK32.dll
0x00007ffb1c230000 - 0x00007ffb1c29b000 	C:\WINDOWS\System32\WS2_32.dll
0x00007ffb0ba30000 - 0x00007ffb0ba57000 	C:\WINDOWS\SYSTEM32\WINMM.dll
0x00007ffb19160000 - 0x00007ffb19172000 	C:\WINDOWS\SYSTEM32\kernel.appcore.dll
0x00007ffb14280000 - 0x00007ffb14291000 	C:\Program Files\Java\jdk-11.0.3\bin\verify.dll
0x00007ffb0cdf0000 - 0x00007ffb0cfd4000 	C:\WINDOWS\SYSTEM32\DBGHELP.DLL
0x00007ffb0cdc0000 - 0x00007ffb0cdec000 	C:\WINDOWS\SYSTEM32\dbgcore.DLL
0x00007ffb1a740000 - 0x00007ffb1a7c3000 	C:\WINDOWS\System32\bcryptPrimitives.dll
0x00007ffb14250000 - 0x00007ffb14279000 	C:\Program Files\Java\jdk-11.0.3\bin\java.dll
0x00007ffb10140000 - 0x00007ffb1016f000 	C:\Program Files\Java\jdk-11.0.3\bin\instrument.dll
0x00007ffb14230000 - 0x00007ffb14246000 	C:\Program Files\Java\jdk-11.0.3\bin\zip.dll
0x00007ffb173c0000 - 0x00007ffb173ca000 	C:\Program Files\Java\jdk-11.0.3\bin\jimage.dll
0x00007ffb1b250000 - 0x00007ffb1b98f000 	C:\WINDOWS\System32\SHELL32.dll
0x00007ffb185a0000 - 0x00007ffb18d30000 	C:\WINDOWS\SYSTEM32\windows.storage.dll
0x00007ffb1c9a0000 - 0x00007ffb1ccf5000 	C:\WINDOWS\System32\combase.dll
0x00007ffb19fe0000 - 0x00007ffb1a00c000 	C:\WINDOWS\SYSTEM32\Wldp.dll
0x00007ffb1bf70000 - 0x00007ffb1c01e000 	C:\WINDOWS\System32\SHCORE.dll
0x00007ffb1c7a0000 - 0x00007ffb1c7f5000 	C:\WINDOWS\System32\shlwapi.dll
0x00007ffb1a580000 - 0x00007ffb1a59f000 	C:\WINDOWS\SYSTEM32\profapi.dll
0x00007ffb10120000 - 0x00007ffb10139000 	C:\Program Files\Java\jdk-11.0.3\bin\net.dll
0x00007ffb12e80000 - 0x00007ffb12f8b000 	C:\WINDOWS\SYSTEM32\WINHTTP.dll
0x00007ffb0d8d0000 - 0x00007ffb0dabc000 	C:\WINDOWS\SYSTEM32\urlmon.dll
0x00007ffb0eae0000 - 0x00007ffb0ed90000 	C:\WINDOWS\SYSTEM32\iertutil.dll
0x00007ffb19d50000 - 0x00007ffb19dba000 	C:\WINDOWS\system32\mswsock.dll
0x00007ffb100c0000 - 0x00007ffb100d3000 	C:\Program Files\Java\jdk-11.0.3\bin\nio.dll
0x00007ffb100a0000 - 0x00007ffb100ba000 	C:\Program Files\JetBrains\IntelliJ IDEA Community Edition 2020.3.2\bin\breakgen64.dll
0x0000022e4da20000 - 0x0000022e4da23000 	C:\Users\Administrateur\Desktop\logiciels\openjfx-11.0.2_windows-x64_bin-sdk\javafx-sdk-11.0.2\bin\api-ms-win-core-console-l1-1-0.dll
0x0000022e4da30000 - 0x0000022e4da33000 	C:\Users\Administrateur\Desktop\logiciels\openjfx-11.0.2_windows-x64_bin-sdk\javafx-sdk-11.0.2\bin\api-ms-win-core-datetime-l1-1-0.dll
0x0000022e4f920000 - 0x0000022e4f923000 	C:\Users\Administrateur\Desktop\logiciels\openjfx-11.0.2_windows-x64_bin-sdk\javafx-sdk-11.0.2\bin\api-ms-win-core-debug-l1-1-0.dll
0x0000022e4f930000 - 0x0000022e4f933000 	C:\Users\Administrateur\Desktop\logiciels\openjfx-11.0.2_windows-x64_bin-sdk\javafx-sdk-11.0.2\bin\api-ms-win-core-errorhandling-l1-1-0.dll
0x0000022e4f940000 - 0x0000022e4f944000 	C:\Users\Administrateur\Desktop\logiciels\openjfx-11.0.2_windows-x64_bin-sdk\javafx-sdk-11.0.2\bin\api-ms-win-core-file-l1-1-0.dll
0x0000022e4f950000 - 0x0000022e4f953000 	C:\Users\Administrateur\Desktop\logiciels\openjfx-11.0.2_windows-x64_bin-sdk\javafx-sdk-11.0.2\bin\api-ms-win-core-file-l1-2-0.dll
0x0000022e4f960000 - 0x0000022e4f963000 	C:\Users\Administrateur\Desktop\logiciels\openjfx-11.0.2_windows-x64_bin-sdk\javafx-sdk-11.0.2\bin\api-ms-win-core-file-l2-1-0.dll
0x0000022e4f970000 - 0x0000022e4f973000 	C:\Users\Administrateur\Desktop\logiciels\openjfx-11.0.2_windows-x64_bin-sdk\javafx-sdk-11.0.2\bin\api-ms-win-core-handle-l1-1-0.dll
0x0000022e4f980000 - 0x0000022e4f983000 	C:\Users\Administrateur\Desktop\logiciels\openjfx-11.0.2_windows-x64_bin-sdk\javafx-sdk-11.0.2\bin\api-ms-win-core-heap-l1-1-0.dll
0x0000022e4f990000 - 0x0000022e4f993000 	C:\Users\Administrateur\Desktop\logiciels\openjfx-11.0.2_windows-x64_bin-sdk\javafx-sdk-11.0.2\bin\api-ms-win-core-interlocked-l1-1-0.dll
0x0000022e4f9a0000 - 0x0000022e4f9a3000 	C:\Users\Administrateur\Desktop\logiciels\openjfx-11.0.2_windows-x64_bin-sdk\javafx-sdk-11.0.2\bin\api-ms-win-core-libraryloader-l1-1-0.dll
0x0000022e4f9b0000 - 0x0000022e4f9b3000 	C:\Users\Administrateur\Desktop\logiciels\openjfx-11.0.2_windows-x64_bin-sdk\javafx-sdk-11.0.2\bin\api-ms-win-core-localization-l1-2-0.dll
0x0000022e4f9c0000 - 0x0000022e4f9c3000 	C:\Users\Administrateur\Desktop\logiciels\openjfx-11.0.2_windows-x64_bin-sdk\javafx-sdk-11.0.2\bin\api-ms-win-core-memory-l1-1-0.dll
0x0000022e4f9d0000 - 0x0000022e4f9d3000 	C:\Users\Administrateur\Desktop\logiciels\openjfx-11.0.2_windows-x64_bin-sdk\javafx-sdk-11.0.2\bin\api-ms-win-core-namedpipe-l1-1-0.dll
0x0000022e4f9e0000 - 0x0000022e4f9e3000 	C:\Users\Administrateur\Desktop\logiciels\openjfx-11.0.2_windows-x64_bin-sdk\javafx-sdk-11.0.2\bin\api-ms-win-core-processenvironment-l1-1-0.dll
0x0000022e700c0000 - 0x0000022e700c3000 	C:\Users\Administrateur\Desktop\logiciels\openjfx-11.0.2_windows-x64_bin-sdk\javafx-sdk-11.0.2\bin\api-ms-win-core-processthreads-l1-1-0.dll
0x0000022e700d0000 - 0x0000022e700d3000 	C:\Users\Administrateur\Desktop\logiciels\openjfx-11.0.2_windows-x64_bin-sdk\javafx-sdk-11.0.2\bin\api-ms-win-core-processthreads-l1-1-1.dll
0x0000022e700e0000 - 0x0000022e700e3000 	C:\Users\Administrateur\Desktop\logiciels\openjfx-11.0.2_windows-x64_bin-sdk\javafx-sdk-11.0.2\bin\api-ms-win-core-profile-l1-1-0.dll
0x0000022e700f0000 - 0x0000022e700f3000 	C:\Users\Administrateur\Desktop\logiciels\openjfx-11.0.2_windows-x64_bin-sdk\javafx-sdk-11.0.2\bin\api-ms-win-core-rtlsupport-l1-1-0.dll
0x0000022e70100000 - 0x0000022e70103000 	C:\Users\Administrateur\Desktop\logiciels\openjfx-11.0.2_windows-x64_bin-sdk\javafx-sdk-11.0.2\bin\api-ms-win-core-string-l1-1-0.dll
0x0000022e70110000 - 0x0000022e70113000 	C:\Users\Administrateur\Desktop\logiciels\openjfx-11.0.2_windows-x64_bin-sdk\javafx-sdk-11.0.2\bin\api-ms-win-core-synch-l1-1-0.dll
0x0000022e70120000 - 0x0000022e70123000 	C:\Users\Administrateur\Desktop\logiciels\openjfx-11.0.2_windows-x64_bin-sdk\javafx-sdk-11.0.2\bin\api-ms-win-core-synch-l1-2-0.dll
0x0000022e70130000 - 0x0000022e70133000 	C:\Users\Administrateur\Desktop\logiciels\openjfx-11.0.2_windows-x64_bin-sdk\javafx-sdk-11.0.2\bin\api-ms-win-core-sysinfo-l1-1-0.dll
0x0000022e70140000 - 0x0000022e70143000 	C:\Users\Administrateur\Desktop\logiciels\openjfx-11.0.2_windows-x64_bin-sdk\javafx-sdk-11.0.2\bin\api-ms-win-core-timezone-l1-1-0.dll
0x0000022e70150000 - 0x0000022e70153000 	C:\Users\Administrateur\Desktop\logiciels\openjfx-11.0.2_windows-x64_bin-sdk\javafx-sdk-11.0.2\bin\api-ms-win-core-util-l1-1-0.dll
0x0000022e70160000 - 0x0000022e70163000 	C:\Users\Administrateur\Desktop\logiciels\openjfx-11.0.2_windows-x64_bin-sdk\javafx-sdk-11.0.2\bin\api-ms-win-crt-conio-l1-1-0.dll
0x0000022e70170000 - 0x0000022e70174000 	C:\Users\Administrateur\Desktop\logiciels\openjfx-11.0.2_windows-x64_bin-sdk\javafx-sdk-11.0.2\bin\api-ms-win-crt-convert-l1-1-0.dll
0x0000022e70180000 - 0x0000022e70183000 	C:\Users\Administrateur\Desktop\logiciels\openjfx-11.0.2_windows-x64_bin-sdk\javafx-sdk-11.0.2\bin\api-ms-win-crt-environment-l1-1-0.dll
0x0000022e70190000 - 0x0000022e70193000 	C:\Users\Administrateur\Desktop\logiciels\openjfx-11.0.2_windows-x64_bin-sdk\javafx-sdk-11.0.2\bin\api-ms-win-crt-filesystem-l1-1-0.dll
0x0000022e701a0000 - 0x0000022e701a3000 	C:\Users\Administrateur\Desktop\logiciels\openjfx-11.0.2_windows-x64_bin-sdk\javafx-sdk-11.0.2\bin\api-ms-win-crt-heap-l1-1-0.dll
0x0000022e701b0000 - 0x0000022e701b3000 	C:\Users\Administrateur\Desktop\logiciels\openjfx-11.0.2_windows-x64_bin-sdk\javafx-sdk-11.0.2\bin\api-ms-win-crt-locale-l1-1-0.dll
0x0000022e701c0000 - 0x0000022e701c5000 	C:\Users\Administrateur\Desktop\logiciels\openjfx-11.0.2_windows-x64_bin-sdk\javafx-sdk-11.0.2\bin\api-ms-win-crt-math-l1-1-0.dll
0x0000022e701d0000 - 0x0000022e701d5000 	C:\Users\Administrateur\Desktop\logiciels\openjfx-11.0.2_windows-x64_bin-sdk\javafx-sdk-11.0.2\bin\api-ms-win-crt-multibyte-l1-1-0.dll
0x0000022e701e0000 - 0x0000022e701f0000 	C:\Users\Administrateur\Desktop\logiciels\openjfx-11.0.2_windows-x64_bin-sdk\javafx-sdk-11.0.2\bin\api-ms-win-crt-private-l1-1-0.dll
0x0000022e701f0000 - 0x0000022e701f3000 	C:\Users\Administrateur\Desktop\logiciels\openjfx-11.0.2_windows-x64_bin-sdk\javafx-sdk-11.0.2\bin\api-ms-win-crt-process-l1-1-0.dll
0x0000022e70200000 - 0x0000022e70204000 	C:\Users\Administrateur\Desktop\logiciels\openjfx-11.0.2_windows-x64_bin-sdk\javafx-sdk-11.0.2\bin\api-ms-win-crt-runtime-l1-1-0.dll
0x0000022e70210000 - 0x0000022e70214000 	C:\Users\Administrateur\Desktop\logiciels\openjfx-11.0.2_windows-x64_bin-sdk\javafx-sdk-11.0.2\bin\api-ms-win-crt-stdio-l1-1-0.dll
0x0000022e70220000 - 0x0000022e70224000 	C:\Users\Administrateur\Desktop\logiciels\openjfx-11.0.2_windows-x64_bin-sdk\javafx-sdk-11.0.2\bin\api-ms-win-crt-string-l1-1-0.dll
0x0000022e70230000 - 0x0000022e70233000 	C:\Users\Administrateur\Desktop\logiciels\openjfx-11.0.2_windows-x64_bin-sdk\javafx-sdk-11.0.2\bin\api-ms-win-crt-time-l1-1-0.dll
0x0000022e70240000 - 0x0000022e70243000 	C:\Users\Administrateur\Desktop\logiciels\openjfx-11.0.2_windows-x64_bin-sdk\javafx-sdk-11.0.2\bin\api-ms-win-crt-utility-l1-1-0.dll
0x00007ffb00430000 - 0x00007ffb0052a000 	C:\Users\Administrateur\Desktop\logiciels\openjfx-11.0.2_windows-x64_bin-sdk\javafx-sdk-11.0.2\bin\ucrtbase.dll
0x00007ffb10080000 - 0x00007ffb10096000 	C:\Users\Administrateur\Desktop\logiciels\openjfx-11.0.2_windows-x64_bin-sdk\javafx-sdk-11.0.2\bin\vcruntime140.dll
0x00007ffb00380000 - 0x00007ffb00426000 	C:\Users\Administrateur\Desktop\logiciels\openjfx-11.0.2_windows-x64_bin-sdk\javafx-sdk-11.0.2\bin\msvcp140.dll
0x00007ffb0d2b0000 - 0x00007ffb0d301000 	C:\Users\Administrateur\Desktop\logiciels\openjfx-11.0.2_windows-x64_bin-sdk\javafx-sdk-11.0.2\bin\concrt140.dll
0x00007ffb0fa70000 - 0x00007ffb0fa93000 	C:\Users\Administrateur\Desktop\logiciels\openjfx-11.0.2_windows-x64_bin-sdk\javafx-sdk-11.0.2\bin\prism_d3d.dll
0x00007ffadab60000 - 0x00007ffadad2e000 	C:\WINDOWS\system32\d3d9.dll
0x00007ffb181b0000 - 0x00007ffb181df000 	C:\WINDOWS\SYSTEM32\dwmapi.dll
0x00007ffb17ff0000 - 0x00007ffb1808e000 	C:\WINDOWS\system32\uxtheme.dll
0x00007ffaef430000 - 0x00007ffaefe9e000 	C:\WINDOWS\SYSTEM32\igdumdim64.dll
0x00007ffb0dac0000 - 0x00007ffb0df24000 	C:\WINDOWS\SYSTEM32\igdusc64.dll
0x00007ffb05660000 - 0x00007ffb056a5000 	C:\Users\Administrateur\Desktop\logiciels\openjfx-11.0.2_windows-x64_bin-sdk\javafx-sdk-11.0.2\bin\glass.dll
0x00007ffb1b0a0000 - 0x00007ffb1b17a000 	C:\WINDOWS\System32\COMDLG32.dll
0x00007ffb1c020000 - 0x00007ffb1c14a000 	C:\WINDOWS\System32\ole32.dll
0x00007ffb1b180000 - 0x00007ffb1b24d000 	C:\WINDOWS\System32\OLEAUT32.dll
0x00007ffb1c4d0000 - 0x00007ffb1c5e5000 	C:\WINDOWS\System32\MSCTF.dll
0x00007ffb10060000 - 0x00007ffb10074000 	C:\Users\Administrateur\Desktop\logiciels\openjfx-11.0.2_windows-x64_bin-sdk\javafx-sdk-11.0.2\bin\javafx_font.dll
0x00007ffb0fb50000 - 0x00007ffb0fdcf000 	C:\WINDOWS\SYSTEM32\dwrite.dll
0x00007ffb1af70000 - 0x00007ffb1b019000 	C:\WINDOWS\System32\clbcatq.dll
0x00007ffb123f0000 - 0x00007ffb125a4000 	C:\WINDOWS\SYSTEM32\WindowsCodecs.dll
0x00007ffb1a7d0000 - 0x00007ffb1a7f7000 	C:\WINDOWS\System32\bcrypt.dll
0x00007ffb01a10000 - 0x00007ffb01a4e000 	C:\WINDOWS\system32\dataexchange.dll
0x00007ffb171d0000 - 0x00007ffb173b6000 	C:\WINDOWS\system32\dcomp.dll
0x00007ffb16540000 - 0x00007ffb167a4000 	C:\WINDOWS\system32\d3d11.dll
0x00007ffb18f50000 - 0x00007ffb19044000 	C:\WINDOWS\system32\dxgi.dll
0x00007ffb12f90000 - 0x00007ffb13191000 	C:\WINDOWS\system32\twinapi.appcore.dll
0x00007ffb00340000 - 0x00007ffb00374000 	C:\Program Files\Common Files\Microsoft Shared\Ink\rtscom.dll
0x00007ffb11ca0000 - 0x00007ffb11d99000 	C:\WINDOWS\SYSTEM32\textinputframework.dll
0x00007ffb17d50000 - 0x00007ffb17e42000 	C:\WINDOWS\System32\CoreMessaging.dll
0x00007ffb178f0000 - 0x00007ffb17c4e000 	C:\WINDOWS\System32\CoreUIComponents.dll
0x00007ffb19360000 - 0x00007ffb19393000 	C:\WINDOWS\SYSTEM32\ntmarta.dll
0x00007ffb17790000 - 0x00007ffb178e4000 	C:\WINDOWS\SYSTEM32\wintypes.dll
0x00007ffb09970000 - 0x00007ffb099d6000 	C:\WINDOWS\system32\Oleacc.dll
0x00007ffb167b0000 - 0x00007ffb16d70000 	C:\WINDOWS\SYSTEM32\d2d1.dll
0x00007ffb106f0000 - 0x00007ffb10de6000 	C:\WINDOWS\SYSTEM32\D3D10Warp.dll
0x00007ffb10e40000 - 0x00007ffb10e7b000 	C:\WINDOWS\SYSTEM32\dxcore.dll
0x00007ffb1aa90000 - 0x00007ffb1aade000 	C:\WINDOWS\System32\cfgmgr32.dll
0x00007ffb16090000 - 0x00007ffb16186000 	C:\WINDOWS\SYSTEM32\PROPSYS.dll
0x00007ffafa8a0000 - 0x00007ffafaa4e000 	C:\WINDOWS\SYSTEM32\DUI70.dll
0x00007ffb0a420000 - 0x00007ffb0a4b5000 	C:\WINDOWS\SYSTEM32\DUser.dll
0x00007ffadb000000 - 0x00007ffadb0a9000 	C:\Program Files\Common Files\microsoft shared\ink\tiptsf.dll
0x00007ffb14210000 - 0x00007ffb1421d000 	C:\WINDOWS\SYSTEM32\atlthunk.dll

dbghelp: loaded successfully - version: 4.0.5 - missing functions: none
symbol engine: initialized successfully - sym options: 0x614 - pdb path: .;C:\Program Files\Java\jdk-11.0.3\bin;C:\WINDOWS\SYSTEM32;C:\WINDOWS\WinSxS\amd64_microsoft.windows.common-controls_6595b64144ccf1df_6.0.19041.1052_none_60b8f8fd71f5e8cb;C:\Program Files\Java\jdk-11.0.3\bin\server;C:\Program Files\JetBrains\IntelliJ IDEA Community Edition 2020.3.2\bin;C:\Users\Administrateur\Desktop\logiciels\openjfx-11.0.2_windows-x64_bin-sdk\javafx-sdk-11.0.2\bin;C:\Program Files\Common Files\Microsoft Shared\Ink;C:\Users\Administrateur\AppData\Local\Microsoft\OneDrive\21.099.0516.0003

VM Arguments:
jvm_args: --module-path=C:\Users\Administrateur\Desktop\logiciels\openjfx-11.0.2_windows-x64_bin-sdk\javafx-sdk-11.0.2\lib --add-modules=javafx.controls,javafx.fxml -javaagent:C:\Program Files\JetBrains\IntelliJ IDEA Community Edition 2020.3.2\lib\idea_rt.jar=62357:C:\Program Files\JetBrains\IntelliJ IDEA Community Edition 2020.3.2\bin -Dfile.encoding=UTF-8 
java_command: Main
java_class_path (initial): C:\Users\Administrateur\IdeaProjects\MiniProjet_MAE\out\production\MiniProjet_MAE;C:\Users\Administrateur\Desktop\logiciels\openjfx-11.0.2_windows-x64_bin-sdk\javafx-sdk-11.0.2\lib\src.zip;C:\Users\Administrateur\Desktop\logiciels\openjfx-11.0.2_windows-x64_bin-sdk\javafx-sdk-11.0.2\lib\javafx-swt.jar;C:\Users\Administrateur\Desktop\logiciels\openjfx-11.0.2_windows-x64_bin-sdk\javafx-sdk-11.0.2\lib\javafx.web.jar;C:\Users\Administrateur\Desktop\logiciels\openjfx-11.0.2_windows-x64_bin-sdk\javafx-sdk-11.0.2\lib\javafx.base.jar;C:\Users\Administrateur\Desktop\logiciels\openjfx-11.0.2_windows-x64_bin-sdk\javafx-sdk-11.0.2\lib\javafx.fxml.jar;C:\Users\Administrateur\Desktop\logiciels\openjfx-11.0.2_windows-x64_bin-sdk\javafx-sdk-11.0.2\lib\javafx.media.jar;C:\Users\Administrateur\Desktop\logiciels\openjfx-11.0.2_windows-x64_bin-sdk\javafx-sdk-11.0.2\lib\javafx.swing.jar;C:\Users\Administrateur\Desktop\logiciels\openjfx-11.0.2_windows-x64_bin-sdk\javafx-sdk-11.0.2\lib\javafx.controls.jar;C:\Users\Administrateur\Desktop\logiciels\openjfx-11.0.2_windows-x64_bin-sdk\javafx-sdk-11.0.2\lib\javafx.graphics.jar
Launcher Type: SUN_STANDARD

[Global flags]
     intx CICompilerCount                          = 3                                         {product} {ergonomic}
     uint ConcGCThreads                            = 1                                         {product} {ergonomic}
     uint G1ConcRefinementThreads                  = 4                                         {product} {ergonomic}
   size_t G1HeapRegionSize                         = 1048576                                   {product} {ergonomic}
    uintx GCDrainStackTargetSize                   = 64                                        {product} {ergonomic}
   size_t InitialHeapSize                          = 130023424                                 {product} {ergonomic}
   size_t MarkStackSize                            = 4194304                                   {product} {ergonomic}
   size_t MaxHeapSize                              = 2067791872                                {product} {ergonomic}
   size_t MaxNewSize                               = 1240465408                                {product} {ergonomic}
   size_t MinHeapDeltaBytes                        = 1048576                                   {product} {ergonomic}
    uintx NonNMethodCodeHeapSize                   = 5830092                                {pd product} {ergonomic}
    uintx NonProfiledCodeHeapSize                  = 122914074                              {pd product} {ergonomic}
    uintx ProfiledCodeHeapSize                     = 122914074                              {pd product} {ergonomic}
    uintx ReservedCodeCacheSize                    = 251658240                              {pd product} {ergonomic}
     bool SegmentedCodeCache                       = true                                      {product} {ergonomic}
     bool UseCompressedClassPointers               = true                                 {lp64_product} {ergonomic}
     bool UseCompressedOops                        = true                                 {lp64_product} {ergonomic}
     bool UseG1GC                                  = true                                      {product} {ergonomic}
     bool UseLargePagesIndividualAllocation        = false                                  {pd product} {ergonomic}

Logging:
Log output configuration:
 #0: stdout all=warning uptime,level,tags
 #1: stderr all=off uptime,level,tags

Environment Variables:
JAVA_HOME=C:\Program Files\Java\jdk1.8.0_221
CLASSPATH=C:\Program Files (x86)\antlr-4.9.1-complete.jar;
PATH=C:\oraclexe\app\oracle\product\10.2.0\server\bin;C:\Program Files (x86)\Microsoft SDKs\Azure\CLI2\wbin;C:\oraclexe\app\oracle\product\11.2.0\server\bin;E:\app\radia\product\12.1.0\dbhome_2\bin;E:\app\radia\product\12.1.0\dbhome_1\bin;C:\Program Files (x86)\Common Files\Oracle\Java\javapath;C:\WINDOWS\system32;C:\WINDOWS;C:\WINDOWS\System32\Wbem;C:\WINDOWS\System32\WindowsPowerShell\v1.0\;C:\WINDOWS\System32\OpenSSH\;C:\Program Files (x86)\CodeBlocks\MinGW\bin;C:\Program Files (x86)\GnuWin32\bin;C:\Users\Administrateur\PycharmProjects\untitled2\venv\Scripts;C:\Program Files\nodejs\;C:\Program Files\Java\jdk1.8.0_221\bin;C:\Program Files\gradle-2.8-all\gradle-2.8\bin;C:\Program Files\Git\cmd;C:\Program Files\MATLAB\R2013a\runtime\win64;C:\Program Files\MATLAB\R2013a\bin;C:\Users\Administrateur\AppData\Local\Microsoft\WindowsApps;C:\Users\Administrateur\AppData\Local\Programs\Microsoft VS Code\bin;C:\Users\Administrateur\AppData\Roaming\npm;C:\Users\Administrateur\AppData\Local\GitHubDesktop\bin;
USERNAME=Administrateur
OS=Windows_NT
PROCESSOR_IDENTIFIER=Intel64 Family 6 Model 58 Stepping 9, GenuineIntel



---------------  S Y S T E M  ---------------

OS: Windows 10 , 64 bit Build 19041 (10.0.19041.1023)

CPU:total 4 (initial active 4) (2 cores per cpu, 2 threads per core) family 6 model 58 stepping 9, cmov, cx8, fxsr, mmx, sse, sse2, sse3, ssse3, sse4.1, sse4.2, popcnt, avx, aes, clmul, erms, ht, tsc, tscinvbit, tscinv

Memory: 4k page, system-wide physical 7887M (1514M free)
TotalPageFile size 7887M (AvailPageFile size 313M)
current process WorkingSet (physical memory assigned to process): 523M, peak: 546M
current process commit charge ("private bytes"): 635M, peak: 1175M

vm_info: Java HotSpot(TM) 64-Bit Server VM (11.0.3+12-LTS) for windows-amd64 JRE (11.0.3+12-LTS), built on Apr  2 2019 12:43:09 by "mach5one" with MS VC++ 15.5 (VS2017)

END.
