#
# There is insufficient memory for the Java Runtime Environment to continue.
# Native memory allocation (mmap) failed to map 31457280 bytes for Failed to commit area from 0x000000008e100000 to 0x000000008ff00000 of length 31457280.
# Possible reasons:
#   The system is out of physical RAM or swap space
#   The process is running with CompressedOops enabled, and the Java Heap may be blocking the growth of the native heap
# Possible solutions:
#   Reduce memory load on the system
#   Increase physical memory or swap space
#   Check if swap backing store is full
#   Decrease Java heap size (-Xmx/-Xms)
#   Decrease number of Java threads
#   Decrease Java thread stack sizes (-Xss)
#   Set larger code cache with -XX:ReservedCodeCacheSize=
#   JVM is running with Unscaled Compressed Oops mode in which the Java heap is
#     placed in the first 4GB address space. The Java Heap base address is the
#     maximum limit for the native heap growth. Please use -XX:HeapBaseMinAddress
#     to set the Java Heap base and to place the Java Heap above 4GB virtual address.
# This output file may be truncated or incomplete.
#
#  Out of Memory Error (t:/workspace/open/src/hotspot/os/windows/os_windows.cpp:3254), pid=10600, tid=8120
#
# JRE version: Java(TM) SE Runtime Environment (12.0.1+12) (build 12.0.1+12)
# Java VM: Java HotSpot(TM) 64-Bit Server VM (12.0.1+12, mixed mode, sharing, tiered, compressed oops, g1 gc, windows-amd64)
# No core dump will be written. Minidumps are not enabled by default on client versions of Windows
#

---------------  S U M M A R Y ------------

Command Line: -javaagent:C:\Program Files\JetBrains\IntelliJ IDEA Community Edition 2020.3.2\lib\idea_rt.jar=52422:C:\Program Files\JetBrains\IntelliJ IDEA Community Edition 2020.3.2\bin -Dfile.encoding=UTF-8 classeMain

Host: Intel(R) Core(TM) i5-3320M CPU @ 2.60GHz, 4 cores, 7G,  Windows 10 , 64 bit Build 19041 (10.0.19041.928)
Time: Thu May 27 23:12:32 2021 Paris, Madrid (heure d’été) elapsed time: 2 seconds (0d 0h 0m 2s)

---------------  T H R E A D  ---------------

Current thread (0x0000014b3bcae000):  VMThread "VM Thread" [stack: 0x0000004725600000,0x0000004725700000] [id=8120]

Stack: [0x0000004725600000,0x0000004725700000]
[error occurred during error reporting (printing stack bounds), id 0xc0000005, EXCEPTION_ACCESS_VIOLATION (0xc0000005) at pc=0x0000014b43fe0bad]

Native frames: (J=compiled Java code, j=interpreted, Vv=VM code, C=native code)
V  [jvm.dll+0x63948a]
V  [jvm.dll+0x78b31f]
V  [jvm.dll+0x78c9c1]
V  [jvm.dll+0x78cf75]
V  [jvm.dll+0x78cf2b]
V  [jvm.dll+0x638b84]
V  [jvm.dll+0x638f58]
C  [ntdll.dll+0xa217f]
C  [ntdll.dll+0x51454]
C  [ntdll.dll+0xa0cae]
C  0x0000014b43fe0bad

VM_Operation (0x00000047250fe500): G1CollectForAllocation, mode: safepoint, requested by thread 0x0000014b3bbc6000


---------------  P R O C E S S  ---------------

Threads class SMR info:
_java_thread_list=0x0000014b5b003b60, length=12, elements={
0x0000014b3bbc6000, 0x0000014b5a4fe800, 0x0000014b5a500000, 0x0000014b5a515800,
0x0000014b5a516800, 0x0000014b5a518800, 0x0000014b5a522000, 0x0000014b5a523800,
0x0000014b5af7e000, 0x0000014b5b0ab000, 0x0000014b5b004800, 0x0000014b5b005800
}

Java Threads: ( => current thread )
  0x0000014b3bbc6000 JavaThread "main" [_thread_blocked, id=6672, stack(0x0000004725000000,0x0000004725100000)]
  0x0000014b5a4fe800 JavaThread "Reference Handler" daemon [_thread_blocked, id=3088, stack(0x0000004725700000,0x0000004725800000)]
  0x0000014b5a500000 JavaThread "Finalizer" daemon [_thread_blocked, id=8456, stack(0x0000004725800000,0x0000004725900000)]
  0x0000014b5a515800 JavaThread "Signal Dispatcher" daemon [_thread_blocked, id=4384, stack(0x0000004725900000,0x0000004725a00000)]
  0x0000014b5a516800 JavaThread "Attach Listener" daemon [_thread_blocked, id=3052, stack(0x0000004725a00000,0x0000004725b00000)]
  0x0000014b5a518800 JavaThread "C2 CompilerThread0" daemon [_thread_blocked, id=13284, stack(0x0000004725b00000,0x0000004725c00000)]
  0x0000014b5a522000 JavaThread "C1 CompilerThread0" daemon [_thread_blocked, id=8936, stack(0x0000004725c00000,0x0000004725d00000)]
  0x0000014b5a523800 JavaThread "Sweeper thread" daemon [_thread_blocked, id=6388, stack(0x0000004725d00000,0x0000004725e00000)]
  0x0000014b5af7e000 JavaThread "Common-Cleaner" daemon [_thread_blocked, id=12752, stack(0x0000004725e00000,0x0000004725f00000)]
  0x0000014b5b0ab000 JavaThread "C2 CompilerThread1" daemon [_thread_blocked, id=12612, stack(0x0000004725f00000,0x0000004726000000)]
  0x0000014b5b004800 JavaThread "Monitor Ctrl-Break" daemon [_thread_in_native, id=13116, stack(0x0000004726000000,0x0000004726100000)]
  0x0000014b5b005800 JavaThread "Service Thread" daemon [_thread_blocked, id=6648, stack(0x0000004726100000,0x0000004726200000)]

Other Threads:
=>0x0000014b3bcae000 VMThread "VM Thread" [stack: 0x0000004725600000,0x0000004725700000] [id=8120]
  0x0000014b5b0c8000 WatcherThread [stack: 0x0000004726200000,0x0000004726300000] [id=6116]
  0x0000014b3bc06000 GCTaskThread "GC Thread#0" [stack: 0x0000004725100000,0x0000004725200000] [id=13512]
  0x0000014b5b1e0800 GCTaskThread "GC Thread#1" [stack: 0x0000004726300000,0x0000004726400000] [id=4788]
  0x0000014b5b1df800 GCTaskThread "GC Thread#2" [stack: 0x0000004726400000,0x0000004726500000] [id=9008]
  0x0000014b3bc14000 ConcurrentGCThread "G1 Main Marker" [stack: 0x0000004725200000,0x0000004725300000] [id=3144]
  0x0000014b3bc18000 ConcurrentGCThread "G1 Conc#0" [stack: 0x0000004725300000,0x0000004725400000] [id=5932]
  0x0000014b3bc96800 ConcurrentGCThread "G1 Refine#0" [stack: 0x0000004725400000,0x0000004725500000] [id=10560]
  0x0000014b3bc97800 ConcurrentGCThread "G1 Young RemSet Sampling" [stack: 0x0000004725500000,0x0000004725600000] [id=13772]

Threads with active compile tasks:

VM state:at safepoint (normal execution)

VM Mutex/Monitor currently owned by a thread:  ([mutex/lock_event])
[0x0000014b3bbc20c0] Threads_lock - owner thread: 0x0000014b3bcae000
[0x0000014b3bbc33e0] Heap_lock - owner thread: 0x0000014b3bbc6000

Heap address: 0x0000000084c00000, size: 1972 MB, Compressed Oops mode: 32-bit
Narrow klass base: 0x0000000800000000, Narrow klass shift: 3
Compressed class space size: 1073741824 Address: 0x00000008011a0000

Heap:
 garbage-first heap   total 183296K, used 2598K [0x0000000084c00000, 0x0000000100000000)
  region size 1024K, 3 young (3072K), 3 survivors (3072K)
 Metaspace       used 1245K, capacity 4655K, committed 4864K, reserved 1056768K
  class space    used 111K, capacity 420K, committed 512K, reserved 1048576K
Heap Regions: E=young(eden), S=young(survivor), O=old, HS=humongous(starts), HC=humongous(continues), CS=collection set, F=free, A=archive, TAMS=top-at-mark-start (previous, next)
|   0|0x0000000084c00000, 0x0000000084c0f200, 0x0000000084d00000|  5%| O|  |TAMS 0x0000000084c00000, 0x0000000084c00000| Untracked 
|   1|0x0000000084d00000, 0x0000000084d00000, 0x0000000084e00000|  0%| F|  |TAMS 0x0000000084d00000, 0x0000000084d00000| Untracked 
|   2|0x0000000084e00000, 0x0000000084e00000, 0x0000000084f00000|  0%| F|  |TAMS 0x0000000084e00000, 0x0000000084e00000| Untracked 
|   3|0x0000000084f00000, 0x0000000084f00000, 0x0000000085000000|  0%| F|  |TAMS 0x0000000084f00000, 0x0000000084f00000| Untracked 
|   4|0x0000000085000000, 0x0000000085000000, 0x0000000085100000|  0%| F|  |TAMS 0x0000000085000000, 0x0000000085000000| Untracked 
|   5|0x0000000085100000, 0x0000000085100000, 0x0000000085200000|  0%| F|  |TAMS 0x0000000085100000, 0x0000000085100000| Untracked 
|   6|0x0000000085200000, 0x0000000085200000, 0x0000000085300000|  0%| F|  |TAMS 0x0000000085200000, 0x0000000085200000| Untracked 
|   7|0x0000000085300000, 0x0000000085300000, 0x0000000085400000|  0%| F|  |TAMS 0x0000000085300000, 0x0000000085300000| Untracked 
|   8|0x0000000085400000, 0x0000000085400000, 0x0000000085500000|  0%| F|  |TAMS 0x0000000085400000, 0x0000000085400000| Untracked 
|   9|0x0000000085500000, 0x0000000085500000, 0x0000000085600000|  0%| F|  |TAMS 0x0000000085500000, 0x0000000085500000| Untracked 
|  10|0x0000000085600000, 0x0000000085600000, 0x0000000085700000|  0%| F|  |TAMS 0x0000000085600000, 0x0000000085600000| Untracked 
|  11|0x0000000085700000, 0x0000000085700000, 0x0000000085800000|  0%| F|  |TAMS 0x0000000085700000, 0x0000000085700000| Untracked 
|  12|0x0000000085800000, 0x0000000085800000, 0x0000000085900000|  0%| F|  |TAMS 0x0000000085800000, 0x0000000085800000| Untracked 
|  13|0x0000000085900000, 0x0000000085900000, 0x0000000085a00000|  0%| F|  |TAMS 0x0000000085900000, 0x0000000085900000| Untracked 
|  14|0x0000000085a00000, 0x0000000085a00000, 0x0000000085b00000|  0%| F|  |TAMS 0x0000000085a00000, 0x0000000085a00000| Untracked 
|  15|0x0000000085b00000, 0x0000000085b00000, 0x0000000085c00000|  0%| F|  |TAMS 0x0000000085b00000, 0x0000000085b00000| Untracked 
|  16|0x0000000085c00000, 0x0000000085c00000, 0x0000000085d00000|  0%| F|  |TAMS 0x0000000085c00000, 0x0000000085c00000| Untracked 
|  17|0x0000000085d00000, 0x0000000085d00000, 0x0000000085e00000|  0%| F|  |TAMS 0x0000000085d00000, 0x0000000085d00000| Untracked 
|  18|0x0000000085e00000, 0x0000000085e00000, 0x0000000085f00000|  0%| F|  |TAMS 0x0000000085e00000, 0x0000000085e00000| Untracked 
|  19|0x0000000085f00000, 0x0000000085f00000, 0x0000000086000000|  0%| F|  |TAMS 0x0000000085f00000, 0x0000000085f00000| Untracked 
|  20|0x0000000086000000, 0x0000000086000000, 0x0000000086100000|  0%| F|  |TAMS 0x0000000086000000, 0x0000000086000000| Untracked 
|  21|0x0000000086100000, 0x0000000086100000, 0x0000000086200000|  0%| F|  |TAMS 0x0000000086100000, 0x0000000086100000| Untracked 
|  22|0x0000000086200000, 0x0000000086200000, 0x0000000086300000|  0%| F|  |TAMS 0x0000000086200000, 0x0000000086200000| Untracked 
|  23|0x0000000086300000, 0x0000000086300000, 0x0000000086400000|  0%| F|  |TAMS 0x0000000086300000, 0x0000000086300000| Untracked 
|  24|0x0000000086400000, 0x0000000086400000, 0x0000000086500000|  0%| F|  |TAMS 0x0000000086400000, 0x0000000086400000| Untracked 
|  25|0x0000000086500000, 0x0000000086500000, 0x0000000086600000|  0%| F|  |TAMS 0x0000000086500000, 0x0000000086500000| Untracked 
|  26|0x0000000086600000, 0x0000000086600000, 0x0000000086700000|  0%| F|  |TAMS 0x0000000086600000, 0x0000000086600000| Untracked 
|  27|0x0000000086700000, 0x0000000086700000, 0x0000000086800000|  0%| F|  |TAMS 0x0000000086700000, 0x0000000086700000| Untracked 
|  28|0x0000000086800000, 0x0000000086800000, 0x0000000086900000|  0%| F|  |TAMS 0x0000000086800000, 0x0000000086800000| Untracked 
|  29|0x0000000086900000, 0x0000000086900000, 0x0000000086a00000|  0%| F|  |TAMS 0x0000000086900000, 0x0000000086900000| Untracked 
|  30|0x0000000086a00000, 0x0000000086a00000, 0x0000000086b00000|  0%| F|  |TAMS 0x0000000086a00000, 0x0000000086a00000| Untracked 
|  31|0x0000000086b00000, 0x0000000086b00000, 0x0000000086c00000|  0%| F|  |TAMS 0x0000000086b00000, 0x0000000086b00000| Untracked 
|  32|0x0000000086c00000, 0x0000000086c00000, 0x0000000086d00000|  0%| F|  |TAMS 0x0000000086c00000, 0x0000000086c00000| Untracked 
|  33|0x0000000086d00000, 0x0000000086d00000, 0x0000000086e00000|  0%| F|  |TAMS 0x0000000086d00000, 0x0000000086d00000| Untracked 
|  34|0x0000000086e00000, 0x0000000086e00000, 0x0000000086f00000|  0%| F|  |TAMS 0x0000000086e00000, 0x0000000086e00000| Untracked 
|  35|0x0000000086f00000, 0x0000000086f00000, 0x0000000087000000|  0%| F|  |TAMS 0x0000000086f00000, 0x0000000086f00000| Untracked 
|  36|0x0000000087000000, 0x0000000087000000, 0x0000000087100000|  0%| F|  |TAMS 0x0000000087000000, 0x0000000087000000| Untracked 
|  37|0x0000000087100000, 0x0000000087100000, 0x0000000087200000|  0%| F|  |TAMS 0x0000000087100000, 0x0000000087100000| Untracked 
|  38|0x0000000087200000, 0x0000000087200000, 0x0000000087300000|  0%| F|  |TAMS 0x0000000087200000, 0x0000000087200000| Untracked 
|  39|0x0000000087300000, 0x0000000087300000, 0x0000000087400000|  0%| F|  |TAMS 0x0000000087300000, 0x0000000087300000| Untracked 
|  40|0x0000000087400000, 0x0000000087400000, 0x0000000087500000|  0%| F|  |TAMS 0x0000000087400000, 0x0000000087400000| Untracked 
|  41|0x0000000087500000, 0x0000000087500000, 0x0000000087600000|  0%| F|  |TAMS 0x0000000087500000, 0x0000000087500000| Untracked 
|  42|0x0000000087600000, 0x0000000087600000, 0x0000000087700000|  0%| F|  |TAMS 0x0000000087600000, 0x0000000087600000| Untracked 
|  43|0x0000000087700000, 0x0000000087700000, 0x0000000087800000|  0%| F|  |TAMS 0x0000000087700000, 0x0000000087700000| Untracked 
|  44|0x0000000087800000, 0x0000000087800000, 0x0000000087900000|  0%| F|  |TAMS 0x0000000087800000, 0x0000000087800000| Untracked 
|  45|0x0000000087900000, 0x0000000087900000, 0x0000000087a00000|  0%| F|  |TAMS 0x0000000087900000, 0x0000000087900000| Untracked 
|  46|0x0000000087a00000, 0x0000000087a00000, 0x0000000087b00000|  0%| F|  |TAMS 0x0000000087a00000, 0x0000000087a00000| Untracked 
|  47|0x0000000087b00000, 0x0000000087b00000, 0x0000000087c00000|  0%| F|  |TAMS 0x0000000087b00000, 0x0000000087b00000| Untracked 
|  48|0x0000000087c00000, 0x0000000087c00000, 0x0000000087d00000|  0%| F|  |TAMS 0x0000000087c00000, 0x0000000087c00000| Untracked 
|  49|0x0000000087d00000, 0x0000000087d00000, 0x0000000087e00000|  0%| F|  |TAMS 0x0000000087d00000, 0x0000000087d00000| Untracked 
|  50|0x0000000087e00000, 0x0000000087e00000, 0x0000000087f00000|  0%| F|  |TAMS 0x0000000087e00000, 0x0000000087e00000| Untracked 
|  51|0x0000000087f00000, 0x0000000087f00000, 0x0000000088000000|  0%| F|  |TAMS 0x0000000087f00000, 0x0000000087f00000| Untracked 
|  52|0x0000000088000000, 0x0000000088000000, 0x0000000088100000|  0%| F|  |TAMS 0x0000000088000000, 0x0000000088000000| Untracked 
|  53|0x0000000088100000, 0x0000000088100000, 0x0000000088200000|  0%| F|  |TAMS 0x0000000088100000, 0x0000000088100000| Untracked 
|  54|0x0000000088200000, 0x0000000088200000, 0x0000000088300000|  0%| F|  |TAMS 0x0000000088200000, 0x0000000088200000| Untracked 
|  55|0x0000000088300000, 0x0000000088300000, 0x0000000088400000|  0%| F|  |TAMS 0x0000000088300000, 0x0000000088300000| Untracked 
|  56|0x0000000088400000, 0x0000000088400000, 0x0000000088500000|  0%| F|  |TAMS 0x0000000088400000, 0x0000000088400000| Untracked 
|  57|0x0000000088500000, 0x0000000088500000, 0x0000000088600000|  0%| F|  |TAMS 0x0000000088500000, 0x0000000088500000| Untracked 
|  58|0x0000000088600000, 0x0000000088600000, 0x0000000088700000|  0%| F|  |TAMS 0x0000000088600000, 0x0000000088600000| Untracked 
|  59|0x0000000088700000, 0x0000000088700000, 0x0000000088800000|  0%| F|  |TAMS 0x0000000088700000, 0x0000000088700000| Untracked 
|  60|0x0000000088800000, 0x000000008887a670, 0x0000000088900000| 47%| S|CS|TAMS 0x0000000088800000, 0x0000000088800000| Complete 
|  61|0x0000000088900000, 0x0000000088a00000, 0x0000000088a00000|100%| S|CS|TAMS 0x0000000088900000, 0x0000000088900000| Complete 
|  62|0x0000000088a00000, 0x0000000088b00000, 0x0000000088b00000|100%| S|CS|TAMS 0x0000000088a00000, 0x0000000088a00000| Complete 
|  63|0x0000000088b00000, 0x0000000088b00000, 0x0000000088c00000|  0%| F|  |TAMS 0x0000000088b00000, 0x0000000088b00000| Untracked 
|  64|0x0000000088c00000, 0x0000000088c00000, 0x0000000088d00000|  0%| F|  |TAMS 0x0000000088c00000, 0x0000000088c00000| Untracked 
|  65|0x0000000088d00000, 0x0000000088d00000, 0x0000000088e00000|  0%| F|  |TAMS 0x0000000088d00000, 0x0000000088d00000| Untracked 
|  66|0x0000000088e00000, 0x0000000088e00000, 0x0000000088f00000|  0%| F|  |TAMS 0x0000000088e00000, 0x0000000088e00000| Untracked 
|  67|0x0000000088f00000, 0x0000000088f00000, 0x0000000089000000|  0%| F|  |TAMS 0x0000000088f00000, 0x0000000088f00000| Untracked 
|  68|0x0000000089000000, 0x0000000089000000, 0x0000000089100000|  0%| F|  |TAMS 0x0000000089000000, 0x0000000089000000| Untracked 
|  69|0x0000000089100000, 0x0000000089100000, 0x0000000089200000|  0%| F|  |TAMS 0x0000000089100000, 0x0000000089100000| Untracked 
|  70|0x0000000089200000, 0x0000000089200000, 0x0000000089300000|  0%| F|  |TAMS 0x0000000089200000, 0x0000000089200000| Untracked 
|  71|0x0000000089300000, 0x0000000089300000, 0x0000000089400000|  0%| F|  |TAMS 0x0000000089300000, 0x0000000089300000| Untracked 
|  72|0x0000000089400000, 0x0000000089400000, 0x0000000089500000|  0%| F|  |TAMS 0x0000000089400000, 0x0000000089400000| Untracked 
|  73|0x0000000089500000, 0x0000000089500000, 0x0000000089600000|  0%| F|  |TAMS 0x0000000089500000, 0x0000000089500000| Untracked 
|  74|0x0000000089600000, 0x0000000089600000, 0x0000000089700000|  0%| F|  |TAMS 0x0000000089600000, 0x0000000089600000| Untracked 
|  75|0x0000000089700000, 0x0000000089700000, 0x0000000089800000|  0%| F|  |TAMS 0x0000000089700000, 0x0000000089700000| Untracked 
|  76|0x0000000089800000, 0x0000000089800000, 0x0000000089900000|  0%| F|  |TAMS 0x0000000089800000, 0x0000000089800000| Untracked 
|  77|0x0000000089900000, 0x0000000089900000, 0x0000000089a00000|  0%| F|  |TAMS 0x0000000089900000, 0x0000000089900000| Untracked 
|  78|0x0000000089a00000, 0x0000000089a00000, 0x0000000089b00000|  0%| F|  |TAMS 0x0000000089a00000, 0x0000000089a00000| Untracked 
|  79|0x0000000089b00000, 0x0000000089b00000, 0x0000000089c00000|  0%| F|  |TAMS 0x0000000089b00000, 0x0000000089b00000| Untracked 
|  80|0x0000000089c00000, 0x0000000089c00000, 0x0000000089d00000|  0%| F|  |TAMS 0x0000000089c00000, 0x0000000089c00000| Untracked 
|  81|0x0000000089d00000, 0x0000000089d00000, 0x0000000089e00000|  0%| F|  |TAMS 0x0000000089d00000, 0x0000000089d00000| Untracked 
|  82|0x0000000089e00000, 0x0000000089e00000, 0x0000000089f00000|  0%| F|  |TAMS 0x0000000089e00000, 0x0000000089e00000| Untracked 
|  83|0x0000000089f00000, 0x0000000089f00000, 0x000000008a000000|  0%| F|  |TAMS 0x0000000089f00000, 0x0000000089f00000| Untracked 
|  84|0x000000008a000000, 0x000000008a000000, 0x000000008a100000|  0%| F|  |TAMS 0x000000008a000000, 0x000000008a000000| Untracked 
|  85|0x000000008a100000, 0x000000008a100000, 0x000000008a200000|  0%| F|  |TAMS 0x000000008a100000, 0x000000008a100000| Untracked 
|  86|0x000000008a200000, 0x000000008a200000, 0x000000008a300000|  0%| F|  |TAMS 0x000000008a200000, 0x000000008a200000| Untracked 
|  87|0x000000008a300000, 0x000000008a300000, 0x000000008a400000|  0%| F|  |TAMS 0x000000008a300000, 0x000000008a300000| Untracked 
|  88|0x000000008a400000, 0x000000008a400000, 0x000000008a500000|  0%| F|  |TAMS 0x000000008a400000, 0x000000008a400000| Untracked 
|  89|0x000000008a500000, 0x000000008a500000, 0x000000008a600000|  0%| F|  |TAMS 0x000000008a500000, 0x000000008a500000| Untracked 
|  90|0x000000008a600000, 0x000000008a600000, 0x000000008a700000|  0%| F|  |TAMS 0x000000008a600000, 0x000000008a600000| Untracked 
|  91|0x000000008a700000, 0x000000008a700000, 0x000000008a800000|  0%| F|  |TAMS 0x000000008a700000, 0x000000008a700000| Untracked 
|  92|0x000000008a800000, 0x000000008a800000, 0x000000008a900000|  0%| F|  |TAMS 0x000000008a800000, 0x000000008a800000| Untracked 
|  93|0x000000008a900000, 0x000000008a900000, 0x000000008aa00000|  0%| F|  |TAMS 0x000000008a900000, 0x000000008a900000| Untracked 
|  94|0x000000008aa00000, 0x000000008aa00000, 0x000000008ab00000|  0%| F|  |TAMS 0x000000008aa00000, 0x000000008aa00000| Untracked 
|  95|0x000000008ab00000, 0x000000008ab00000, 0x000000008ac00000|  0%| F|  |TAMS 0x000000008ab00000, 0x000000008ab00000| Untracked 
|  96|0x000000008ac00000, 0x000000008ac00000, 0x000000008ad00000|  0%| F|  |TAMS 0x000000008ac00000, 0x000000008ac00000| Untracked 
|  97|0x000000008ad00000, 0x000000008ad00000, 0x000000008ae00000|  0%| F|  |TAMS 0x000000008ad00000, 0x000000008ad00000| Untracked 
|  98|0x000000008ae00000, 0x000000008ae00000, 0x000000008af00000|  0%| F|  |TAMS 0x000000008ae00000, 0x000000008ae00000| Untracked 
|  99|0x000000008af00000, 0x000000008af00000, 0x000000008b000000|  0%| F|  |TAMS 0x000000008af00000, 0x000000008af00000| Untracked 
| 100|0x000000008b000000, 0x000000008b000000, 0x000000008b100000|  0%| F|  |TAMS 0x000000008b000000, 0x000000008b000000| Untracked 
| 101|0x000000008b100000, 0x000000008b100000, 0x000000008b200000|  0%| F|  |TAMS 0x000000008b100000, 0x000000008b100000| Untracked 
| 102|0x000000008b200000, 0x000000008b200000, 0x000000008b300000|  0%| F|  |TAMS 0x000000008b200000, 0x000000008b200000| Untracked 
| 103|0x000000008b300000, 0x000000008b300000, 0x000000008b400000|  0%| F|  |TAMS 0x000000008b300000, 0x000000008b300000| Untracked 
| 104|0x000000008b400000, 0x000000008b400000, 0x000000008b500000|  0%| F|  |TAMS 0x000000008b400000, 0x000000008b400000| Untracked 
| 105|0x000000008b500000, 0x000000008b500000, 0x000000008b600000|  0%| F|  |TAMS 0x000000008b500000, 0x000000008b500000| Untracked 
| 106|0x000000008b600000, 0x000000008b600000, 0x000000008b700000|  0%| F|  |TAMS 0x000000008b600000, 0x000000008b600000| Untracked 
| 107|0x000000008b700000, 0x000000008b700000, 0x000000008b800000|  0%| F|  |TAMS 0x000000008b700000, 0x000000008b700000| Untracked 
| 108|0x000000008b800000, 0x000000008b800000, 0x000000008b900000|  0%| F|  |TAMS 0x000000008b800000, 0x000000008b800000| Untracked 
| 109|0x000000008b900000, 0x000000008b900000, 0x000000008ba00000|  0%| F|  |TAMS 0x000000008b900000, 0x000000008b900000| Untracked 
| 110|0x000000008ba00000, 0x000000008ba00000, 0x000000008bb00000|  0%| F|  |TAMS 0x000000008ba00000, 0x000000008ba00000| Untracked 
| 111|0x000000008bb00000, 0x000000008bb00000, 0x000000008bc00000|  0%| F|  |TAMS 0x000000008bb00000, 0x000000008bb00000| Untracked 
| 112|0x000000008bc00000, 0x000000008bc00000, 0x000000008bd00000|  0%| F|  |TAMS 0x000000008bc00000, 0x000000008bc00000| Untracked 
| 113|0x000000008bd00000, 0x000000008bd00000, 0x000000008be00000|  0%| F|  |TAMS 0x000000008bd00000, 0x000000008bd00000| Untracked 
| 114|0x000000008be00000, 0x000000008be00000, 0x000000008bf00000|  0%| F|  |TAMS 0x000000008be00000, 0x000000008be00000| Untracked 
| 115|0x000000008bf00000, 0x000000008bf00000, 0x000000008c000000|  0%| F|  |TAMS 0x000000008bf00000, 0x000000008bf00000| Untracked 
| 116|0x000000008c000000, 0x000000008c000000, 0x000000008c100000|  0%| F|  |TAMS 0x000000008c000000, 0x000000008c000000| Untracked 
| 117|0x000000008c100000, 0x000000008c100000, 0x000000008c200000|  0%| F|  |TAMS 0x000000008c100000, 0x000000008c100000| Untracked 
| 118|0x000000008c200000, 0x000000008c200000, 0x000000008c300000|  0%| F|  |TAMS 0x000000008c200000, 0x000000008c200000| Untracked 
| 119|0x000000008c300000, 0x000000008c300000, 0x000000008c400000|  0%| F|  |TAMS 0x000000008c300000, 0x000000008c300000| Untracked 
| 120|0x000000008c400000, 0x000000008c400000, 0x000000008c500000|  0%| F|  |TAMS 0x000000008c400000, 0x000000008c400000| Untracked 
| 121|0x000000008c500000, 0x000000008c500000, 0x000000008c600000|  0%| F|  |TAMS 0x000000008c500000, 0x000000008c500000| Untracked 
| 122|0x000000008c600000, 0x000000008c600000, 0x000000008c700000|  0%| F|  |TAMS 0x000000008c600000, 0x000000008c600000| Untracked 
| 123|0x000000008c700000, 0x000000008c700000, 0x000000008c800000|  0%| F|  |TAMS 0x000000008c700000, 0x000000008c700000| Untracked 
| 124|0x000000008c800000, 0x000000008c800000, 0x000000008c900000|  0%| F|  |TAMS 0x000000008c800000, 0x000000008c800000| Untracked 
| 125|0x000000008c900000, 0x000000008c900000, 0x000000008ca00000|  0%| F|  |TAMS 0x000000008c900000, 0x000000008c900000| Untracked 
| 126|0x000000008ca00000, 0x000000008ca00000, 0x000000008cb00000|  0%| F|  |TAMS 0x000000008ca00000, 0x000000008ca00000| Untracked 
| 127|0x000000008cb00000, 0x000000008cb00000, 0x000000008cc00000|  0%| F|  |TAMS 0x000000008cb00000, 0x000000008cb00000| Untracked 
| 128|0x000000008cc00000, 0x000000008cc00000, 0x000000008cd00000|  0%| F|  |TAMS 0x000000008cc00000, 0x000000008cc00000| Untracked 
| 129|0x000000008cd00000, 0x000000008cd00000, 0x000000008ce00000|  0%| F|  |TAMS 0x000000008cd00000, 0x000000008cd00000| Untracked 
| 130|0x000000008ce00000, 0x000000008ce00000, 0x000000008cf00000|  0%| F|  |TAMS 0x000000008ce00000, 0x000000008ce00000| Untracked 
| 131|0x000000008cf00000, 0x000000008cf00000, 0x000000008d000000|  0%| F|  |TAMS 0x000000008cf00000, 0x000000008cf00000| Untracked 
| 132|0x000000008d000000, 0x000000008d000000, 0x000000008d100000|  0%| F|  |TAMS 0x000000008d000000, 0x000000008d000000| Untracked 
| 133|0x000000008d100000, 0x000000008d100000, 0x000000008d200000|  0%| F|  |TAMS 0x000000008d100000, 0x000000008d100000| Untracked 
| 134|0x000000008d200000, 0x000000008d200000, 0x000000008d300000|  0%| F|  |TAMS 0x000000008d200000, 0x000000008d200000| Untracked 
| 135|0x000000008d300000, 0x000000008d300000, 0x000000008d400000|  0%| F|  |TAMS 0x000000008d300000, 0x000000008d300000| Untracked 
| 136|0x000000008d400000, 0x000000008d400000, 0x000000008d500000|  0%| F|  |TAMS 0x000000008d400000, 0x000000008d400000| Untracked 
| 137|0x000000008d500000, 0x000000008d500000, 0x000000008d600000|  0%| F|  |TAMS 0x000000008d500000, 0x000000008d500000| Untracked 
| 138|0x000000008d600000, 0x000000008d600000, 0x000000008d700000|  0%| F|  |TAMS 0x000000008d600000, 0x000000008d600000| Untracked 
| 139|0x000000008d700000, 0x000000008d700000, 0x000000008d800000|  0%| F|  |TAMS 0x000000008d700000, 0x000000008d700000| Untracked 
| 140|0x000000008d800000, 0x000000008d800000, 0x000000008d900000|  0%| F|  |TAMS 0x000000008d800000, 0x000000008d800000| Untracked 
| 141|0x000000008d900000, 0x000000008d900000, 0x000000008da00000|  0%| F|  |TAMS 0x000000008d900000, 0x000000008d900000| Untracked 
| 142|0x000000008da00000, 0x000000008da00000, 0x000000008db00000|  0%| F|  |TAMS 0x000000008da00000, 0x000000008da00000| Untracked 
| 143|0x000000008db00000, 0x000000008db00000, 0x000000008dc00000|  0%| F|  |TAMS 0x000000008db00000, 0x000000008db00000| Untracked 
| 144|0x000000008dc00000, 0x000000008dc00000, 0x000000008dd00000|  0%| F|  |TAMS 0x000000008dc00000, 0x000000008dc00000| Untracked 
| 145|0x000000008dd00000, 0x000000008dd00000, 0x000000008de00000|  0%| F|  |TAMS 0x000000008dd00000, 0x000000008dd00000| Untracked 
| 146|0x000000008de00000, 0x000000008de00000, 0x000000008df00000|  0%| F|  |TAMS 0x000000008de00000, 0x000000008de00000| Untracked 
| 147|0x000000008df00000, 0x000000008df00000, 0x000000008e000000|  0%| F|  |TAMS 0x000000008df00000, 0x000000008df00000| Untracked 
| 148|0x000000008e000000, 0x000000008e000000, 0x000000008e100000|  0%| F|  |TAMS 0x000000008e000000, 0x000000008e000000| Untracked 

Card table byte_map: [0x0000014b539e0000,0x0000014b53dc0000] _byte_map_base: 0x0000014b535ba000

Marking Bits (Prev, Next): (CMBitMap*) 0x0000014b3bc07bb8, (CMBitMap*) 0x0000014b3bc07bf8
 Prev Bits: [0x0000014b541a0000, 0x0000014b56070000)
 Next Bits: [0x0000014b56070000, 0x0000014b57f40000)

Polling page: 0x0000014b3a140000

Metaspace:

Usage:
  Non-class:      4.14 MB capacity,     1.11 MB ( 27%) used,     3.02 MB ( 73%) free+waste,     3.69 KB ( <1%) overhead. 
      Class:    420.00 KB capacity,   111.20 KB ( 26%) used,   306.68 KB ( 73%) free+waste,     2.13 KB ( <1%) overhead. 
       Both:      4.55 MB capacity,     1.22 MB ( 27%) used,     3.32 MB ( 73%) free+waste,     5.81 KB ( <1%) overhead. 

Virtual space:
  Non-class space:        8.00 MB reserved,       4.25 MB ( 53%) committed 
      Class space:        1.00 GB reserved,     512.00 KB ( <1%) committed 
             Both:        1.01 GB reserved,       4.75 MB ( <1%) committed 

Chunk freelists:
   Non-Class:  128 bytes
       Class:  0 bytes
        Both:  128 bytes

CodeHeap 'non-profiled nmethods': size=120064Kb used=222Kb max_used=222Kb free=119841Kb
 bounds [0x0000014b4baa0000, 0x0000014b4bd10000, 0x0000014b52fe0000]
CodeHeap 'profiled nmethods': size=120000Kb used=593Kb max_used=593Kb free=119406Kb
 bounds [0x0000014b44570000, 0x0000014b447e0000, 0x0000014b4baa0000]
CodeHeap 'non-nmethods': size=5696Kb used=1085Kb max_used=1125Kb free=4610Kb
 bounds [0x0000014b43fe0000, 0x0000014b44250000, 0x0000014b44570000]
 total_blobs=979 nmethods=435 adapters=287
 compilation: enabled
              stopped_count=0, restarted_count=0
 full_count=0

Compilation events (10 events):
Event: 1.294 Thread 0x0000014b5a522000  434       3       java.util.Properties::saveConvert (434 bytes)
Event: 1.297 Thread 0x0000014b5a522000 nmethod 434 0x0000014b44601190 code [0x0000014b44601680, 0x0000014b446038b0]
Event: 1.301 Thread 0x0000014b5a518800 nmethod 430 0x0000014b4bac9690 code [0x0000014b4bac9840, 0x0000014b4bac9cc8]
Event: 1.301 Thread 0x0000014b5a518800  435       4       java.util.ArrayList::<init> (67 bytes)
Event: 1.328 Thread 0x0000014b5a518800 nmethod 435 0x0000014b4bac9f90 code [0x0000014b4baca180, 0x0000014b4bacab58]
Event: 1.328 Thread 0x0000014b5a518800  432       4       java.lang.AbstractStringBuilder::append (77 bytes)
Event: 1.335 Thread 0x0000014b5a518800 nmethod 432 0x0000014b4bacb010 code [0x0000014b4bacb1c0, 0x0000014b4bacb648]
Event: 1.335 Thread 0x0000014b5a518800  433       4       java.lang.String::length (11 bytes)
Event: 1.335 Thread 0x0000014b5a518800 nmethod 433 0x0000014b4bacb890 code [0x0000014b4bacba20, 0x0000014b4bacbab8]
Event: 1.432 Thread 0x0000014b5b0ab000 nmethod 379 0x0000014b4bacbb90 code [0x0000014b4bacc120, 0x0000014b4bad3158]

GC Heap History (10 events):
Event: 1.700 GC heap after
{Heap after GC invocations=7 (full 0):
 garbage-first heap   total 152576K, used 2498K [0x0000000084c00000, 0x0000000100000000)
  region size 1024K, 3 young (3072K), 3 survivors (3072K)
 Metaspace       used 1245K, capacity 4655K, committed 4864K, reserved 1056768K
  class space    used 111K, capacity 420K, committed 512K, reserved 1048576K
}
Event: 1.839 GC heap before
{Heap before GC invocations=7 (full 0):
 garbage-first heap   total 152576K, used 90562K [0x0000000084c00000, 0x0000000100000000)
  region size 1024K, 89 young (91136K), 3 survivors (3072K)
 Metaspace       used 1245K, capacity 4655K, committed 4864K, reserved 1056768K
  class space    used 111K, capacity 420K, committed 512K, reserved 1048576K
}
Event: 1.842 GC heap after
{Heap after GC invocations=8 (full 0):
 garbage-first heap   total 152576K, used 2680K [0x0000000084c00000, 0x0000000100000000)
  region size 1024K, 3 young (3072K), 3 survivors (3072K)
 Metaspace       used 1245K, capacity 4655K, committed 4864K, reserved 1056768K
  class space    used 111K, capacity 420K, committed 512K, reserved 1048576K
}
Event: 1.941 GC heap before
{Heap before GC invocations=8 (full 0):
 garbage-first heap   total 152576K, used 90744K [0x0000000084c00000, 0x0000000100000000)
  region size 1024K, 89 young (91136K), 3 survivors (3072K)
 Metaspace       used 1245K, capacity 4655K, committed 4864K, reserved 1056768K
  class space    used 111K, capacity 420K, committed 512K, reserved 1048576K
}
Event: 1.943 GC heap after
{Heap after GC invocations=9 (full 0):
 garbage-first heap   total 152576K, used 2465K [0x0000000084c00000, 0x0000000100000000)
  region size 1024K, 3 young (3072K), 3 survivors (3072K)
 Metaspace       used 1245K, capacity 4655K, committed 4864K, reserved 1056768K
  class space    used 111K, capacity 420K, committed 512K, reserved 1048576K
}
Event: 2.070 GC heap before
{Heap before GC invocations=9 (full 0):
 garbage-first heap   total 152576K, used 90529K [0x0000000084c00000, 0x0000000100000000)
  region size 1024K, 89 young (91136K), 3 survivors (3072K)
 Metaspace       used 1245K, capacity 4655K, committed 4864K, reserved 1056768K
  class space    used 111K, capacity 420K, committed 512K, reserved 1048576K
}
Event: 2.072 GC heap after
{Heap after GC invocations=10 (full 0):
 garbage-first heap   total 152576K, used 2677K [0x0000000084c00000, 0x0000000100000000)
  region size 1024K, 3 young (3072K), 3 survivors (3072K)
 Metaspace       used 1245K, capacity 4655K, committed 4864K, reserved 1056768K
  class space    used 111K, capacity 420K, committed 512K, reserved 1048576K
}
Event: 2.213 GC heap before
{Heap before GC invocations=10 (full 0):
 garbage-first heap   total 152576K, used 90741K [0x0000000084c00000, 0x0000000100000000)
  region size 1024K, 89 young (91136K), 3 survivors (3072K)
 Metaspace       used 1245K, capacity 4655K, committed 4864K, reserved 1056768K
  class space    used 111K, capacity 420K, committed 512K, reserved 1048576K
}
Event: 2.216 GC heap after
{Heap after GC invocations=11 (full 0):
 garbage-first heap   total 152576K, used 2464K [0x0000000084c00000, 0x0000000100000000)
  region size 1024K, 3 young (3072K), 3 survivors (3072K)
 Metaspace       used 1245K, capacity 4655K, committed 4864K, reserved 1056768K
  class space    used 111K, capacity 420K, committed 512K, reserved 1048576K
}
Event: 2.382 GC heap before
{Heap before GC invocations=11 (full 0):
 garbage-first heap   total 152576K, used 90528K [0x0000000084c00000, 0x0000000100000000)
  region size 1024K, 89 young (91136K), 3 survivors (3072K)
 Metaspace       used 1245K, capacity 4655K, committed 4864K, reserved 1056768K
  class space    used 111K, capacity 420K, committed 512K, reserved 1048576K
}

Deoptimization events (10 events):
Event: 0.288 Thread 0x0000014b3bbc6000 Uncommon trap: reason=unstable_if action=reinterpret pc=0x0000014b4baae720 method=java.lang.String.isLatin1()Z @ 10 c2
Event: 0.337 Thread 0x0000014b3bbc6000 Uncommon trap: reason=bimorphic_or_optimized_type_check action=maybe_recompile pc=0x0000014b4baa9b44 method=java.util.AbstractCollection.isEmpty()Z @ 1 c2
Event: 0.338 Thread 0x0000014b3bbc6000 Uncommon trap: reason=bimorphic_or_optimized_type_check action=maybe_recompile pc=0x0000014b4baa9b44 method=java.util.AbstractCollection.isEmpty()Z @ 1 c2
Event: 0.341 Thread 0x0000014b3bbc6000 Uncommon trap: reason=bimorphic_or_optimized_type_check action=maybe_recompile pc=0x0000014b4baa9b44 method=java.util.AbstractCollection.isEmpty()Z @ 1 c2
Event: 0.346 Thread 0x0000014b3bbc6000 Uncommon trap: reason=bimorphic_or_optimized_type_check action=maybe_recompile pc=0x0000014b4baa9b44 method=java.util.AbstractCollection.isEmpty()Z @ 1 c2
Event: 0.536 Thread 0x0000014b3bbc6000 Uncommon trap: reason=unstable_if action=reinterpret pc=0x0000014b4baac278 method=java.util.HashMap.putVal(ILjava/lang/Object;Ljava/lang/Object;ZZ)Ljava/lang/Object; @ 181 c2
Event: 1.257 Thread 0x0000014b5a516800 Uncommon trap: reason=class_check action=maybe_recompile pc=0x0000014b4bac547c method=java.util.ArrayList.<init>(Ljava/util/Collection;)V @ 6 c2
Event: 1.277 Thread 0x0000014b5a516800 Uncommon trap: reason=class_check action=maybe_recompile pc=0x0000014b4bac547c method=java.util.ArrayList.<init>(Ljava/util/Collection;)V @ 6 c2
Event: 1.283 Thread 0x0000014b5a516800 Uncommon trap: reason=class_check action=maybe_recompile pc=0x0000014b4bac547c method=java.util.ArrayList.<init>(Ljava/util/Collection;)V @ 6 c2
Event: 1.284 Thread 0x0000014b5a516800 Uncommon trap: reason=class_check action=maybe_recompile pc=0x0000014b4bac547c method=java.util.ArrayList.<init>(Ljava/util/Collection;)V @ 6 c2

Classes redefined (0 events):
No events

Internal exceptions (0 events):
No events

Events (10 events):
Event: 1.700 Executing VM operation: G1CollectForAllocation done
Event: 1.839 Executing VM operation: G1CollectForAllocation
Event: 1.842 Executing VM operation: G1CollectForAllocation done
Event: 1.941 Executing VM operation: G1CollectForAllocation
Event: 1.943 Executing VM operation: G1CollectForAllocation done
Event: 2.070 Executing VM operation: G1CollectForAllocation
Event: 2.072 Executing VM operation: G1CollectForAllocation done
Event: 2.213 Executing VM operation: G1CollectForAllocation
Event: 2.216 Executing VM operation: G1CollectForAllocation done
Event: 2.382 Executing VM operation: G1CollectForAllocation


Dynamic libraries:
0x00007ff687930000 - 0x00007ff68793f000 	C:\Program Files\Java\jdk-12.0.1\bin\java.exe
0x00007fff8cdb0000 - 0x00007fff8cfa5000 	C:\WINDOWS\SYSTEM32\ntdll.dll
0x00007fff8bc10000 - 0x00007fff8bccd000 	C:\WINDOWS\System32\KERNEL32.DLL
0x00007fff8a6e0000 - 0x00007fff8a9a8000 	C:\WINDOWS\System32\KERNELBASE.dll
0x00007fff8ace0000 - 0x00007fff8ade0000 	C:\WINDOWS\System32\ucrtbase.dll
0x00007fff81260000 - 0x00007fff81276000 	C:\Program Files\Java\jdk-12.0.1\bin\VCRUNTIME140.dll
0x00007fff82140000 - 0x00007fff82158000 	C:\Program Files\Java\jdk-12.0.1\bin\jli.dll
0x00007fff8bb60000 - 0x00007fff8bc0c000 	C:\WINDOWS\System32\ADVAPI32.dll
0x00007fff8c460000 - 0x00007fff8c4fe000 	C:\WINDOWS\System32\msvcrt.dll
0x00007fff8c500000 - 0x00007fff8c59b000 	C:\WINDOWS\System32\sechost.dll
0x00007fff8cc10000 - 0x00007fff8cd3b000 	C:\WINDOWS\System32\RPCRT4.dll
0x00007fff793d0000 - 0x00007fff7966a000 	C:\WINDOWS\WinSxS\amd64_microsoft.windows.common-controls_6595b64144ccf1df_6.0.19041.844_none_ca00b6081b84eb1d\COMCTL32.dll
0x00007fff8b7d0000 - 0x00007fff8b970000 	C:\WINDOWS\System32\USER32.dll
0x00007fff8a6b0000 - 0x00007fff8a6d2000 	C:\WINDOWS\System32\win32u.dll
0x00007fff8bcd0000 - 0x00007fff8bcfa000 	C:\WINDOWS\System32\GDI32.dll
0x00007fff8aa80000 - 0x00007fff8ab8b000 	C:\WINDOWS\System32\gdi32full.dll
0x00007fff8ab90000 - 0x00007fff8ac2d000 	C:\WINDOWS\System32\msvcp_win.dll
0x00007fff7a350000 - 0x00007fff7a35a000 	C:\WINDOWS\SYSTEM32\VERSION.dll
0x00007fff8bd00000 - 0x00007fff8bd30000 	C:\WINDOWS\System32\IMM32.DLL
0x00007fff6ba70000 - 0x00007fff6bb1a000 	C:\Program Files\Java\jdk-12.0.1\bin\msvcp140.dll
0x00007fff5bcb0000 - 0x00007fff5c824000 	C:\Program Files\Java\jdk-12.0.1\bin\server\jvm.dll
0x00007fff8c5a0000 - 0x00007fff8c5a8000 	C:\WINDOWS\System32\PSAPI.DLL
0x00007fff87010000 - 0x00007fff87019000 	C:\WINDOWS\SYSTEM32\WSOCK32.dll
0x00007fff7c0c0000 - 0x00007fff7c0e7000 	C:\WINDOWS\SYSTEM32\WINMM.dll
0x00007fff8c110000 - 0x00007fff8c17b000 	C:\WINDOWS\System32\WS2_32.dll
0x00007fff88da0000 - 0x00007fff88db2000 	C:\WINDOWS\SYSTEM32\kernel.appcore.dll
0x00007fff81220000 - 0x00007fff81231000 	C:\Program Files\Java\jdk-12.0.1\bin\verify.dll
0x00007fff772e0000 - 0x00007fff774c4000 	C:\WINDOWS\SYSTEM32\DBGHELP.DLL
0x00007fff771c0000 - 0x00007fff771ec000 	C:\WINDOWS\SYSTEM32\dbgcore.DLL
0x00007fff8aa00000 - 0x00007fff8aa80000 	C:\WINDOWS\System32\bcryptPrimitives.dll
0x00007fff7c400000 - 0x00007fff7c426000 	C:\Program Files\Java\jdk-12.0.1\bin\java.dll
0x00007fff87040000 - 0x00007fff8704e000 	C:\Program Files\Java\jdk-12.0.1\bin\instrument.dll
0x00007fff7bc40000 - 0x00007fff7bc57000 	C:\Program Files\Java\jdk-12.0.1\bin\zip.dll
0x00007fff85da0000 - 0x00007fff85daa000 	C:\Program Files\Java\jdk-12.0.1\bin\jimage.dll
0x00007fff8aff0000 - 0x00007fff8b732000 	C:\WINDOWS\System32\SHELL32.dll
0x00007fff88420000 - 0x00007fff88bb0000 	C:\WINDOWS\SYSTEM32\windows.storage.dll
0x00007fff8bd40000 - 0x00007fff8c095000 	C:\WINDOWS\System32\combase.dll
0x00007fff89e60000 - 0x00007fff89e8c000 	C:\WINDOWS\SYSTEM32\Wldp.dll
0x00007fff8c1e0000 - 0x00007fff8c28e000 	C:\WINDOWS\System32\SHCORE.dll
0x00007fff8c180000 - 0x00007fff8c1d5000 	C:\WINDOWS\System32\shlwapi.dll
0x00007fff8a400000 - 0x00007fff8a41f000 	C:\WINDOWS\SYSTEM32\profapi.dll
0x00007fff7bc20000 - 0x00007fff7bc39000 	C:\Program Files\Java\jdk-12.0.1\bin\net.dll
0x00007fff82870000 - 0x00007fff8297b000 	C:\WINDOWS\SYSTEM32\WINHTTP.dll
0x00007fff80220000 - 0x00007fff8040e000 	C:\WINDOWS\SYSTEM32\urlmon.dll
0x00007fff80de0000 - 0x00007fff81090000 	C:\WINDOWS\SYSTEM32\iertutil.dll
0x00007fff89bd0000 - 0x00007fff89c3a000 	C:\WINDOWS\system32\mswsock.dll
0x00007fff7bc00000 - 0x00007fff7bc13000 	C:\Program Files\Java\jdk-12.0.1\bin\nio.dll
0x00007fff7a930000 - 0x00007fff7a94a000 	C:\Program Files\JetBrains\IntelliJ IDEA Community Edition 2020.3.2\bin\breakgen64.dll

dbghelp: loaded successfully - version: 4.0.5 - missing functions: none
symbol engine: initialized successfully - sym options: 0x614 - pdb path: .;C:\Program Files\Java\jdk-12.0.1\bin;C:\WINDOWS\SYSTEM32;C:\WINDOWS\WinSxS\amd64_microsoft.windows.common-controls_6595b64144ccf1df_6.0.19041.844_none_ca00b6081b84eb1d;C:\Program Files\Java\jdk-12.0.1\bin\server;C:\Program Files\JetBrains\IntelliJ IDEA Community Edition 2020.3.2\bin

VM Arguments:
jvm_args: -javaagent:C:\Program Files\JetBrains\IntelliJ IDEA Community Edition 2020.3.2\lib\idea_rt.jar=52422:C:\Program Files\JetBrains\IntelliJ IDEA Community Edition 2020.3.2\bin -Dfile.encoding=UTF-8 
java_command: classeMain
java_class_path (initial): C:\Users\Administrateur\IdeaProjects\MiniProjet_MAE\out\production\MiniProjet_MAE;C:\Users\Administrateur\Desktop\logiciels\openjfx-11.0.2_windows-x64_bin-sdk\javafx-sdk-11.0.2\lib\src.zip;C:\Users\Administrateur\Desktop\logiciels\openjfx-11.0.2_windows-x64_bin-sdk\javafx-sdk-11.0.2\lib\javafx-swt.jar;C:\Users\Administrateur\Desktop\logiciels\openjfx-11.0.2_windows-x64_bin-sdk\javafx-sdk-11.0.2\lib\javafx.web.jar;C:\Users\Administrateur\Desktop\logiciels\openjfx-11.0.2_windows-x64_bin-sdk\javafx-sdk-11.0.2\lib\javafx.base.jar;C:\Users\Administrateur\Desktop\logiciels\openjfx-11.0.2_windows-x64_bin-sdk\javafx-sdk-11.0.2\lib\javafx.fxml.jar;C:\Users\Administrateur\Desktop\logiciels\openjfx-11.0.2_windows-x64_bin-sdk\javafx-sdk-11.0.2\lib\javafx.media.jar;C:\Users\Administrateur\Desktop\logiciels\openjfx-11.0.2_windows-x64_bin-sdk\javafx-sdk-11.0.2\lib\javafx.swing.jar;C:\Users\Administrateur\Desktop\logiciels\openjfx-11.0.2_windows-x64_bin-sdk\javafx-sdk-11.0.2\lib\javafx.controls.jar;C:\Users\Administrateur\Desktop\logiciels\openjfx-11.0.2_windows-x64_bin-sdk\javafx-sdk-11.0.2\lib\javafx.graphics.jar
Launcher Type: SUN_STANDARD

[Global flags]
     intx CICompilerCount                          = 3                                         {product} {ergonomic}
     uint ConcGCThreads                            = 1                                         {product} {ergonomic}
     uint G1ConcRefinementThreads                  = 4                                         {product} {ergonomic}
   size_t G1HeapRegionSize                         = 1048576                                   {product} {ergonomic}
    uintx GCDrainStackTargetSize                   = 64                                        {product} {ergonomic}
   size_t InitialHeapSize                          = 130023424                                 {product} {ergonomic}
   size_t MarkStackSize                            = 4194304                                   {product} {ergonomic}
   size_t MaxHeapSize                              = 2067791872                                {product} {ergonomic}
   size_t MaxNewSize                               = 1240465408                                {product} {ergonomic}
   size_t MinHeapDeltaBytes                        = 1048576                                   {product} {ergonomic}
    uintx NonNMethodCodeHeapSize                   = 5830732                                {pd product} {ergonomic}
    uintx NonProfiledCodeHeapSize                  = 122913754                              {pd product} {ergonomic}
    uintx ProfiledCodeHeapSize                     = 122913754                              {pd product} {ergonomic}
    uintx ReservedCodeCacheSize                    = 251658240                              {pd product} {ergonomic}
     bool SegmentedCodeCache                       = true                                      {product} {ergonomic}
     bool UseCompressedClassPointers               = true                                 {lp64_product} {ergonomic}
     bool UseCompressedOops                        = true                                 {lp64_product} {ergonomic}
     bool UseG1GC                                  = true                                      {product} {ergonomic}
     bool UseLargePagesIndividualAllocation        = false                                  {pd product} {ergonomic}

Logging:
Log output configuration:
 #0: stdout all=warning uptime,level,tags
 #1: stderr all=off uptime,level,tags

Environment Variables:
JAVA_HOME=C:\Program Files\Java\jdk1.8.0_221
CLASSPATH=C:\Program Files (x86)\antlr-4.9.1-complete.jar;
PATH=C:\oraclexe\app\oracle\product\10.2.0\server\bin;C:\Program Files (x86)\Microsoft SDKs\Azure\CLI2\wbin;C:\oraclexe\app\oracle\product\11.2.0\server\bin;E:\app\radia\product\12.1.0\dbhome_2\bin;E:\app\radia\product\12.1.0\dbhome_1\bin;C:\Program Files (x86)\Common Files\Oracle\Java\javapath;C:\WINDOWS\system32;C:\WINDOWS;C:\WINDOWS\System32\Wbem;C:\WINDOWS\System32\WindowsPowerShell\v1.0\;C:\WINDOWS\System32\OpenSSH\;C:\Program Files (x86)\CodeBlocks\MinGW\bin;C:\Program Files (x86)\GnuWin32\bin;C:\Users\Administrateur\PycharmProjects\untitled2\venv\Scripts;C:\Program Files\nodejs\;C:\Program Files\Java\jdk1.8.0_221\bin;C:\Program Files\gradle-2.8-all\gradle-2.8\bin;C:\Program Files\Git\cmd;C:\Program Files\MATLAB\R2013a\runtime\win64;C:\Program Files\MATLAB\R2013a\bin;C:\Users\Administrateur\AppData\Local\Microsoft\WindowsApps;C:\Users\Administrateur\AppData\Local\Programs\Microsoft VS Code\bin;C:\Users\Administrateur\AppData\Roaming\npm;C:\Users\Administrateur\AppData\Local\GitHubDesktop\bin;
USERNAME=Administrateur
OS=Windows_NT
PROCESSOR_IDENTIFIER=Intel64 Family 6 Model 58 Stepping 9, GenuineIntel



---------------  S Y S T E M  ---------------

OS: Windows 10 , 64 bit Build 19041 (10.0.19041.928)

CPU:total 4 (initial active 4) (2 cores per cpu, 2 threads per core) family 6 model 58 stepping 9, cmov, cx8, fxsr, mmx, sse, sse2, sse3, ssse3, sse4.1, sse4.2, popcnt, avx, aes, clmul, erms, ht, tsc, tscinvbit, tscinv

Memory: 4k page, system-wide physical 7887M (1916M free)
TotalPageFile size 7887M (AvailPageFile size 5M)
current process WorkingSet (physical memory assigned to process): 153M, peak: 153M
current process commit charge ("private bytes"): 239M, peak: 269M

vm_info: Java HotSpot(TM) 64-Bit Server VM (12.0.1+12) for windows-amd64 JRE (12.0.1+12), built on Apr  2 2019 14:02:19 by "mach5one" with MS VC++ 15.5 (VS2017)

END.
