#
# There is insufficient memory for the Java Runtime Environment to continue.
# Native memory allocation (mmap) failed to map 130023424 bytes for Failed to commit area from 0x0000000084c00000 to 0x000000008c800000 of length 130023424.
# Possible reasons:
#   The system is out of physical RAM or swap space
#   The process is running with CompressedOops enabled, and the Java Heap may be blocking the growth of the native heap
# Possible solutions:
#   Reduce memory load on the system
#   Increase physical memory or swap space
#   Check if swap backing store is full
#   Decrease Java heap size (-Xmx/-Xms)
#   Decrease number of Java threads
#   Decrease Java thread stack sizes (-Xss)
#   Set larger code cache with -XX:ReservedCodeCacheSize=
# This output file may be truncated or incomplete.
#
#  Out of Memory Error (t:/workspace/open/src/hotspot/os/windows/os_windows.cpp:3254), pid=12632, tid=3280
#
# JRE version:  (12.0.1+12) (build )
# Java VM: Java HotSpot(TM) 64-Bit Server VM (12.0.1+12, mixed mode, aot, sharing, tiered, compressed oops, g1 gc, windows-amd64)
# No core dump will be written. Minidumps are not enabled by default on client versions of Windows
#

---------------  S U M M A R Y ------------

Command Line: -Djdk.module.main=C:\Users\Administrateur\Desktop\logiciels\openjfx-11.0.2_windows-x64_bin-sdk\javafx-sdk-11.0.2\lib C:\Users\Administrateur\Desktop\logiciels\openjfx-11.0.2_windows-x64_bin-sdk\javafx-sdk-11.0.2\lib --add-modules javafx.controls,javafx.fxml -javaagent:C:\Program Files\JetBrains\IntelliJ IDEA Community Edition 2020.3.2\lib\idea_rt.jar=51066:C:\Program Files\JetBrains\IntelliJ IDEA Community Edition 2020.3.2\bin -Dfile.encoding=UTF-8 -classpath C:\Users\Administrateur\IdeaProjects\MiniProjet_MAE\out\production\MiniProjet_MAE;C:\Users\Administrateur\Desktop\logiciels\openjfx-11.0.2_windows-x64_bin-sdk\javafx-sdk-11.0.2\lib\src.zip;C:\Users\Administrateur\Desktop\logiciels\openjfx-11.0.2_windows-x64_bin-sdk\javafx-sdk-11.0.2\lib\javafx-swt.jar;C:\Users\Administrateur\Desktop\logiciels\openjfx-11.0.2_windows-x64_bin-sdk\javafx-sdk-11.0.2\lib\javafx.web.jar;C:\Users\Administrateur\Desktop\logiciels\openjfx-11.0.2_windows-x64_bin-sdk\javafx-sdk-11.0.2\lib\javafx.base.jar;C:\Users\Administrateur\Desktop\logiciels\openjfx-11.0.2_windows-x64_bin-sdk\javafx-sdk-11.0.2\lib\javafx.fxml.jar;C:\Users\Administrateur\Desktop\logiciels\openjfx-11.0.2_windows-x64_bin-sdk\javafx-sdk-11.0.2\lib\javafx.media.jar;C:\Users\Administrateur\Desktop\logiciels\openjfx-11.0.2_windows-x64_bin-sdk\javafx-sdk-11.0.2\lib\javafx.swing.jar;C:\Users\Administrateur\Desktop\logiciels\openjfx-11.0.2_windows-x64_bin-sdk\javafx-sdk-11.0.2\lib\javafx.controls.jar;C:\Users\Administrateur\Desktop\logiciels\openjfx-11.0.2_windows-x64_bin-sdk\javafx-sdk-11.0.2\lib\javafx.graphics.jar Main

Host: Intel(R) Core(TM) i5-3320M CPU @ 2.60GHz, 4 cores, 7G,  Windows 10 , 64 bit Build 19041 (10.0.19041.928)
Time: Mon May 24 21:10:08 2021 Paris, Madrid (heure d’été) elapsed time: 0 seconds (0d 0h 0m 0s)

---------------  T H R E A D  ---------------

Current thread (0x0000026c0a6d4800):  JavaThread "Unknown thread" [_thread_in_vm, id=3280, stack(0x0000009cb1700000,0x0000009cb1800000)]

Stack: [0x0000009cb1700000,0x0000009cb1800000]
Native frames: (J=compiled Java code, j=interpreted, Vv=VM code, C=native code)
V  [jvm.dll+0x63948a]
V  [jvm.dll+0x78b31f]
V  [jvm.dll+0x78c9c1]
V  [jvm.dll+0x78d013]
V  [jvm.dll+0x262138]
V  [jvm.dll+0x63698a]
V  [jvm.dll+0x62b505]
V  [jvm.dll+0x31d9bc]
V  [jvm.dll+0x31d7ef]
V  [jvm.dll+0x323526]
V  [jvm.dll+0x370f76]
V  [jvm.dll+0x370750]
V  [jvm.dll+0x2f786a]
V  [jvm.dll+0x2f8af2]
V  [jvm.dll+0x7657b7]
V  [jvm.dll+0x766e95]
V  [jvm.dll+0x37f089]
V  [jvm.dll+0x749b14]
V  [jvm.dll+0x3ee48d]
V  [jvm.dll+0x3f03c1]
C  [jli.dll+0x51cf]
C  [ucrtbase.dll+0x21bb2]
C  [KERNEL32.DLL+0x17034]
C  [ntdll.dll+0x52651]


---------------  P R O C E S S  ---------------

Threads class SMR info:
_java_thread_list=0x00007ffee1d548e8, length=0, elements={
}

Java Threads: ( => current thread )

Other Threads:
  0x0000026c0a715800 GCTaskThread "GC Thread#0" [stack: 0x0000009cb1800000,0x0000009cb1900000] [id=11488]
  0x0000026c0a725000 ConcurrentGCThread "G1 Main Marker" [stack: 0x0000009cb1900000,0x0000009cb1a00000] [id=14208]
  0x0000026c0a727000 ConcurrentGCThread "G1 Conc#0" [stack: 0x0000009cb1a00000,0x0000009cb1b00000] [id=8120]

[error occurred during error reporting (printing all threads), id 0xc0000005, EXCEPTION_ACCESS_VIOLATION (0xc0000005) at pc=0x00007ffee1587a37]

VM state:not at safepoint (not fully initialized)

VM Mutex/Monitor currently owned by a thread:  ([mutex/lock_event])
[0x0000026c0a6d0030] Heap_lock - owner thread: 0x0000026c0a6d4800

Heap address: 0x0000000084c00000, size: 1972 MB, Compressed Oops mode: Non-zero based: 0x0000000084c00000
Narrow klass base: 0x0000000000000000, Narrow klass shift: 0

GC Heap History (0 events):
No events

Deoptimization events (0 events):
No events

Classes redefined (0 events):
No events

Internal exceptions (0 events):
No events

Events (0 events):
No events


Dynamic libraries:
0x00007ff620480000 - 0x00007ff62048f000 	C:\Program Files\Java\jdk-12.0.1\bin\java.exe
0x00007fff237f0000 - 0x00007fff239e5000 	C:\WINDOWS\SYSTEM32\ntdll.dll
0x00007fff22760000 - 0x00007fff2281d000 	C:\WINDOWS\System32\KERNEL32.DLL
0x00007fff210f0000 - 0x00007fff213b8000 	C:\WINDOWS\System32\KERNELBASE.dll
0x00007fff21620000 - 0x00007fff21720000 	C:\WINDOWS\System32\ucrtbase.dll
0x00007fff19680000 - 0x00007fff19696000 	C:\Program Files\Java\jdk-12.0.1\bin\VCRUNTIME140.dll
0x00007fff177d0000 - 0x00007fff177e8000 	C:\Program Files\Java\jdk-12.0.1\bin\jli.dll
0x00007fff23250000 - 0x00007fff232fc000 	C:\WINDOWS\System32\ADVAPI32.dll
0x00007fff21910000 - 0x00007fff219ae000 	C:\WINDOWS\System32\msvcrt.dll
0x00007fff22d30000 - 0x00007fff22dcb000 	C:\WINDOWS\System32\sechost.dll
0x00007fff23310000 - 0x00007fff2343b000 	C:\WINDOWS\System32\RPCRT4.dll
0x00007fff223c0000 - 0x00007fff22560000 	C:\WINDOWS\System32\USER32.dll
0x00007fff20f00000 - 0x00007fff20f22000 	C:\WINDOWS\System32\win32u.dll
0x00007fff0ee20000 - 0x00007fff0f0ba000 	C:\WINDOWS\WinSxS\amd64_microsoft.windows.common-controls_6595b64144ccf1df_6.0.19041.844_none_ca00b6081b84eb1d\COMCTL32.dll
0x00007fff23750000 - 0x00007fff2377a000 	C:\WINDOWS\System32\GDI32.dll
0x00007fff20fe0000 - 0x00007fff210eb000 	C:\WINDOWS\System32\gdi32full.dll
0x00007fff21780000 - 0x00007fff2181d000 	C:\WINDOWS\System32\msvcp_win.dll
0x00007fff105a0000 - 0x00007fff105aa000 	C:\WINDOWS\SYSTEM32\VERSION.dll
0x00007fff235f0000 - 0x00007fff23620000 	C:\WINDOWS\System32\IMM32.DLL
0x00007ffefb2e0000 - 0x00007ffefb38a000 	C:\Program Files\Java\jdk-12.0.1\bin\msvcp140.dll
0x00007ffee1280000 - 0x00007ffee1df4000 	C:\Program Files\Java\jdk-12.0.1\bin\server\jvm.dll
0x00007fff23240000 - 0x00007fff23248000 	C:\WINDOWS\System32\PSAPI.DLL
0x00007fff1bfd0000 - 0x00007fff1bfd9000 	C:\WINDOWS\SYSTEM32\WSOCK32.dll
0x00007fff11bc0000 - 0x00007fff11be7000 	C:\WINDOWS\SYSTEM32\WINMM.dll
0x00007fff22c40000 - 0x00007fff22cab000 	C:\WINDOWS\System32\WS2_32.dll
0x00007fff1f7b0000 - 0x00007fff1f7c2000 	C:\WINDOWS\SYSTEM32\kernel.appcore.dll
0x00007fff177b0000 - 0x00007fff177c1000 	C:\Program Files\Java\jdk-12.0.1\bin\verify.dll
0x00007fff0d7e0000 - 0x00007fff0d9c4000 	C:\WINDOWS\SYSTEM32\DBGHELP.DLL
0x00007fff0d760000 - 0x00007fff0d78c000 	C:\WINDOWS\SYSTEM32\dbgcore.DLL
0x00007fff20f60000 - 0x00007fff20fe0000 	C:\WINDOWS\System32\bcryptPrimitives.dll
0x00007fff12720000 - 0x00007fff12746000 	C:\Program Files\Java\jdk-12.0.1\bin\java.dll
0x00007fff105e0000 - 0x00007fff105f7000 	C:\Program Files\Java\jdk-12.0.1\bin\zip.dll
0x00007fff1b8f0000 - 0x00007fff1b8fa000 	C:\Program Files\Java\jdk-12.0.1\bin\jimage.dll

dbghelp: loaded successfully - version: 4.0.5 - missing functions: none
symbol engine: initialized successfully - sym options: 0x614 - pdb path: .;C:\Program Files\Java\jdk-12.0.1\bin;C:\WINDOWS\SYSTEM32;C:\WINDOWS\WinSxS\amd64_microsoft.windows.common-controls_6595b64144ccf1df_6.0.19041.844_none_ca00b6081b84eb1d;C:\Program Files\Java\jdk-12.0.1\bin\server

VM Arguments:
jvm_args: -Djdk.module.main=C:\Users\Administrateur\Desktop\logiciels\openjfx-11.0.2_windows-x64_bin-sdk\javafx-sdk-11.0.2\lib 
java_command: C:\Users\Administrateur\Desktop\logiciels\openjfx-11.0.2_windows-x64_bin-sdk\javafx-sdk-11.0.2\lib --add-modules javafx.controls,javafx.fxml -javaagent:C:\Program Files\JetBrains\IntelliJ IDEA Community Edition 2020.3.2\lib\idea_rt.jar=51066:C:\Program Files\JetBrains\IntelliJ IDEA Community Edition 2020.3.2\bin -Dfile.encoding=UTF-8 -classpath C:\Users\Administrateur\IdeaProjects\MiniProjet_MAE\out\production\MiniProjet_MAE;C:\Users\Administrateur\Desktop\logiciels\openjfx-11.0.2_windows-x64_bin-sdk\javafx-sdk-11.0.2\lib\src.zip;C:\Users\Administrateur\Desktop\logiciels\openjfx-11.0.2_windows-x64_bin-sdk\javafx-sdk-11.0.2\lib\javafx-swt.jar;C:\Users\Administrateur\Desktop\logiciels\openjfx-11.0.2_windows-x64_bin-sdk\javafx-sdk-11.0.2\lib\javafx.web.jar;C:\Users\Administrateur\Desktop\logiciels\openjfx-11.0.2_windows-x64_bin-sdk\javafx-sdk-11.0.2\lib\javafx.base.jar;C:\Users\Administrateur\Desktop\logiciels\openjfx-11.0.2_windows-x64_bin-sdk\javafx-sdk-11.0.2\lib\javafx.fxml.jar;C:\Users\Administrateur\Desktop\logiciels\openjfx-11.0.2_windows-x64_bin-sdk\javafx-sdk-11.0.2\lib\javafx.media.jar;C:\Users\Administrateur\Desktop\logiciels\openjfx-11.0.2_windows-x64_bin-sdk\javafx-sdk-11.0.2\lib\javafx.swing.jar;C:\Users\Administrateur\Desktop\logiciels\openjfx-11.0.2_windows-x64_bin-sdk\javafx-sdk-11.0.2\lib\javafx.controls.jar;C:\Users\Administrateur\Desktop\logiciels\openjfx-11.0.2_windows-x64_bin-sdk\javafx-sdk-11.0.2\lib\javafx.graphics.jar Main
java_class_path (initial): C:\Program Files (x86)\antlr-4.9.1-complete.jar;
Launcher Type: SUN_STANDARD

[Global flags]
     intx CICompilerCount                          = 3                                         {product} {ergonomic}
     uint ConcGCThreads                            = 1                                         {product} {ergonomic}
     uint G1ConcRefinementThreads                  = 4                                         {product} {ergonomic}
   size_t G1HeapRegionSize                         = 1048576                                   {product} {ergonomic}
    uintx GCDrainStackTargetSize                   = 64                                        {product} {ergonomic}
   size_t InitialHeapSize                          = 130023424                                 {product} {ergonomic}
   size_t MarkStackSize                            = 4194304                                   {product} {ergonomic}
   size_t MaxHeapSize                              = 2067791872                                {product} {ergonomic}
   size_t MinHeapDeltaBytes                        = 1048576                                   {product} {ergonomic}
    uintx NonNMethodCodeHeapSize                   = 5830732                                {pd product} {ergonomic}
    uintx NonProfiledCodeHeapSize                  = 122913754                              {pd product} {ergonomic}
    uintx ProfiledCodeHeapSize                     = 122913754                              {pd product} {ergonomic}
    uintx ReservedCodeCacheSize                    = 251658240                              {pd product} {ergonomic}
     bool SegmentedCodeCache                       = true                                      {product} {ergonomic}
     bool UseCompressedClassPointers               = true                                 {lp64_product} {ergonomic}
     bool UseCompressedOops                        = true                                 {lp64_product} {ergonomic}
     bool UseG1GC                                  = true                                      {product} {ergonomic}
     bool UseLargePagesIndividualAllocation        = false                                  {pd product} {ergonomic}

Logging:
Log output configuration:
 #0: stdout all=warning uptime,level,tags
 #1: stderr all=off uptime,level,tags

Environment Variables:
JAVA_HOME=C:\Program Files\Java\jdk1.8.0_221
CLASSPATH=C:\Program Files (x86)\antlr-4.9.1-complete.jar;
PATH=C:\oraclexe\app\oracle\product\10.2.0\server\bin;C:\Program Files (x86)\Microsoft SDKs\Azure\CLI2\wbin;C:\oraclexe\app\oracle\product\11.2.0\server\bin;E:\app\radia\product\12.1.0\dbhome_2\bin;E:\app\radia\product\12.1.0\dbhome_1\bin;C:\Program Files (x86)\Common Files\Oracle\Java\javapath;C:\WINDOWS\system32;C:\WINDOWS;C:\WINDOWS\System32\Wbem;C:\WINDOWS\System32\WindowsPowerShell\v1.0\;C:\WINDOWS\System32\OpenSSH\;C:\Program Files (x86)\CodeBlocks\MinGW\bin;C:\Program Files (x86)\GnuWin32\bin;C:\Users\Administrateur\PycharmProjects\untitled2\venv\Scripts;C:\Program Files\nodejs\;C:\Program Files\Java\jdk1.8.0_221\bin;C:\Program Files\gradle-2.8-all\gradle-2.8\bin;C:\Program Files\Git\cmd;C:\Program Files\MATLAB\R2013a\runtime\win64;C:\Program Files\MATLAB\R2013a\bin;C:\Users\Administrateur\AppData\Local\Microsoft\WindowsApps;C:\Users\Administrateur\AppData\Local\Programs\Microsoft VS Code\bin;C:\Users\Administrateur\AppData\Roaming\npm;C:\Users\Administrateur\AppData\Local\GitHubDesktop\bin
USERNAME=Administrateur
OS=Windows_NT
PROCESSOR_IDENTIFIER=Intel64 Family 6 Model 58 Stepping 9, GenuineIntel



---------------  S Y S T E M  ---------------

OS: Windows 10 , 64 bit Build 19041 (10.0.19041.928)

CPU:total 4 (initial active 4) (2 cores per cpu, 2 threads per core) family 6 model 58 stepping 9, cmov, cx8, fxsr, mmx, sse, sse2, sse3, ssse3, sse4.1, sse4.2, popcnt, avx, aes, clmul, erms, ht, tsc, tscinvbit, tscinv

Memory: 4k page, system-wide physical 7887M (1799M free)
TotalPageFile size 7887M (AvailPageFile size 46M)
current process WorkingSet (physical memory assigned to process): 10M, peak: 10M
current process commit charge ("private bytes"): 51M, peak: 175M

vm_info: Java HotSpot(TM) 64-Bit Server VM (12.0.1+12) for windows-amd64 JRE (12.0.1+12), built on Apr  2 2019 14:02:19 by "mach5one" with MS VC++ 15.5 (VS2017)

END.
