#
# There is insufficient memory for the Java Runtime Environment to continue.
# Native memory allocation (mmap) failed to map 385875968 bytes for Failed to commit area from 0x0000000098700000 to 0x00000000af700000 of length 385875968.
# Possible reasons:
#   The system is out of physical RAM or swap space
#   The process is running with CompressedOops enabled, and the Java Heap may be blocking the growth of the native heap
# Possible solutions:
#   Reduce memory load on the system
#   Increase physical memory or swap space
#   Check if swap backing store is full
#   Decrease Java heap size (-Xmx/-Xms)
#   Decrease number of Java threads
#   Decrease Java thread stack sizes (-Xss)
#   Set larger code cache with -XX:ReservedCodeCacheSize=
#   JVM is running with Unscaled Compressed Oops mode in which the Java heap is
#     placed in the first 4GB address space. The Java Heap base address is the
#     maximum limit for the native heap growth. Please use -XX:HeapBaseMinAddress
#     to set the Java Heap base and to place the Java Heap above 4GB virtual address.
# This output file may be truncated or incomplete.
#
#  Out of Memory Error (t:/workspace/open/src/hotspot/os/windows/os_windows.cpp:3269), pid=9816, tid=11332
#
# JRE version: Java(TM) SE Runtime Environment (11.0.3+12) (build 11.0.3+12-LTS)
# Java VM: Java HotSpot(TM) 64-Bit Server VM (11.0.3+12-LTS, mixed mode, tiered, compressed oops, g1 gc, windows-amd64)
# No core dump will be written. Minidumps are not enabled by default on client versions of Windows
#

---------------  S U M M A R Y ------------

Command Line: --module-path=C:\Users\Administrateur\Desktop\logiciels\openjfx-11.0.2_windows-x64_bin-sdk\javafx-sdk-11.0.2\lib --add-modules=javafx.controls,javafx.fxml -javaagent:C:\Program Files\JetBrains\IntelliJ IDEA Community Edition 2020.3.2\lib\idea_rt.jar=56278:C:\Program Files\JetBrains\IntelliJ IDEA Community Edition 2020.3.2\bin -Dfile.encoding=UTF-8 Main

Host: Intel(R) Core(TM) i5-3320M CPU @ 2.60GHz, 4 cores, 7G,  Windows 10 , 64 bit Build 19041 (10.0.19041.1023)
Time: Fri Jun 18 00:22:52 2021 Paris, Madrid (heure d’été) elapsed time: 23 seconds (0d 0h 0m 23s)

---------------  T H R E A D  ---------------

Current thread (0x00000162db0fa800):  VMThread "VM Thread" [stack: 0x00000039a1800000,0x00000039a1900000] [id=11332]

Stack: [0x00000039a1800000,0x00000039a1900000]
[error occurred during error reporting (printing stack bounds), id 0xc0000005, EXCEPTION_ACCESS_VIOLATION (0xc0000005) at pc=0x00000162c4bd0bad]

Native frames: (J=compiled Java code, j=interpreted, Vv=VM code, C=native code)
V  [jvm.dll+0x63582a]
V  [jvm.dll+0x77360f]
V  [jvm.dll+0x774cba]
V  [jvm.dll+0x7752d5]
V  [jvm.dll+0x77528b]
V  [jvm.dll+0x634f26]
V  [jvm.dll+0x6352f8]
C  [ntdll.dll+0xa217f]
C  [ntdll.dll+0x51454]
C  [ntdll.dll+0xa0cae]
C  0x00000162c4bd0bad

VM_Operation (0x00000039a28fa230): G1CollectForAllocation, mode: safepoint, requested by thread 0x00000162de019000


---------------  P R O C E S S  ---------------

Threads class SMR info:
_java_thread_list=0x00000162de53a4e0, length=18, elements={
0x00000162bb05b000, 0x00000162db121800, 0x00000162db12c800, 0x00000162dbae2800,
0x00000162db13b000, 0x00000162db13c800, 0x00000162db142800, 0x00000162db145800,
0x00000162db0b7800, 0x00000162dc690800, 0x00000162dbc8c800, 0x00000162dc778800,
0x00000162dd3f9000, 0x00000162de019000, 0x00000162dc057800, 0x00000162dc5e3800,
0x00000162dc7e9000, 0x00000162dd0a5800
}

Java Threads: ( => current thread )
  0x00000162bb05b000 JavaThread "main" [_thread_blocked, id=6676, stack(0x00000039a1200000,0x00000039a1300000)]
  0x00000162db121800 JavaThread "Reference Handler" daemon [_thread_blocked, id=10732, stack(0x00000039a1900000,0x00000039a1a00000)]
  0x00000162db12c800 JavaThread "Finalizer" daemon [_thread_blocked, id=14056, stack(0x00000039a1a00000,0x00000039a1b00000)]
  0x00000162dbae2800 JavaThread "Signal Dispatcher" daemon [_thread_blocked, id=10948, stack(0x00000039a1b00000,0x00000039a1c00000)]
  0x00000162db13b000 JavaThread "Attach Listener" daemon [_thread_blocked, id=5620, stack(0x00000039a1c00000,0x00000039a1d00000)]
  0x00000162db13c800 JavaThread "C2 CompilerThread0" daemon [_thread_blocked, id=11828, stack(0x00000039a1d00000,0x00000039a1e00000)]
  0x00000162db142800 JavaThread "C1 CompilerThread0" daemon [_thread_blocked, id=12304, stack(0x00000039a1e00000,0x00000039a1f00000)]
  0x00000162db145800 JavaThread "Sweeper thread" daemon [_thread_blocked, id=7376, stack(0x00000039a1f00000,0x00000039a2000000)]
  0x00000162db0b7800 JavaThread "Common-Cleaner" daemon [_thread_blocked, id=11096, stack(0x00000039a2000000,0x00000039a2100000)]
  0x00000162dc690800 JavaThread "Monitor Ctrl-Break" daemon [_thread_in_native, id=8328, stack(0x00000039a2200000,0x00000039a2300000)]
  0x00000162dbc8c800 JavaThread "Service Thread" daemon [_thread_blocked, id=14448, stack(0x00000039a2300000,0x00000039a2400000)]
  0x00000162dc778800 JavaThread "QuantumRenderer-0" daemon [_thread_blocked, id=1536, stack(0x00000039a2500000,0x00000039a2600000)]
  0x00000162dd3f9000 JavaThread "InvokeLaterDispatcher" daemon [_thread_blocked, id=7116, stack(0x00000039a2700000,0x00000039a2800000)]
  0x00000162de019000 JavaThread "JavaFX Application Thread" [_thread_blocked, id=14696, stack(0x00000039a2800000,0x00000039a2900000)]
  0x00000162dc057800 JavaThread "JavaFX-Launcher" [_thread_blocked, id=8800, stack(0x00000039a2e00000,0x00000039a2f00000)]
  0x00000162dc5e3800 JavaThread "Thread-2" daemon [_thread_blocked, id=8232, stack(0x00000039a2c00000,0x00000039a2d00000)]
  0x00000162dc7e9000 JavaThread "Prism Font Disposer" daemon [_thread_blocked, id=6492, stack(0x00000039a2b00000,0x00000039a2c00000)]
  0x00000162dd0a5800 JavaThread "Cleaner-0" daemon [_thread_blocked, id=2272, stack(0x00000039a3400000,0x00000039a3500000)]

Other Threads:
=>0x00000162db0fa800 VMThread "VM Thread" [stack: 0x00000039a1800000,0x00000039a1900000] [id=11332]
  0x00000162dc8fc800 WatcherThread [stack: 0x00000039a2400000,0x00000039a2500000] [id=4776]
  0x00000162bb06f000 GCTaskThread "GC Thread#0" [stack: 0x00000039a1300000,0x00000039a1400000] [id=9900]
  0x00000162dd276800 GCTaskThread "GC Thread#1" [stack: 0x00000039a2600000,0x00000039a2700000] [id=7204]
  0x00000162dd27a000 GCTaskThread "GC Thread#2" [stack: 0x00000039a2f00000,0x00000039a3000000] [id=11888]
  0x00000162dd27a800 GCTaskThread "GC Thread#3" [stack: 0x00000039a3000000,0x00000039a3100000] [id=13900]
  0x00000162bb0a3000 ConcurrentGCThread "G1 Main Marker" [stack: 0x00000039a1400000,0x00000039a1500000] [id=4876]
  0x00000162bb0a5000 ConcurrentGCThread "G1 Conc#0" [stack: 0x00000039a1500000,0x00000039a1600000] [id=9444]
  0x00000162bb126000 ConcurrentGCThread "G1 Refine#0" [stack: 0x00000039a1600000,0x00000039a1700000] [id=6248]
  0x00000162dc4f9800 ConcurrentGCThread "G1 Refine#1" [stack: 0x00000039a3700000,0x00000039a3800000] [id=476]
  0x00000162dbb4a800 ConcurrentGCThread "G1 Refine#2" [stack: 0x00000039a4000000,0x00000039a4100000] [id=11008]
  0x00000162bb128000 ConcurrentGCThread "G1 Young RemSet Sampling" [stack: 0x00000039a1700000,0x00000039a1800000] [id=1180]

Threads with active compile tasks:

VM state:at safepoint (normal execution)

VM Mutex/Monitor currently owned by a thread:  ([mutex/lock_event])
[0x00000162bb057500] Threads_lock - owner thread: 0x00000162db0fa800
[0x00000162bb057c50] Heap_lock - owner thread: 0x00000162de019000

Heap address: 0x0000000084c00000, size: 1972 MB, Compressed Oops mode: 32-bit
Narrow klass base: 0x0000000000000000, Narrow klass shift: 3
Compressed class space size: 1073741824 Address: 0x0000000100000000

Heap:
 garbage-first heap   total 699392K, used 224768K [0x0000000084c00000, 0x0000000100000000)
  region size 1024K, 5 young (5120K), 5 survivors (5120K)
 Metaspace       used 27746K, capacity 28895K, committed 28928K, reserved 1075200K
  class space    used 3634K, capacity 4078K, committed 4096K, reserved 1048576K
Heap Regions: E=young(eden), S=young(survivor), O=old, HS=humongous(starts), HC=humongous(continues), CS=collection set, F=free, A=archive, TAMS=top-at-mark-start (previous, next)
|   0|0x0000000084c00000, 0x0000000084d00000, 0x0000000084d00000|100%| O|  |TAMS 0x0000000084d00000, 0x0000000084c00000| Untracked 
|   1|0x0000000084d00000, 0x0000000084e00000, 0x0000000084e00000|100%|HS|  |TAMS 0x0000000084e00000, 0x0000000084d00000| Complete 
|   2|0x0000000084e00000, 0x0000000084f00000, 0x0000000084f00000|100%|HC|  |TAMS 0x0000000084f00000, 0x0000000084e00000| Complete 
|   3|0x0000000084f00000, 0x0000000085000000, 0x0000000085000000|100%| O|  |TAMS 0x0000000085000000, 0x0000000084f00000| Untracked 
|   4|0x0000000085000000, 0x0000000085100000, 0x0000000085100000|100%| O|  |TAMS 0x0000000085100000, 0x0000000085000000| Untracked 
|   5|0x0000000085100000, 0x0000000085200000, 0x0000000085200000|100%| O|  |TAMS 0x0000000085200000, 0x0000000085100000| Untracked 
|   6|0x0000000085200000, 0x0000000085300000, 0x0000000085300000|100%| O|  |TAMS 0x0000000085300000, 0x0000000085200000| Untracked 
|   7|0x0000000085300000, 0x0000000085400000, 0x0000000085400000|100%| O|  |TAMS 0x0000000085400000, 0x0000000085300000| Untracked 
|   8|0x0000000085400000, 0x0000000085500000, 0x0000000085500000|100%| O|  |TAMS 0x0000000085500000, 0x0000000085400000| Untracked 
|   9|0x0000000085500000, 0x0000000085600000, 0x0000000085600000|100%| O|  |TAMS 0x0000000085600000, 0x0000000085500000| Untracked 
|  10|0x0000000085600000, 0x0000000085700000, 0x0000000085700000|100%| O|  |TAMS 0x0000000085700000, 0x0000000085600000| Untracked 
|  11|0x0000000085700000, 0x0000000085800000, 0x0000000085800000|100%| O|  |TAMS 0x0000000085800000, 0x0000000085700000| Untracked 
|  12|0x0000000085800000, 0x0000000085900000, 0x0000000085900000|100%| O|  |TAMS 0x0000000085900000, 0x0000000085800000| Untracked 
|  13|0x0000000085900000, 0x0000000085a00000, 0x0000000085a00000|100%| O|  |TAMS 0x0000000085a00000, 0x0000000085900000| Untracked 
|  14|0x0000000085a00000, 0x0000000085b00000, 0x0000000085b00000|100%| O|  |TAMS 0x0000000085b00000, 0x0000000085a00000| Untracked 
|  15|0x0000000085b00000, 0x0000000085c00000, 0x0000000085c00000|100%| O|  |TAMS 0x0000000085c00000, 0x0000000085b00000| Untracked 
|  16|0x0000000085c00000, 0x0000000085d00000, 0x0000000085d00000|100%| O|  |TAMS 0x0000000085d00000, 0x0000000085c00000| Untracked 
|  17|0x0000000085d00000, 0x0000000085e00000, 0x0000000085e00000|100%| O|  |TAMS 0x0000000085e00000, 0x0000000085d00000| Untracked 
|  18|0x0000000085e00000, 0x0000000085f00000, 0x0000000085f00000|100%| O|  |TAMS 0x0000000085f00000, 0x0000000085e00000| Untracked 
|  19|0x0000000085f00000, 0x0000000086000000, 0x0000000086000000|100%| O|  |TAMS 0x0000000086000000, 0x0000000085f00000| Untracked 
|  20|0x0000000086000000, 0x0000000086100000, 0x0000000086100000|100%| O|  |TAMS 0x0000000086100000, 0x0000000086000000| Untracked 
|  21|0x0000000086100000, 0x0000000086200000, 0x0000000086200000|100%| O|  |TAMS 0x0000000086200000, 0x0000000086100000| Untracked 
|  22|0x0000000086200000, 0x0000000086300000, 0x0000000086300000|100%| O|  |TAMS 0x0000000086300000, 0x0000000086200000| Untracked 
|  23|0x0000000086300000, 0x0000000086400000, 0x0000000086400000|100%| O|  |TAMS 0x0000000086400000, 0x0000000086300000| Untracked 
|  24|0x0000000086400000, 0x0000000086500000, 0x0000000086500000|100%| O|  |TAMS 0x0000000086500000, 0x0000000086400000| Untracked 
|  25|0x0000000086500000, 0x0000000086600000, 0x0000000086600000|100%| O|  |TAMS 0x0000000086600000, 0x0000000086500000| Untracked 
|  26|0x0000000086600000, 0x0000000086700000, 0x0000000086700000|100%| O|  |TAMS 0x0000000086700000, 0x0000000086600000| Untracked 
|  27|0x0000000086700000, 0x0000000086800000, 0x0000000086800000|100%| O|  |TAMS 0x0000000086800000, 0x0000000086700000| Untracked 
|  28|0x0000000086800000, 0x0000000086900000, 0x0000000086900000|100%| O|  |TAMS 0x0000000086900000, 0x0000000086800000| Untracked 
|  29|0x0000000086900000, 0x0000000086a00000, 0x0000000086a00000|100%| O|  |TAMS 0x0000000086a00000, 0x0000000086900000| Untracked 
|  30|0x0000000086a00000, 0x0000000086b00000, 0x0000000086b00000|100%| O|  |TAMS 0x0000000086b00000, 0x0000000086a00000| Untracked 
|  31|0x0000000086b00000, 0x0000000086c00000, 0x0000000086c00000|100%| O|  |TAMS 0x0000000086c00000, 0x0000000086b00000| Untracked 
|  32|0x0000000086c00000, 0x0000000086d00000, 0x0000000086d00000|100%| O|  |TAMS 0x0000000086d00000, 0x0000000086c00000| Untracked 
|  33|0x0000000086d00000, 0x0000000086e00000, 0x0000000086e00000|100%| O|  |TAMS 0x0000000086e00000, 0x0000000086d00000| Untracked 
|  34|0x0000000086e00000, 0x0000000086f00000, 0x0000000086f00000|100%| O|  |TAMS 0x0000000086f00000, 0x0000000086e00000| Untracked 
|  35|0x0000000086f00000, 0x0000000087000000, 0x0000000087000000|100%| O|  |TAMS 0x0000000087000000, 0x0000000086f00000| Untracked 
|  36|0x0000000087000000, 0x0000000087100000, 0x0000000087100000|100%| O|  |TAMS 0x0000000087100000, 0x0000000087000000| Untracked 
|  37|0x0000000087100000, 0x0000000087200000, 0x0000000087200000|100%| O|  |TAMS 0x0000000087200000, 0x0000000087100000| Untracked 
|  38|0x0000000087200000, 0x0000000087300000, 0x0000000087300000|100%| O|  |TAMS 0x0000000087300000, 0x0000000087200000| Untracked 
|  39|0x0000000087300000, 0x0000000087400000, 0x0000000087400000|100%| O|  |TAMS 0x0000000087400000, 0x0000000087300000| Untracked 
|  40|0x0000000087400000, 0x0000000087500000, 0x0000000087500000|100%| O|  |TAMS 0x0000000087500000, 0x0000000087400000| Untracked 
|  41|0x0000000087500000, 0x0000000087600000, 0x0000000087600000|100%| O|  |TAMS 0x0000000087600000, 0x0000000087500000| Untracked 
|  42|0x0000000087600000, 0x0000000087700000, 0x0000000087700000|100%| O|  |TAMS 0x0000000087600000, 0x0000000087600000| Untracked 
|  43|0x0000000087700000, 0x0000000087800000, 0x0000000087800000|100%| O|  |TAMS 0x0000000087700000, 0x0000000087700000| Untracked 
|  44|0x0000000087800000, 0x0000000087900000, 0x0000000087900000|100%| O|  |TAMS 0x0000000087800000, 0x0000000087800000| Untracked 
|  45|0x0000000087900000, 0x0000000087a00000, 0x0000000087a00000|100%| O|  |TAMS 0x0000000087900000, 0x0000000087900000| Untracked 
|  46|0x0000000087a00000, 0x0000000087b00000, 0x0000000087b00000|100%| O|  |TAMS 0x0000000087a00000, 0x0000000087a00000| Untracked 
|  47|0x0000000087b00000, 0x0000000087c00000, 0x0000000087c00000|100%| O|  |TAMS 0x0000000087b00000, 0x0000000087b00000| Untracked 
|  48|0x0000000087c00000, 0x0000000087d00000, 0x0000000087d00000|100%| O|  |TAMS 0x0000000087c00000, 0x0000000087c00000| Untracked 
|  49|0x0000000087d00000, 0x0000000087e00000, 0x0000000087e00000|100%| O|  |TAMS 0x0000000087d00000, 0x0000000087d00000| Untracked 
|  50|0x0000000087e00000, 0x0000000087f00000, 0x0000000087f00000|100%| O|  |TAMS 0x0000000087e00000, 0x0000000087e00000| Untracked 
|  51|0x0000000087f00000, 0x0000000088000000, 0x0000000088000000|100%| O|  |TAMS 0x0000000087f00000, 0x0000000087f00000| Untracked 
|  52|0x0000000088000000, 0x0000000088100000, 0x0000000088100000|100%| O|  |TAMS 0x0000000088000000, 0x0000000088000000| Untracked 
|  53|0x0000000088100000, 0x0000000088200000, 0x0000000088200000|100%| O|  |TAMS 0x0000000088100000, 0x0000000088100000| Untracked 
|  54|0x0000000088200000, 0x0000000088300000, 0x0000000088300000|100%| O|  |TAMS 0x0000000088200000, 0x0000000088200000| Untracked 
|  55|0x0000000088300000, 0x0000000088400000, 0x0000000088400000|100%| O|  |TAMS 0x0000000088300000, 0x0000000088300000| Untracked 
|  56|0x0000000088400000, 0x0000000088500000, 0x0000000088500000|100%| O|  |TAMS 0x0000000088400000, 0x0000000088400000| Untracked 
|  57|0x0000000088500000, 0x0000000088600000, 0x0000000088600000|100%| O|  |TAMS 0x0000000088600000, 0x0000000088500000| Untracked 
|  58|0x0000000088600000, 0x0000000088700000, 0x0000000088700000|100%| O|  |TAMS 0x0000000088600000, 0x0000000088600000| Untracked 
|  59|0x0000000088700000, 0x0000000088800000, 0x0000000088800000|100%| O|  |TAMS 0x0000000088700000, 0x0000000088700000| Untracked 
|  60|0x0000000088800000, 0x0000000088900000, 0x0000000088900000|100%| O|  |TAMS 0x0000000088800000, 0x0000000088800000| Untracked 
|  61|0x0000000088900000, 0x0000000088a00000, 0x0000000088a00000|100%| O|  |TAMS 0x0000000088900000, 0x0000000088900000| Untracked 
|  62|0x0000000088a00000, 0x0000000088b00000, 0x0000000088b00000|100%| O|  |TAMS 0x0000000088b00000, 0x0000000088a00000| Untracked 
|  63|0x0000000088b00000, 0x0000000088c00000, 0x0000000088c00000|100%| O|  |TAMS 0x0000000088c00000, 0x0000000088b00000| Untracked 
|  64|0x0000000088c00000, 0x0000000088d00000, 0x0000000088d00000|100%| O|  |TAMS 0x0000000088d00000, 0x0000000088c00000| Untracked 
|  65|0x0000000088d00000, 0x0000000088e00000, 0x0000000088e00000|100%| O|  |TAMS 0x0000000088e00000, 0x0000000088d00000| Untracked 
|  66|0x0000000088e00000, 0x0000000088f00000, 0x0000000088f00000|100%| O|  |TAMS 0x0000000088f00000, 0x0000000088e00000| Untracked 
|  67|0x0000000088f00000, 0x0000000089000000, 0x0000000089000000|100%| O|  |TAMS 0x0000000089000000, 0x0000000088f00000| Untracked 
|  68|0x0000000089000000, 0x0000000089100000, 0x0000000089100000|100%| O|  |TAMS 0x0000000089100000, 0x0000000089000000| Untracked 
|  69|0x0000000089100000, 0x0000000089200000, 0x0000000089200000|100%| O|  |TAMS 0x0000000089200000, 0x0000000089100000| Untracked 
|  70|0x0000000089200000, 0x0000000089300000, 0x0000000089300000|100%| O|  |TAMS 0x0000000089200000, 0x0000000089200000| Untracked 
|  71|0x0000000089300000, 0x0000000089400000, 0x0000000089400000|100%| O|  |TAMS 0x0000000089300000, 0x0000000089300000| Untracked 
|  72|0x0000000089400000, 0x0000000089500000, 0x0000000089500000|100%| O|  |TAMS 0x0000000089500000, 0x0000000089400000| Untracked 
|  73|0x0000000089500000, 0x0000000089600000, 0x0000000089600000|100%| O|  |TAMS 0x0000000089600000, 0x0000000089500000| Untracked 
|  74|0x0000000089600000, 0x0000000089700000, 0x0000000089700000|100%| O|  |TAMS 0x0000000089700000, 0x0000000089600000| Untracked 
|  75|0x0000000089700000, 0x0000000089800000, 0x0000000089800000|100%| O|  |TAMS 0x0000000089800000, 0x0000000089700000| Untracked 
|  76|0x0000000089800000, 0x0000000089900000, 0x0000000089900000|100%| O|  |TAMS 0x0000000089900000, 0x0000000089800000| Untracked 
|  77|0x0000000089900000, 0x0000000089a00000, 0x0000000089a00000|100%| O|  |TAMS 0x0000000089a00000, 0x0000000089900000| Untracked 
|  78|0x0000000089a00000, 0x0000000089b00000, 0x0000000089b00000|100%| O|  |TAMS 0x0000000089b00000, 0x0000000089a00000| Untracked 
|  79|0x0000000089b00000, 0x0000000089c00000, 0x0000000089c00000|100%| O|  |TAMS 0x0000000089c00000, 0x0000000089b00000| Untracked 
|  80|0x0000000089c00000, 0x0000000089d00000, 0x0000000089d00000|100%| O|  |TAMS 0x0000000089d00000, 0x0000000089c00000| Untracked 
|  81|0x0000000089d00000, 0x0000000089e00000, 0x0000000089e00000|100%| O|  |TAMS 0x0000000089e00000, 0x0000000089d00000| Untracked 
|  82|0x0000000089e00000, 0x0000000089f00000, 0x0000000089f00000|100%| O|  |TAMS 0x0000000089f00000, 0x0000000089e00000| Untracked 
|  83|0x0000000089f00000, 0x000000008a000000, 0x000000008a000000|100%| O|  |TAMS 0x000000008a000000, 0x0000000089f00000| Untracked 
|  84|0x000000008a000000, 0x000000008a100000, 0x000000008a100000|100%| O|  |TAMS 0x000000008a100000, 0x000000008a000000| Untracked 
|  85|0x000000008a100000, 0x000000008a200000, 0x000000008a200000|100%| O|  |TAMS 0x000000008a200000, 0x000000008a100000| Untracked 
|  86|0x000000008a200000, 0x000000008a300000, 0x000000008a300000|100%| O|  |TAMS 0x000000008a300000, 0x000000008a200000| Untracked 
|  87|0x000000008a300000, 0x000000008a400000, 0x000000008a400000|100%| O|  |TAMS 0x000000008a400000, 0x000000008a300000| Untracked 
|  88|0x000000008a400000, 0x000000008a500000, 0x000000008a500000|100%| O|  |TAMS 0x000000008a500000, 0x000000008a400000| Untracked 
|  89|0x000000008a500000, 0x000000008a600000, 0x000000008a600000|100%| O|  |TAMS 0x000000008a600000, 0x000000008a500000| Untracked 
|  90|0x000000008a600000, 0x000000008a700000, 0x000000008a700000|100%| O|  |TAMS 0x000000008a700000, 0x000000008a600000| Untracked 
|  91|0x000000008a700000, 0x000000008a800000, 0x000000008a800000|100%| O|  |TAMS 0x000000008a800000, 0x000000008a700000| Untracked 
|  92|0x000000008a800000, 0x000000008a900000, 0x000000008a900000|100%| O|  |TAMS 0x000000008a900000, 0x000000008a800000| Untracked 
|  93|0x000000008a900000, 0x000000008aa00000, 0x000000008aa00000|100%| O|  |TAMS 0x000000008aa00000, 0x000000008a900000| Untracked 
|  94|0x000000008aa00000, 0x000000008ab00000, 0x000000008ab00000|100%| O|  |TAMS 0x000000008ab00000, 0x000000008aa00000| Untracked 
|  95|0x000000008ab00000, 0x000000008ac00000, 0x000000008ac00000|100%| O|  |TAMS 0x000000008ac00000, 0x000000008ab00000| Untracked 
|  96|0x000000008ac00000, 0x000000008ad00000, 0x000000008ad00000|100%| O|  |TAMS 0x000000008ad00000, 0x000000008ac00000| Untracked 
|  97|0x000000008ad00000, 0x000000008ae00000, 0x000000008ae00000|100%| O|  |TAMS 0x000000008ae00000, 0x000000008ad00000| Untracked 
|  98|0x000000008ae00000, 0x000000008af00000, 0x000000008af00000|100%| O|  |TAMS 0x000000008ae00000, 0x000000008ae00000| Untracked 
|  99|0x000000008af00000, 0x000000008b000000, 0x000000008b000000|100%| O|  |TAMS 0x000000008b000000, 0x000000008af00000| Untracked 
| 100|0x000000008b000000, 0x000000008b100000, 0x000000008b100000|100%| O|  |TAMS 0x000000008b100000, 0x000000008b000000| Untracked 
| 101|0x000000008b100000, 0x000000008b200000, 0x000000008b200000|100%| O|  |TAMS 0x000000008b200000, 0x000000008b100000| Untracked 
| 102|0x000000008b200000, 0x000000008b300000, 0x000000008b300000|100%| O|  |TAMS 0x000000008b300000, 0x000000008b200000| Untracked 
| 103|0x000000008b300000, 0x000000008b400000, 0x000000008b400000|100%| O|  |TAMS 0x000000008b400000, 0x000000008b300000| Untracked 
| 104|0x000000008b400000, 0x000000008b500000, 0x000000008b500000|100%| O|  |TAMS 0x000000008b500000, 0x000000008b400000| Untracked 
| 105|0x000000008b500000, 0x000000008b600000, 0x000000008b600000|100%| O|  |TAMS 0x000000008b600000, 0x000000008b500000| Untracked 
| 106|0x000000008b600000, 0x000000008b700000, 0x000000008b700000|100%| O|  |TAMS 0x000000008b700000, 0x000000008b600000| Untracked 
| 107|0x000000008b700000, 0x000000008b800000, 0x000000008b800000|100%| O|  |TAMS 0x000000008b800000, 0x000000008b700000| Untracked 
| 108|0x000000008b800000, 0x000000008b900000, 0x000000008b900000|100%| O|  |TAMS 0x000000008b900000, 0x000000008b800000| Untracked 
| 109|0x000000008b900000, 0x000000008ba00000, 0x000000008ba00000|100%| O|  |TAMS 0x000000008ba00000, 0x000000008b900000| Untracked 
| 110|0x000000008ba00000, 0x000000008bb00000, 0x000000008bb00000|100%| O|  |TAMS 0x000000008bb00000, 0x000000008ba00000| Untracked 
| 111|0x000000008bb00000, 0x000000008bc00000, 0x000000008bc00000|100%| O|  |TAMS 0x000000008bc00000, 0x000000008bb00000| Untracked 
| 112|0x000000008bc00000, 0x000000008bd00000, 0x000000008bd00000|100%| O|  |TAMS 0x000000008bd00000, 0x000000008bc00000| Untracked 
| 113|0x000000008bd00000, 0x000000008be00000, 0x000000008be00000|100%| O|  |TAMS 0x000000008be00000, 0x000000008bd00000| Untracked 
| 114|0x000000008be00000, 0x000000008bf00000, 0x000000008bf00000|100%| O|  |TAMS 0x000000008be00000, 0x000000008be00000| Untracked 
| 115|0x000000008bf00000, 0x000000008c000000, 0x000000008c000000|100%| O|  |TAMS 0x000000008bf00000, 0x000000008bf00000| Untracked 
| 116|0x000000008c000000, 0x000000008c100000, 0x000000008c100000|100%| O|  |TAMS 0x000000008c000000, 0x000000008c000000| Untracked 
| 117|0x000000008c100000, 0x000000008c200000, 0x000000008c200000|100%| O|  |TAMS 0x000000008c100000, 0x000000008c100000| Untracked 
| 118|0x000000008c200000, 0x000000008c300000, 0x000000008c300000|100%| O|  |TAMS 0x000000008c200000, 0x000000008c200000| Untracked 
| 119|0x000000008c300000, 0x000000008c400000, 0x000000008c400000|100%| O|  |TAMS 0x000000008c300000, 0x000000008c300000| Untracked 
| 120|0x000000008c400000, 0x000000008c500000, 0x000000008c500000|100%| O|  |TAMS 0x000000008c400000, 0x000000008c400000| Untracked 
| 121|0x000000008c500000, 0x000000008c600000, 0x000000008c600000|100%| O|  |TAMS 0x000000008c500000, 0x000000008c500000| Untracked 
| 122|0x000000008c600000, 0x000000008c700000, 0x000000008c700000|100%| O|  |TAMS 0x000000008c600000, 0x000000008c600000| Untracked 
| 123|0x000000008c700000, 0x000000008c800000, 0x000000008c800000|100%| O|  |TAMS 0x000000008c700000, 0x000000008c700000| Untracked 
| 124|0x000000008c800000, 0x000000008c900000, 0x000000008c900000|100%| O|  |TAMS 0x000000008c800000, 0x000000008c800000| Untracked 
| 125|0x000000008c900000, 0x000000008ca00000, 0x000000008ca00000|100%| O|  |TAMS 0x000000008c900000, 0x000000008c900000| Untracked 
| 126|0x000000008ca00000, 0x000000008cb00000, 0x000000008cb00000|100%| O|  |TAMS 0x000000008ca00000, 0x000000008ca00000| Untracked 
| 127|0x000000008cb00000, 0x000000008cc00000, 0x000000008cc00000|100%| O|  |TAMS 0x000000008cb00000, 0x000000008cb00000| Untracked 
| 128|0x000000008cc00000, 0x000000008cd00000, 0x000000008cd00000|100%| O|  |TAMS 0x000000008cc00000, 0x000000008cc00000| Untracked 
| 129|0x000000008cd00000, 0x000000008ce00000, 0x000000008ce00000|100%| O|  |TAMS 0x000000008cd00000, 0x000000008cd00000| Untracked 
| 130|0x000000008ce00000, 0x000000008cf00000, 0x000000008cf00000|100%| O|  |TAMS 0x000000008ce00000, 0x000000008ce00000| Untracked 
| 131|0x000000008cf00000, 0x000000008d000000, 0x000000008d000000|100%| O|  |TAMS 0x000000008cf00000, 0x000000008cf00000| Untracked 
| 132|0x000000008d000000, 0x000000008d100000, 0x000000008d100000|100%| O|  |TAMS 0x000000008d000000, 0x000000008d000000| Untracked 
| 133|0x000000008d100000, 0x000000008d200000, 0x000000008d200000|100%| O|  |TAMS 0x000000008d100000, 0x000000008d100000| Untracked 
| 134|0x000000008d200000, 0x000000008d300000, 0x000000008d300000|100%| O|  |TAMS 0x000000008d200000, 0x000000008d200000| Untracked 
| 135|0x000000008d300000, 0x000000008d400000, 0x000000008d400000|100%| O|  |TAMS 0x000000008d300000, 0x000000008d300000| Untracked 
| 136|0x000000008d400000, 0x000000008d500000, 0x000000008d500000|100%| O|  |TAMS 0x000000008d400000, 0x000000008d400000| Untracked 
| 137|0x000000008d500000, 0x000000008d600000, 0x000000008d600000|100%| O|  |TAMS 0x000000008d500000, 0x000000008d500000| Untracked 
| 138|0x000000008d600000, 0x000000008d700000, 0x000000008d700000|100%| O|  |TAMS 0x000000008d600000, 0x000000008d600000| Untracked 
| 139|0x000000008d700000, 0x000000008d800000, 0x000000008d800000|100%| O|  |TAMS 0x000000008d700000, 0x000000008d700000| Untracked 
| 140|0x000000008d800000, 0x000000008d900000, 0x000000008d900000|100%| O|  |TAMS 0x000000008d800000, 0x000000008d800000| Untracked 
| 141|0x000000008d900000, 0x000000008da00000, 0x000000008da00000|100%| O|  |TAMS 0x000000008d900000, 0x000000008d900000| Untracked 
| 142|0x000000008da00000, 0x000000008db00000, 0x000000008db00000|100%| O|  |TAMS 0x000000008da00000, 0x000000008da00000| Untracked 
| 143|0x000000008db00000, 0x000000008dc00000, 0x000000008dc00000|100%| O|  |TAMS 0x000000008db00000, 0x000000008db00000| Untracked 
| 144|0x000000008dc00000, 0x000000008dd00000, 0x000000008dd00000|100%| O|  |TAMS 0x000000008dc00000, 0x000000008dc00000| Untracked 
| 145|0x000000008dd00000, 0x000000008de00000, 0x000000008de00000|100%| O|  |TAMS 0x000000008dd00000, 0x000000008dd00000| Untracked 
| 146|0x000000008de00000, 0x000000008df00000, 0x000000008df00000|100%| O|  |TAMS 0x000000008de00000, 0x000000008de00000| Untracked 
| 147|0x000000008df00000, 0x000000008e000000, 0x000000008e000000|100%| O|  |TAMS 0x000000008df00000, 0x000000008df00000| Untracked 
| 148|0x000000008e000000, 0x000000008e100000, 0x000000008e100000|100%| O|  |TAMS 0x000000008e000000, 0x000000008e000000| Untracked 
| 149|0x000000008e100000, 0x000000008e200000, 0x000000008e200000|100%| O|  |TAMS 0x000000008e100000, 0x000000008e100000| Untracked 
| 150|0x000000008e200000, 0x000000008e300000, 0x000000008e300000|100%| O|  |TAMS 0x000000008e200000, 0x000000008e200000| Untracked 
| 151|0x000000008e300000, 0x000000008e400000, 0x000000008e400000|100%| O|  |TAMS 0x000000008e300000, 0x000000008e300000| Untracked 
| 152|0x000000008e400000, 0x000000008e500000, 0x000000008e500000|100%| O|  |TAMS 0x000000008e400000, 0x000000008e400000| Untracked 
| 153|0x000000008e500000, 0x000000008e600000, 0x000000008e600000|100%| O|  |TAMS 0x000000008e500000, 0x000000008e500000| Untracked 
| 154|0x000000008e600000, 0x000000008e700000, 0x000000008e700000|100%| O|  |TAMS 0x000000008e600000, 0x000000008e600000| Untracked 
| 155|0x000000008e700000, 0x000000008e800000, 0x000000008e800000|100%| O|  |TAMS 0x000000008e700000, 0x000000008e700000| Untracked 
| 156|0x000000008e800000, 0x000000008e900000, 0x000000008e900000|100%| O|  |TAMS 0x000000008e800000, 0x000000008e800000| Untracked 
| 157|0x000000008e900000, 0x000000008ea00000, 0x000000008ea00000|100%| O|  |TAMS 0x000000008e900000, 0x000000008e900000| Untracked 
| 158|0x000000008ea00000, 0x000000008eb00000, 0x000000008eb00000|100%| O|  |TAMS 0x000000008ea00000, 0x000000008ea00000| Untracked 
| 159|0x000000008eb00000, 0x000000008ec00000, 0x000000008ec00000|100%| O|  |TAMS 0x000000008eb00000, 0x000000008eb00000| Untracked 
| 160|0x000000008ec00000, 0x000000008ed00000, 0x000000008ed00000|100%| O|  |TAMS 0x000000008ec00000, 0x000000008ec00000| Untracked 
| 161|0x000000008ed00000, 0x000000008ee00000, 0x000000008ee00000|100%| O|  |TAMS 0x000000008ed00000, 0x000000008ed00000| Untracked 
| 162|0x000000008ee00000, 0x000000008ef00000, 0x000000008ef00000|100%| O|  |TAMS 0x000000008ee00000, 0x000000008ee00000| Untracked 
| 163|0x000000008ef00000, 0x000000008f000000, 0x000000008f000000|100%| O|  |TAMS 0x000000008ef00000, 0x000000008ef00000| Untracked 
| 164|0x000000008f000000, 0x000000008f100000, 0x000000008f100000|100%| O|  |TAMS 0x000000008f000000, 0x000000008f000000| Untracked 
| 165|0x000000008f100000, 0x000000008f200000, 0x000000008f200000|100%| O|  |TAMS 0x000000008f100000, 0x000000008f100000| Untracked 
| 166|0x000000008f200000, 0x000000008f300000, 0x000000008f300000|100%| O|  |TAMS 0x000000008f200000, 0x000000008f200000| Untracked 
| 167|0x000000008f300000, 0x000000008f400000, 0x000000008f400000|100%| O|  |TAMS 0x000000008f300000, 0x000000008f300000| Untracked 
| 168|0x000000008f400000, 0x000000008f500000, 0x000000008f500000|100%| O|  |TAMS 0x000000008f400000, 0x000000008f400000| Untracked 
| 169|0x000000008f500000, 0x000000008f600000, 0x000000008f600000|100%| O|  |TAMS 0x000000008f500000, 0x000000008f500000| Untracked 
| 170|0x000000008f600000, 0x000000008f700000, 0x000000008f700000|100%| O|  |TAMS 0x000000008f600000, 0x000000008f600000| Untracked 
| 171|0x000000008f700000, 0x000000008f800000, 0x000000008f800000|100%| O|  |TAMS 0x000000008f700000, 0x000000008f700000| Untracked 
| 172|0x000000008f800000, 0x000000008f900000, 0x000000008f900000|100%| O|  |TAMS 0x000000008f800000, 0x000000008f800000| Untracked 
| 173|0x000000008f900000, 0x000000008fa00000, 0x000000008fa00000|100%| O|  |TAMS 0x000000008f900000, 0x000000008f900000| Untracked 
| 174|0x000000008fa00000, 0x000000008fb00000, 0x000000008fb00000|100%| O|  |TAMS 0x000000008fa00000, 0x000000008fa00000| Untracked 
| 175|0x000000008fb00000, 0x000000008fc00000, 0x000000008fc00000|100%| O|  |TAMS 0x000000008fb00000, 0x000000008fb00000| Untracked 
| 176|0x000000008fc00000, 0x000000008fd00000, 0x000000008fd00000|100%| O|  |TAMS 0x000000008fc00000, 0x000000008fc00000| Untracked 
| 177|0x000000008fd00000, 0x000000008fe00000, 0x000000008fe00000|100%| O|  |TAMS 0x000000008fd00000, 0x000000008fd00000| Untracked 
| 178|0x000000008fe00000, 0x000000008ff00000, 0x000000008ff00000|100%| O|  |TAMS 0x000000008fe00000, 0x000000008fe00000| Untracked 
| 179|0x000000008ff00000, 0x0000000090000000, 0x0000000090000000|100%| O|  |TAMS 0x000000008ff00000, 0x000000008ff00000| Untracked 
| 180|0x0000000090000000, 0x0000000090100000, 0x0000000090100000|100%| O|  |TAMS 0x0000000090000000, 0x0000000090000000| Untracked 
| 181|0x0000000090100000, 0x0000000090200000, 0x0000000090200000|100%| O|  |TAMS 0x0000000090100000, 0x0000000090100000| Untracked 
| 182|0x0000000090200000, 0x0000000090300000, 0x0000000090300000|100%| O|  |TAMS 0x0000000090200000, 0x0000000090200000| Untracked 
| 183|0x0000000090300000, 0x0000000090400000, 0x0000000090400000|100%| O|  |TAMS 0x0000000090300000, 0x0000000090300000| Untracked 
| 184|0x0000000090400000, 0x0000000090500000, 0x0000000090500000|100%| O|  |TAMS 0x0000000090400000, 0x0000000090400000| Untracked 
| 185|0x0000000090500000, 0x0000000090600000, 0x0000000090600000|100%| O|  |TAMS 0x0000000090500000, 0x0000000090500000| Untracked 
| 186|0x0000000090600000, 0x0000000090700000, 0x0000000090700000|100%| O|  |TAMS 0x0000000090600000, 0x0000000090600000| Untracked 
| 187|0x0000000090700000, 0x0000000090800000, 0x0000000090800000|100%| O|  |TAMS 0x0000000090700000, 0x0000000090700000| Untracked 
| 188|0x0000000090800000, 0x0000000090900000, 0x0000000090900000|100%| O|  |TAMS 0x0000000090800000, 0x0000000090800000| Untracked 
| 189|0x0000000090900000, 0x0000000090a00000, 0x0000000090a00000|100%| O|  |TAMS 0x0000000090900000, 0x0000000090900000| Untracked 
| 190|0x0000000090a00000, 0x0000000090b00000, 0x0000000090b00000|100%| O|  |TAMS 0x0000000090a00000, 0x0000000090a00000| Untracked 
| 191|0x0000000090b00000, 0x0000000090c00000, 0x0000000090c00000|100%| O|  |TAMS 0x0000000090b00000, 0x0000000090b00000| Untracked 
| 192|0x0000000090c00000, 0x0000000090d00000, 0x0000000090d00000|100%| O|  |TAMS 0x0000000090c00000, 0x0000000090c00000| Untracked 
| 193|0x0000000090d00000, 0x0000000090e00000, 0x0000000090e00000|100%| O|  |TAMS 0x0000000090d00000, 0x0000000090d00000| Untracked 
| 194|0x0000000090e00000, 0x0000000090f00000, 0x0000000090f00000|100%| O|  |TAMS 0x0000000090e00000, 0x0000000090e00000| Untracked 
| 195|0x0000000090f00000, 0x0000000091000000, 0x0000000091000000|100%| O|  |TAMS 0x0000000090f00000, 0x0000000090f00000| Untracked 
| 196|0x0000000091000000, 0x0000000091100000, 0x0000000091100000|100%| O|  |TAMS 0x0000000091000000, 0x0000000091000000| Untracked 
| 197|0x0000000091100000, 0x0000000091200000, 0x0000000091200000|100%| O|  |TAMS 0x0000000091100000, 0x0000000091100000| Untracked 
| 198|0x0000000091200000, 0x0000000091300000, 0x0000000091300000|100%| O|  |TAMS 0x0000000091200000, 0x0000000091200000| Untracked 
| 199|0x0000000091300000, 0x0000000091400000, 0x0000000091400000|100%| O|  |TAMS 0x0000000091300000, 0x0000000091300000| Untracked 
| 200|0x0000000091400000, 0x0000000091500000, 0x0000000091500000|100%| O|  |TAMS 0x0000000091400000, 0x0000000091400000| Untracked 
| 201|0x0000000091500000, 0x0000000091600000, 0x0000000091600000|100%| O|  |TAMS 0x0000000091500000, 0x0000000091500000| Untracked 
| 202|0x0000000091600000, 0x0000000091700000, 0x0000000091700000|100%| O|  |TAMS 0x0000000091600000, 0x0000000091600000| Untracked 
| 203|0x0000000091700000, 0x0000000091800000, 0x0000000091800000|100%| O|  |TAMS 0x0000000091700000, 0x0000000091700000| Untracked 
| 204|0x0000000091800000, 0x0000000091900000, 0x0000000091900000|100%| O|  |TAMS 0x0000000091800000, 0x0000000091800000| Untracked 
| 205|0x0000000091900000, 0x0000000091a00000, 0x0000000091a00000|100%| O|  |TAMS 0x0000000091900000, 0x0000000091900000| Untracked 
| 206|0x0000000091a00000, 0x0000000091b00000, 0x0000000091b00000|100%| O|  |TAMS 0x0000000091a00000, 0x0000000091a00000| Untracked 
| 207|0x0000000091b00000, 0x0000000091c00000, 0x0000000091c00000|100%| O|  |TAMS 0x0000000091b00000, 0x0000000091b00000| Untracked 
| 208|0x0000000091c00000, 0x0000000091d00000, 0x0000000091d00000|100%| O|  |TAMS 0x0000000091c00000, 0x0000000091c00000| Untracked 
| 209|0x0000000091d00000, 0x0000000091e00000, 0x0000000091e00000|100%| O|  |TAMS 0x0000000091d00000, 0x0000000091d00000| Untracked 
| 210|0x0000000091e00000, 0x0000000091f00000, 0x0000000091f00000|100%| O|  |TAMS 0x0000000091e00000, 0x0000000091e00000| Untracked 
| 211|0x0000000091f00000, 0x0000000092000000, 0x0000000092000000|100%| O|  |TAMS 0x0000000091f00000, 0x0000000091f00000| Untracked 
| 212|0x0000000092000000, 0x0000000092100000, 0x0000000092100000|100%| O|  |TAMS 0x0000000092000000, 0x0000000092000000| Untracked 
| 213|0x0000000092100000, 0x0000000092200000, 0x0000000092200000|100%| O|  |TAMS 0x0000000092100000, 0x0000000092100000| Untracked 
| 214|0x0000000092200000, 0x0000000092280000, 0x0000000092300000| 50%| O|  |TAMS 0x0000000092200000, 0x0000000092200000| Untracked 
| 215|0x0000000092300000, 0x0000000092300000, 0x0000000092400000|  0%| F|  |TAMS 0x0000000092300000, 0x0000000092300000| Untracked 
| 216|0x0000000092400000, 0x0000000092400000, 0x0000000092500000|  0%| F|  |TAMS 0x0000000092400000, 0x0000000092400000| Untracked 
| 217|0x0000000092500000, 0x0000000092500000, 0x0000000092600000|  0%| F|  |TAMS 0x0000000092500000, 0x0000000092500000| Untracked 
| 218|0x0000000092600000, 0x0000000092600000, 0x0000000092700000|  0%| F|  |TAMS 0x0000000092600000, 0x0000000092600000| Untracked 
| 219|0x0000000092700000, 0x0000000092700000, 0x0000000092800000|  0%| F|  |TAMS 0x0000000092700000, 0x0000000092700000| Untracked 
| 220|0x0000000092800000, 0x0000000092800000, 0x0000000092900000|  0%| F|  |TAMS 0x0000000092800000, 0x0000000092800000| Untracked 
| 221|0x0000000092900000, 0x0000000092900000, 0x0000000092a00000|  0%| F|  |TAMS 0x0000000092900000, 0x0000000092900000| Untracked 
| 222|0x0000000092a00000, 0x0000000092a00000, 0x0000000092b00000|  0%| F|  |TAMS 0x0000000092a00000, 0x0000000092a00000| Untracked 
| 223|0x0000000092b00000, 0x0000000092b00000, 0x0000000092c00000|  0%| F|  |TAMS 0x0000000092b00000, 0x0000000092b00000| Untracked 
| 224|0x0000000092c00000, 0x0000000092c00000, 0x0000000092d00000|  0%| F|  |TAMS 0x0000000092c00000, 0x0000000092c00000| Untracked 
| 225|0x0000000092d00000, 0x0000000092d00000, 0x0000000092e00000|  0%| F|  |TAMS 0x0000000092d00000, 0x0000000092d00000| Untracked 
| 226|0x0000000092e00000, 0x0000000092e00000, 0x0000000092f00000|  0%| F|  |TAMS 0x0000000092e00000, 0x0000000092e00000| Untracked 
| 227|0x0000000092f00000, 0x0000000092f00000, 0x0000000093000000|  0%| F|  |TAMS 0x0000000092f00000, 0x0000000092f00000| Untracked 
| 228|0x0000000093000000, 0x0000000093000000, 0x0000000093100000|  0%| F|  |TAMS 0x0000000093000000, 0x0000000093000000| Untracked 
| 229|0x0000000093100000, 0x0000000093100000, 0x0000000093200000|  0%| F|  |TAMS 0x0000000093100000, 0x0000000093100000| Untracked 
| 230|0x0000000093200000, 0x0000000093200000, 0x0000000093300000|  0%| F|  |TAMS 0x0000000093200000, 0x0000000093200000| Untracked 
| 231|0x0000000093300000, 0x0000000093300000, 0x0000000093400000|  0%| F|  |TAMS 0x0000000093300000, 0x0000000093300000| Untracked 
| 232|0x0000000093400000, 0x0000000093400000, 0x0000000093500000|  0%| F|  |TAMS 0x0000000093400000, 0x0000000093400000| Untracked 
| 233|0x0000000093500000, 0x0000000093500000, 0x0000000093600000|  0%| F|  |TAMS 0x0000000093500000, 0x0000000093500000| Untracked 
| 234|0x0000000093600000, 0x0000000093600000, 0x0000000093700000|  0%| F|  |TAMS 0x0000000093600000, 0x0000000093600000| Untracked 
| 235|0x0000000093700000, 0x0000000093700000, 0x0000000093800000|  0%| F|  |TAMS 0x0000000093700000, 0x0000000093700000| Untracked 
| 236|0x0000000093800000, 0x0000000093800000, 0x0000000093900000|  0%| F|  |TAMS 0x0000000093800000, 0x0000000093800000| Untracked 
| 237|0x0000000093900000, 0x0000000093900000, 0x0000000093a00000|  0%| F|  |TAMS 0x0000000093900000, 0x0000000093900000| Untracked 
| 238|0x0000000093a00000, 0x0000000093a00000, 0x0000000093b00000|  0%| F|  |TAMS 0x0000000093a00000, 0x0000000093a00000| Untracked 
| 239|0x0000000093b00000, 0x0000000093b00000, 0x0000000093c00000|  0%| F|  |TAMS 0x0000000093b00000, 0x0000000093b00000| Untracked 
| 240|0x0000000093c00000, 0x0000000093c00000, 0x0000000093d00000|  0%| F|  |TAMS 0x0000000093c00000, 0x0000000093c00000| Untracked 
| 241|0x0000000093d00000, 0x0000000093d00000, 0x0000000093e00000|  0%| F|  |TAMS 0x0000000093d00000, 0x0000000093d00000| Untracked 
| 242|0x0000000093e00000, 0x0000000093e00000, 0x0000000093f00000|  0%| F|  |TAMS 0x0000000093e00000, 0x0000000093e00000| Untracked 
| 243|0x0000000093f00000, 0x0000000093f00000, 0x0000000094000000|  0%| F|  |TAMS 0x0000000093f00000, 0x0000000093f00000| Untracked 
| 244|0x0000000094000000, 0x0000000094000000, 0x0000000094100000|  0%| F|  |TAMS 0x0000000094000000, 0x0000000094000000| Untracked 
| 245|0x0000000094100000, 0x0000000094100000, 0x0000000094200000|  0%| F|  |TAMS 0x0000000094100000, 0x0000000094100000| Untracked 
| 246|0x0000000094200000, 0x0000000094200000, 0x0000000094300000|  0%| F|  |TAMS 0x0000000094200000, 0x0000000094200000| Untracked 
| 247|0x0000000094300000, 0x0000000094300000, 0x0000000094400000|  0%| F|  |TAMS 0x0000000094300000, 0x0000000094300000| Untracked 
| 248|0x0000000094400000, 0x0000000094400000, 0x0000000094500000|  0%| F|  |TAMS 0x0000000094400000, 0x0000000094400000| Untracked 
| 249|0x0000000094500000, 0x0000000094500000, 0x0000000094600000|  0%| F|  |TAMS 0x0000000094500000, 0x0000000094500000| Untracked 
| 250|0x0000000094600000, 0x0000000094600000, 0x0000000094700000|  0%| F|  |TAMS 0x0000000094600000, 0x0000000094600000| Untracked 
| 251|0x0000000094700000, 0x0000000094700000, 0x0000000094800000|  0%| F|  |TAMS 0x0000000094700000, 0x0000000094700000| Untracked 
| 252|0x0000000094800000, 0x0000000094800000, 0x0000000094900000|  0%| F|  |TAMS 0x0000000094800000, 0x0000000094800000| Untracked 
| 253|0x0000000094900000, 0x0000000094900000, 0x0000000094a00000|  0%| F|  |TAMS 0x0000000094900000, 0x0000000094900000| Untracked 
| 254|0x0000000094a00000, 0x0000000094a00000, 0x0000000094b00000|  0%| F|  |TAMS 0x0000000094a00000, 0x0000000094a00000| Untracked 
| 255|0x0000000094b00000, 0x0000000094b00000, 0x0000000094c00000|  0%| F|  |TAMS 0x0000000094b00000, 0x0000000094b00000| Untracked 
| 256|0x0000000094c00000, 0x0000000094c00000, 0x0000000094d00000|  0%| F|  |TAMS 0x0000000094c00000, 0x0000000094c00000| Untracked 
| 257|0x0000000094d00000, 0x0000000094d00000, 0x0000000094e00000|  0%| F|  |TAMS 0x0000000094d00000, 0x0000000094d00000| Untracked 
| 258|0x0000000094e00000, 0x0000000094e00000, 0x0000000094f00000|  0%| F|  |TAMS 0x0000000094e00000, 0x0000000094e00000| Untracked 
| 259|0x0000000094f00000, 0x0000000094f00000, 0x0000000095000000|  0%| F|  |TAMS 0x0000000094f00000, 0x0000000094f00000| Untracked 
| 260|0x0000000095000000, 0x0000000095000000, 0x0000000095100000|  0%| F|  |TAMS 0x0000000095000000, 0x0000000095000000| Untracked 
| 261|0x0000000095100000, 0x0000000095100000, 0x0000000095200000|  0%| F|  |TAMS 0x0000000095100000, 0x0000000095100000| Untracked 
| 262|0x0000000095200000, 0x0000000095200000, 0x0000000095300000|  0%| F|  |TAMS 0x0000000095200000, 0x0000000095200000| Untracked 
| 263|0x0000000095300000, 0x0000000095300000, 0x0000000095400000|  0%| F|  |TAMS 0x0000000095300000, 0x0000000095300000| Untracked 
| 264|0x0000000095400000, 0x0000000095400000, 0x0000000095500000|  0%| F|  |TAMS 0x0000000095400000, 0x0000000095400000| Untracked 
| 265|0x0000000095500000, 0x0000000095500000, 0x0000000095600000|  0%| F|  |TAMS 0x0000000095500000, 0x0000000095500000| Untracked 
| 266|0x0000000095600000, 0x0000000095600000, 0x0000000095700000|  0%| F|  |TAMS 0x0000000095600000, 0x0000000095600000| Untracked 
| 267|0x0000000095700000, 0x0000000095700000, 0x0000000095800000|  0%| F|  |TAMS 0x0000000095700000, 0x0000000095700000| Untracked 
| 268|0x0000000095800000, 0x0000000095800000, 0x0000000095900000|  0%| F|  |TAMS 0x0000000095800000, 0x0000000095800000| Untracked 
| 269|0x0000000095900000, 0x0000000095900000, 0x0000000095a00000|  0%| F|  |TAMS 0x0000000095900000, 0x0000000095900000| Untracked 
| 270|0x0000000095a00000, 0x0000000095a00000, 0x0000000095b00000|  0%| F|  |TAMS 0x0000000095a00000, 0x0000000095a00000| Untracked 
| 271|0x0000000095b00000, 0x0000000095b00000, 0x0000000095c00000|  0%| F|  |TAMS 0x0000000095b00000, 0x0000000095b00000| Untracked 
| 272|0x0000000095c00000, 0x0000000095c00000, 0x0000000095d00000|  0%| F|  |TAMS 0x0000000095c00000, 0x0000000095c00000| Untracked 
| 273|0x0000000095d00000, 0x0000000095d00000, 0x0000000095e00000|  0%| F|  |TAMS 0x0000000095d00000, 0x0000000095d00000| Untracked 
| 274|0x0000000095e00000, 0x0000000095e00000, 0x0000000095f00000|  0%| F|  |TAMS 0x0000000095e00000, 0x0000000095e00000| Untracked 
| 275|0x0000000095f00000, 0x0000000095f00000, 0x0000000096000000|  0%| F|  |TAMS 0x0000000095f00000, 0x0000000095f00000| Untracked 
| 276|0x0000000096000000, 0x0000000096000000, 0x0000000096100000|  0%| F|  |TAMS 0x0000000096000000, 0x0000000096000000| Untracked 
| 277|0x0000000096100000, 0x0000000096200000, 0x0000000096200000|100%| S|CS|TAMS 0x0000000096100000, 0x0000000096100000| Complete 
| 278|0x0000000096200000, 0x0000000096300000, 0x0000000096300000|100%| S|CS|TAMS 0x0000000096200000, 0x0000000096200000| Complete 
| 279|0x0000000096300000, 0x0000000096400000, 0x0000000096400000|100%| S|CS|TAMS 0x0000000096300000, 0x0000000096300000| Complete 
| 280|0x0000000096400000, 0x0000000096500000, 0x0000000096500000|100%| S|CS|TAMS 0x0000000096400000, 0x0000000096400000| Complete 
| 281|0x0000000096500000, 0x0000000096600000, 0x0000000096600000|100%| S|CS|TAMS 0x0000000096500000, 0x0000000096500000| Complete 
| 282|0x0000000096600000, 0x0000000096600000, 0x0000000096700000|  0%| F|  |TAMS 0x0000000096600000, 0x0000000096600000| Untracked 
| 283|0x0000000096700000, 0x0000000096700000, 0x0000000096800000|  0%| F|  |TAMS 0x0000000096700000, 0x0000000096700000| Untracked 
| 284|0x0000000096800000, 0x0000000096800000, 0x0000000096900000|  0%| F|  |TAMS 0x0000000096800000, 0x0000000096800000| Untracked 
| 285|0x0000000096900000, 0x0000000096900000, 0x0000000096a00000|  0%| F|  |TAMS 0x0000000096900000, 0x0000000096900000| Untracked 
| 286|0x0000000096a00000, 0x0000000096a00000, 0x0000000096b00000|  0%| F|  |TAMS 0x0000000096a00000, 0x0000000096a00000| Untracked 
| 287|0x0000000096b00000, 0x0000000096b00000, 0x0000000096c00000|  0%| F|  |TAMS 0x0000000096b00000, 0x0000000096b00000| Untracked 
| 288|0x0000000096c00000, 0x0000000096c00000, 0x0000000096d00000|  0%| F|  |TAMS 0x0000000096c00000, 0x0000000096c00000| Untracked 
| 289|0x0000000096d00000, 0x0000000096d00000, 0x0000000096e00000|  0%| F|  |TAMS 0x0000000096d00000, 0x0000000096d00000| Untracked 
| 290|0x0000000096e00000, 0x0000000096e00000, 0x0000000096f00000|  0%| F|  |TAMS 0x0000000096e00000, 0x0000000096e00000| Untracked 
| 291|0x0000000096f00000, 0x0000000096f00000, 0x0000000097000000|  0%| F|  |TAMS 0x0000000096f00000, 0x0000000096f00000| Untracked 
| 292|0x0000000097000000, 0x0000000097000000, 0x0000000097100000|  0%| F|  |TAMS 0x0000000097000000, 0x0000000097000000| Untracked 
| 293|0x0000000097100000, 0x0000000097100000, 0x0000000097200000|  0%| F|  |TAMS 0x0000000097100000, 0x0000000097100000| Untracked 
| 294|0x0000000097200000, 0x0000000097200000, 0x0000000097300000|  0%| F|  |TAMS 0x0000000097200000, 0x0000000097200000| Untracked 
| 295|0x0000000097300000, 0x0000000097300000, 0x0000000097400000|  0%| F|  |TAMS 0x0000000097300000, 0x0000000097300000| Untracked 
| 296|0x0000000097400000, 0x0000000097400000, 0x0000000097500000|  0%| F|  |TAMS 0x0000000097400000, 0x0000000097400000| Untracked 
| 297|0x0000000097500000, 0x0000000097500000, 0x0000000097600000|  0%| F|  |TAMS 0x0000000097500000, 0x0000000097500000| Untracked 
| 298|0x0000000097600000, 0x0000000097600000, 0x0000000097700000|  0%| F|  |TAMS 0x0000000097600000, 0x0000000097600000| Untracked 
| 299|0x0000000097700000, 0x0000000097700000, 0x0000000097800000|  0%| F|  |TAMS 0x0000000097700000, 0x0000000097700000| Untracked 
| 300|0x0000000097800000, 0x0000000097800000, 0x0000000097900000|  0%| F|  |TAMS 0x0000000097800000, 0x0000000097800000| Untracked 
| 301|0x0000000097900000, 0x0000000097900000, 0x0000000097a00000|  0%| F|  |TAMS 0x0000000097900000, 0x0000000097900000| Untracked 
| 302|0x0000000097a00000, 0x0000000097a00000, 0x0000000097b00000|  0%| F|  |TAMS 0x0000000097a00000, 0x0000000097a00000| Untracked 
| 303|0x0000000097b00000, 0x0000000097b00000, 0x0000000097c00000|  0%| F|  |TAMS 0x0000000097b00000, 0x0000000097b00000| Untracked 
| 304|0x0000000097c00000, 0x0000000097c00000, 0x0000000097d00000|  0%| F|  |TAMS 0x0000000097c00000, 0x0000000097c00000| Untracked 
| 305|0x0000000097d00000, 0x0000000097d00000, 0x0000000097e00000|  0%| F|  |TAMS 0x0000000097d00000, 0x0000000097d00000| Untracked 
| 306|0x0000000097e00000, 0x0000000097e00000, 0x0000000097f00000|  0%| F|  |TAMS 0x0000000097e00000, 0x0000000097e00000| Untracked 
| 307|0x0000000097f00000, 0x0000000097f00000, 0x0000000098000000|  0%| F|  |TAMS 0x0000000097f00000, 0x0000000097f00000| Untracked 
| 308|0x0000000098000000, 0x0000000098000000, 0x0000000098100000|  0%| F|  |TAMS 0x0000000098000000, 0x0000000098000000| Untracked 
| 309|0x0000000098100000, 0x0000000098100000, 0x0000000098200000|  0%| F|  |TAMS 0x0000000098100000, 0x0000000098100000| Untracked 
| 310|0x0000000098200000, 0x0000000098200000, 0x0000000098300000|  0%| F|  |TAMS 0x0000000098200000, 0x0000000098200000| Untracked 
| 311|0x0000000098300000, 0x0000000098300000, 0x0000000098400000|  0%| F|  |TAMS 0x0000000098300000, 0x0000000098300000| Untracked 
| 312|0x0000000098400000, 0x0000000098400000, 0x0000000098500000|  0%| F|  |TAMS 0x0000000098400000, 0x0000000098400000| Untracked 
| 313|0x0000000098500000, 0x0000000098500000, 0x0000000098600000|  0%| F|  |TAMS 0x0000000098500000, 0x0000000098500000| Untracked 
| 314|0x0000000098600000, 0x0000000098600000, 0x0000000098700000|  0%| F|  |TAMS 0x0000000098600000, 0x0000000098600000| Untracked 

Card table byte_map: [0x00000162d45d0000,0x00000162d49b0000] _byte_map_base: 0x00000162d41aa000

Marking Bits (Prev, Next): (CMBitMap*) 0x00000162bb09a588, (CMBitMap*) 0x00000162bb09a5c0
 Prev Bits: [0x00000162d4d90000, 0x00000162d6c60000)
 Next Bits: [0x00000162d6c60000, 0x00000162d8b30000)

Polling page: 0x00000162baec0000

Metaspace:

Usage:
  Non-class:     24.24 MB capacity,    23.55 MB ( 97%) used,   577.85 KB (  2%) free+waste,   126.63 KB ( <1%) overhead. 
      Class:      3.98 MB capacity,     3.55 MB ( 89%) used,   380.00 KB (  9%) free+waste,    63.63 KB (  2%) overhead. 
       Both:     28.22 MB capacity,    27.10 MB ( 96%) used,   957.85 KB (  3%) free+waste,   190.25 KB ( <1%) overhead. 

Virtual space:
  Non-class space:       26.00 MB reserved,      24.25 MB ( 93%) committed 
      Class space:        1.00 GB reserved,       4.00 MB ( <1%) committed 
             Both:        1.03 GB reserved,      28.25 MB (  3%) committed 

Chunk freelists:
   Non-Class:  1.88 KB
       Class:  384 bytes
        Both:  2.25 KB

CodeHeap 'non-profiled nmethods': size=120064Kb used=1669Kb max_used=1669Kb free=118394Kb
 bounds [0x00000162cc690000, 0x00000162cc900000, 0x00000162d3bd0000]
CodeHeap 'profiled nmethods': size=120000Kb used=6969Kb max_used=6969Kb free=113030Kb
 bounds [0x00000162c5160000, 0x00000162c5830000, 0x00000162cc690000]
CodeHeap 'non-nmethods': size=5696Kb used=1361Kb max_used=1392Kb free=4334Kb
 bounds [0x00000162c4bd0000, 0x00000162c4e40000, 0x00000162c5160000]
 total_blobs=4911 nmethods=3495 adapters=710
 compilation: enabled
              stopped_count=0, restarted_count=0
 full_count=0

Compilation events (10 events):
Event: 17.158 Thread 0x00000162db142800 3494       3       java.lang.invoke.MethodHandleNatives$CallSiteContext::run (5 bytes)
Event: 17.158 Thread 0x00000162db142800 nmethod 3494 0x00000162c5828790 code [0x00000162c5828940, 0x00000162c5828ad0]
Event: 17.158 Thread 0x00000162db142800 3493       3       jdk.internal.misc.Unsafe::weakCompareAndSetLong (11 bytes)
Event: 17.159 Thread 0x00000162db142800 nmethod 3493 0x00000162c5828b90 code [0x00000162c5828d40, 0x00000162c5828eb8]
Event: 17.250 Thread 0x00000162db142800 3496 %     3       MainSceneController::BreadthFirstSearch @ 77 (182 bytes)
Event: 17.253 Thread 0x00000162db142800 nmethod 3496% 0x00000162c5828f90 code [0x00000162c5829360, 0x00000162c582b280]
Event: 17.254 Thread 0x00000162db142800 3497       3       MainSceneController::BreadthFirstSearch (182 bytes)
Event: 17.256 Thread 0x00000162db142800 nmethod 3497 0x00000162c582bd90 code [0x00000162c582c120, 0x00000162c582dbe0]
Event: 17.345 Thread 0x00000162db13c800 3498 %     4       MainSceneController::BreadthFirstSearch @ 77 (182 bytes)
Event: 17.442 Thread 0x00000162db13c800 nmethod 3498% 0x00000162cc82d110 code [0x00000162cc82d460, 0x00000162cc82fd18]

GC Heap History (10 events):
Event: 21.128 GC heap after
{Heap after GC invocations=20 (full 0):
 garbage-first heap   total 183296K, used 122880K [0x0000000084c00000, 0x0000000100000000)
  region size 1024K, 3 young (3072K), 3 survivors (3072K)
 Metaspace       used 27746K, capacity 28895K, committed 28928K, reserved 1075200K
  class space    used 3634K, capacity 4078K, committed 4096K, reserved 1048576K
}
Event: 21.184 GC heap before
{Heap before GC invocations=20 (full 0):
 garbage-first heap   total 183296K, used 128000K [0x0000000084c00000, 0x0000000100000000)
  region size 1024K, 8 young (8192K), 3 survivors (3072K)
 Metaspace       used 27746K, capacity 28895K, committed 28928K, reserved 1075200K
  class space    used 3634K, capacity 4078K, committed 4096K, reserved 1048576K
}
Event: 21.199 GC heap after
{Heap after GC invocations=21 (full 0):
 garbage-first heap   total 322560K, used 121687K [0x0000000084c00000, 0x0000000100000000)
  region size 1024K, 1 young (1024K), 1 survivors (1024K)
 Metaspace       used 27746K, capacity 28895K, committed 28928K, reserved 1075200K
  class space    used 3634K, capacity 4078K, committed 4096K, reserved 1048576K
}
Event: 21.845 GC heap before
{Heap before GC invocations=21 (full 0):
 garbage-first heap   total 322560K, used 179031K [0x0000000084c00000, 0x0000000100000000)
  region size 1024K, 57 young (58368K), 1 survivors (1024K)
 Metaspace       used 27746K, capacity 28895K, committed 28928K, reserved 1075200K
  class space    used 3634K, capacity 4078K, committed 4096K, reserved 1048576K
}
Event: 21.904 GC heap after
{Heap after GC invocations=22 (full 0):
 garbage-first heap   total 322560K, used 153600K [0x0000000084c00000, 0x0000000100000000)
  region size 1024K, 8 young (8192K), 8 survivors (8192K)
 Metaspace       used 27746K, capacity 28895K, committed 28928K, reserved 1075200K
  class space    used 3634K, capacity 4078K, committed 4096K, reserved 1048576K
}
Event: 22.431 GC heap before
{Heap before GC invocations=22 (full 0):
 garbage-first heap   total 322560K, used 202752K [0x0000000084c00000, 0x0000000100000000)
  region size 1024K, 56 young (57344K), 8 survivors (8192K)
 Metaspace       used 27746K, capacity 28895K, committed 28928K, reserved 1075200K
  class space    used 3634K, capacity 4078K, committed 4096K, reserved 1048576K
}
Event: 22.485 GC heap after
{Heap after GC invocations=23 (full 0):
 garbage-first heap   total 322560K, used 181760K [0x0000000084c00000, 0x0000000100000000)
  region size 1024K, 7 young (7168K), 7 survivors (7168K)
 Metaspace       used 27746K, capacity 28895K, committed 28928K, reserved 1075200K
  class space    used 3634K, capacity 4078K, committed 4096K, reserved 1048576K
}
Event: 22.924 GC heap before
{Heap before GC invocations=23 (full 0):
 garbage-first heap   total 322560K, used 222720K [0x0000000084c00000, 0x0000000100000000)
  region size 1024K, 47 young (48128K), 7 survivors (7168K)
 Metaspace       used 27746K, capacity 28895K, committed 28928K, reserved 1075200K
  class space    used 3634K, capacity 4078K, committed 4096K, reserved 1048576K
}
Event: 22.974 GC heap after
{Heap after GC invocations=24 (full 0):
 garbage-first heap   total 322560K, used 205312K [0x0000000084c00000, 0x0000000100000000)
  region size 1024K, 6 young (6144K), 6 survivors (6144K)
 Metaspace       used 27746K, capacity 28895K, committed 28928K, reserved 1075200K
  class space    used 3634K, capacity 4078K, committed 4096K, reserved 1048576K
}
Event: 23.332 GC heap before
{Heap before GC invocations=24 (full 0):
 garbage-first heap   total 322560K, used 239104K [0x0000000084c00000, 0x0000000100000000)
  region size 1024K, 39 young (39936K), 6 survivors (6144K)
 Metaspace       used 27746K, capacity 28895K, committed 28928K, reserved 1075200K
  class space    used 3634K, capacity 4078K, committed 4096K, reserved 1048576K
}

Deoptimization events (10 events):
Event: 2.796 Thread 0x00000162de019000 Uncommon trap: reason=array_check action=maybe_recompile pc=0x00000162cc75a2d0 method=javafx.css.SimpleSelector.applies(Ljavafx/css/Styleable;[Ljava/util/Set;I)Z @ 37 c2
Event: 2.797 Thread 0x00000162de019000 Uncommon trap: reason=array_check action=maybe_recompile pc=0x00000162cc75a2d0 method=javafx.css.SimpleSelector.applies(Ljavafx/css/Styleable;[Ljava/util/Set;I)Z @ 37 c2
Event: 2.797 Thread 0x00000162de019000 Uncommon trap: reason=array_check action=maybe_recompile pc=0x00000162cc75a2d0 method=javafx.css.SimpleSelector.applies(Ljavafx/css/Styleable;[Ljava/util/Set;I)Z @ 37 c2
Event: 2.797 Thread 0x00000162de019000 Uncommon trap: reason=array_check action=maybe_recompile pc=0x00000162cc75a2d0 method=javafx.css.SimpleSelector.applies(Ljavafx/css/Styleable;[Ljava/util/Set;I)Z @ 37 c2
Event: 2.998 Thread 0x00000162de019000 Uncommon trap: reason=array_check action=maybe_recompile pc=0x00000162cc76e4dc method=javafx.css.SimpleSelector.applies(Ljavafx/css/Styleable;[Ljava/util/Set;I)Z @ 37 c2
Event: 3.059 Thread 0x00000162de019000 Uncommon trap: reason=unstable_if action=reinterpret pc=0x00000162cc75e478 method=javafx.css.SimpleSelector.stateMatches(Ljavafx/css/Styleable;Ljava/util/Set;)Z @ 1 c2
Event: 3.326 Thread 0x00000162dc778800 Uncommon trap: reason=unstable_if action=reinterpret pc=0x00000162cc79c980 method=com.sun.marlin.DRenderer.addLine(DDDD)V @ 129 c2
Event: 4.721 Thread 0x00000162de019000 Uncommon trap: reason=unstable_if action=reinterpret pc=0x00000162cc7090a4 method=jdk.internal.org.objectweb.asm.Type.getArgumentsAndReturnSizes(Ljava/lang/String;)I @ 47 c2
Event: 4.721 Thread 0x00000162de019000 Uncommon trap: reason=unstable_if action=reinterpret pc=0x00000162cc7a53c8 method=jdk.internal.org.objectweb.asm.Type.getArgumentsAndReturnSizes(Ljava/lang/String;)I @ 47 c2
Event: 10.465 Thread 0x00000162de019000 Uncommon trap: reason=unstable_if action=reinterpret pc=0x00000162cc74e130 method=com.sun.javafx.css.BitSet.add(Ljava/lang/Object;)Z @ 91 c2

Classes redefined (0 events):
No events

Internal exceptions (10 events):
Event: 2.448 Thread 0x00000162de019000 Exception <a 'java/lang/IncompatibleClassChangeError'{0x000000008c306668}: Found class java.lang.Object, but interface was expected> (0x000000008c306668) thrown at [t:/workspace/open/src/hotspot/share/interpreter/linkResolver.cpp, line 838]
Event: 2.516 Thread 0x00000162de019000 Exception <a 'java/lang/ClassNotFoundException'{0x000000008c29dcd8}: com/sun/javafx/scene/control/skin/resources/controls> (0x000000008c29dcd8) thrown at [t:/workspace/open/src/hotspot/share/prims/jni.cpp, line 636]
Event: 2.517 Thread 0x00000162de019000 Exception <a 'java/lang/ClassNotFoundException'{0x000000008c2abfa0}: com/sun/javafx/scene/control/skin/resources/controls_fr> (0x000000008c2abfa0) thrown at [t:/workspace/open/src/hotspot/share/prims/jni.cpp, line 636]
Event: 2.519 Thread 0x00000162de019000 Exception <a 'java/lang/ClassNotFoundException'{0x000000008c2b9f98}: com/sun/javafx/scene/control/skin/resources/controls_fr_FR> (0x000000008c2b9f98) thrown at [t:/workspace/open/src/hotspot/share/prims/jni.cpp, line 636]
Event: 3.059 Thread 0x00000162de019000 Implicit null exception at 0x00000162cc75db5e to 0x00000162cc75e446
Event: 3.116 Thread 0x00000162dc778800 Exception <a 'java/lang/NoSuchMethodError'{0x000000008b562bd0}: java.lang.invoke.DirectMethodHandle$Holder.invokeStaticInit(Ljava/lang/Object;Ljava/lang/Object;)I> (0x000000008b562bd0) thrown at [t:/workspace/open/src/hotspot/share/interpreter/linkResolve
Event: 4.721 Thread 0x00000162de019000 Exception <a 'java/lang/NoSuchMethodError'{0x000000008af05060}: java.lang.invoke.DirectMethodHandle$Holder.invokeStaticInit(Ljava/lang/Object;Ljava/lang/Object;Ljava/lang/Object;)J> (0x000000008af05060) thrown at [t:/workspace/open/src/hotspot/share/inter
Event: 4.724 Thread 0x00000162de019000 Exception <a 'java/lang/NoSuchMethodError'{0x000000008af1d6a0}: java.lang.invoke.DirectMethodHandle$Holder.invokeStatic(Ljava/lang/Object;Ljava/lang/Object;J)Ljava/lang/Object;> (0x000000008af1d6a0) thrown at [t:/workspace/open/src/hotspot/share/interpret
Event: 4.725 Thread 0x00000162de019000 Exception <a 'java/lang/NoSuchMethodError'{0x000000008af23818}: java.lang.invoke.Invokers$Holder.linkToTargetMethod(Ljava/lang/Object;JLjava/lang/Object;)Ljava/lang/Object;> (0x000000008af23818) thrown at [t:/workspace/open/src/hotspot/share/interpreter/l
Event: 4.898 Thread 0x00000162dc778800 Exception <a 'java/lang/NoSuchMethodError'{0x000000008b02c8e0}: java.lang.invoke.DirectMethodHandle$Holder.invokeStaticInit(Ljava/lang/Object;I)Ljava/lang/Object;> (0x000000008b02c8e0) thrown at [t:/workspace/open/src/hotspot/share/interpreter/linkResolve

Events (10 events):
Event: 21.128 Executing VM operation: G1CollectForAllocation done
Event: 21.184 Executing VM operation: G1CollectForAllocation
Event: 21.199 Executing VM operation: G1CollectForAllocation done
Event: 21.844 Executing VM operation: G1CollectForAllocation
Event: 21.904 Executing VM operation: G1CollectForAllocation done
Event: 22.431 Executing VM operation: G1CollectForAllocation
Event: 22.485 Executing VM operation: G1CollectForAllocation done
Event: 22.924 Executing VM operation: G1CollectForAllocation
Event: 22.974 Executing VM operation: G1CollectForAllocation done
Event: 23.332 Executing VM operation: G1CollectForAllocation


Dynamic libraries:
0x00007ff73ee50000 - 0x00007ff73ee97000 	C:\Program Files\Java\jdk-11.0.3\bin\java.exe
0x00007ffb1cf30000 - 0x00007ffb1d125000 	C:\WINDOWS\SYSTEM32\ntdll.dll
0x00007ffb1c880000 - 0x00007ffb1c93d000 	C:\WINDOWS\System32\KERNEL32.DLL
0x00007ffb1aca0000 - 0x00007ffb1af68000 	C:\WINDOWS\System32\KERNELBASE.dll
0x00007ffb1c180000 - 0x00007ffb1c22c000 	C:\WINDOWS\System32\ADVAPI32.dll
0x00007ffb1cd80000 - 0x00007ffb1ce1e000 	C:\WINDOWS\System32\msvcrt.dll
0x00007ffb1ce20000 - 0x00007ffb1cebb000 	C:\WINDOWS\System32\sechost.dll
0x00007ffb1be00000 - 0x00007ffb1bf2b000 	C:\WINDOWS\System32\RPCRT4.dll
0x00007ffb1c330000 - 0x00007ffb1c4d0000 	C:\WINDOWS\System32\USER32.dll
0x00007ffb1aa00000 - 0x00007ffb1aa22000 	C:\WINDOWS\System32\win32u.dll
0x00007ffb1c150000 - 0x00007ffb1c17a000 	C:\WINDOWS\System32\GDI32.dll
0x00007ffb1aae0000 - 0x00007ffb1abeb000 	C:\WINDOWS\System32\gdi32full.dll
0x00007ffb1a800000 - 0x00007ffb1a89d000 	C:\WINDOWS\System32\msvcp_win.dll
0x00007ffb1a640000 - 0x00007ffb1a740000 	C:\WINDOWS\System32\ucrtbase.dll
0x00007ffb051c0000 - 0x00007ffb0545a000 	C:\WINDOWS\WinSxS\amd64_microsoft.windows.common-controls_6595b64144ccf1df_6.0.19041.1052_none_60b8f8fd71f5e8cb\COMCTL32.dll
0x00007ffb09760000 - 0x00007ffb0976a000 	C:\WINDOWS\SYSTEM32\VERSION.dll
0x00007ffb1bf30000 - 0x00007ffb1bf60000 	C:\WINDOWS\System32\IMM32.DLL
0x00007ffb14910000 - 0x00007ffb14926000 	C:\Program Files\Java\jdk-11.0.3\bin\vcruntime140.dll
0x00007ffb00320000 - 0x00007ffb003ca000 	C:\Program Files\Java\jdk-11.0.3\bin\msvcp140.dll
0x00007ffaefea0000 - 0x00007ffaf09c7000 	C:\Program Files\Java\jdk-11.0.3\bin\server\jvm.dll
0x00007ffb1b090000 - 0x00007ffb1b098000 	C:\WINDOWS\System32\PSAPI.DLL
0x00007ffb0ba30000 - 0x00007ffb0ba57000 	C:\WINDOWS\SYSTEM32\WINMM.dll
0x00007ffb17400000 - 0x00007ffb17409000 	C:\WINDOWS\SYSTEM32\WSOCK32.dll
0x00007ffb1c230000 - 0x00007ffb1c29b000 	C:\WINDOWS\System32\WS2_32.dll
0x00007ffb19160000 - 0x00007ffb19172000 	C:\WINDOWS\SYSTEM32\kernel.appcore.dll
0x00007ffb14280000 - 0x00007ffb14291000 	C:\Program Files\Java\jdk-11.0.3\bin\verify.dll
0x00007ffb0cdf0000 - 0x00007ffb0cfd4000 	C:\WINDOWS\SYSTEM32\DBGHELP.DLL
0x00007ffb0cdc0000 - 0x00007ffb0cdec000 	C:\WINDOWS\SYSTEM32\dbgcore.DLL
0x00007ffb1a740000 - 0x00007ffb1a7c3000 	C:\WINDOWS\System32\bcryptPrimitives.dll
0x00007ffb14250000 - 0x00007ffb14279000 	C:\Program Files\Java\jdk-11.0.3\bin\java.dll
0x00007ffb0fac0000 - 0x00007ffb0faef000 	C:\Program Files\Java\jdk-11.0.3\bin\instrument.dll
0x00007ffb14230000 - 0x00007ffb14246000 	C:\Program Files\Java\jdk-11.0.3\bin\zip.dll
0x00007ffb17760000 - 0x00007ffb1776a000 	C:\Program Files\Java\jdk-11.0.3\bin\jimage.dll
0x00007ffb1b250000 - 0x00007ffb1b98f000 	C:\WINDOWS\System32\SHELL32.dll
0x00007ffb185a0000 - 0x00007ffb18d30000 	C:\WINDOWS\SYSTEM32\windows.storage.dll
0x00007ffb1c9a0000 - 0x00007ffb1ccf5000 	C:\WINDOWS\System32\combase.dll
0x00007ffb19fe0000 - 0x00007ffb1a00c000 	C:\WINDOWS\SYSTEM32\Wldp.dll
0x00007ffb1bf70000 - 0x00007ffb1c01e000 	C:\WINDOWS\System32\SHCORE.dll
0x00007ffb1c7a0000 - 0x00007ffb1c7f5000 	C:\WINDOWS\System32\shlwapi.dll
0x00007ffb1a580000 - 0x00007ffb1a59f000 	C:\WINDOWS\SYSTEM32\profapi.dll
0x00007ffb10150000 - 0x00007ffb10169000 	C:\Program Files\Java\jdk-11.0.3\bin\net.dll
0x00007ffb12e80000 - 0x00007ffb12f8b000 	C:\WINDOWS\SYSTEM32\WINHTTP.dll
0x00007ffb0d8d0000 - 0x00007ffb0dabc000 	C:\WINDOWS\SYSTEM32\urlmon.dll
0x00007ffb0eae0000 - 0x00007ffb0ed90000 	C:\WINDOWS\SYSTEM32\iertutil.dll
0x00007ffb19d50000 - 0x00007ffb19dba000 	C:\WINDOWS\system32\mswsock.dll
0x00007ffb10060000 - 0x00007ffb10073000 	C:\Program Files\Java\jdk-11.0.3\bin\nio.dll
0x00007ffb0faa0000 - 0x00007ffb0faba000 	C:\Program Files\JetBrains\IntelliJ IDEA Community Edition 2020.3.2\bin\breakgen64.dll
0x00000162bb160000 - 0x00000162bb163000 	C:\Users\Administrateur\Desktop\logiciels\openjfx-11.0.2_windows-x64_bin-sdk\javafx-sdk-11.0.2\bin\api-ms-win-core-console-l1-1-0.dll
0x00000162bb170000 - 0x00000162bb173000 	C:\Users\Administrateur\Desktop\logiciels\openjfx-11.0.2_windows-x64_bin-sdk\javafx-sdk-11.0.2\bin\api-ms-win-core-datetime-l1-1-0.dll
0x00000162bb180000 - 0x00000162bb183000 	C:\Users\Administrateur\Desktop\logiciels\openjfx-11.0.2_windows-x64_bin-sdk\javafx-sdk-11.0.2\bin\api-ms-win-core-debug-l1-1-0.dll
0x00000162bb190000 - 0x00000162bb193000 	C:\Users\Administrateur\Desktop\logiciels\openjfx-11.0.2_windows-x64_bin-sdk\javafx-sdk-11.0.2\bin\api-ms-win-core-errorhandling-l1-1-0.dll
0x00000162bb1a0000 - 0x00000162bb1a4000 	C:\Users\Administrateur\Desktop\logiciels\openjfx-11.0.2_windows-x64_bin-sdk\javafx-sdk-11.0.2\bin\api-ms-win-core-file-l1-1-0.dll
0x00000162bb1b0000 - 0x00000162bb1b3000 	C:\Users\Administrateur\Desktop\logiciels\openjfx-11.0.2_windows-x64_bin-sdk\javafx-sdk-11.0.2\bin\api-ms-win-core-file-l1-2-0.dll
0x00000162dd670000 - 0x00000162dd673000 	C:\Users\Administrateur\Desktop\logiciels\openjfx-11.0.2_windows-x64_bin-sdk\javafx-sdk-11.0.2\bin\api-ms-win-core-file-l2-1-0.dll
0x00000162dd680000 - 0x00000162dd683000 	C:\Users\Administrateur\Desktop\logiciels\openjfx-11.0.2_windows-x64_bin-sdk\javafx-sdk-11.0.2\bin\api-ms-win-core-handle-l1-1-0.dll
0x00000162dd690000 - 0x00000162dd693000 	C:\Users\Administrateur\Desktop\logiciels\openjfx-11.0.2_windows-x64_bin-sdk\javafx-sdk-11.0.2\bin\api-ms-win-core-heap-l1-1-0.dll
0x00000162dd6a0000 - 0x00000162dd6a3000 	C:\Users\Administrateur\Desktop\logiciels\openjfx-11.0.2_windows-x64_bin-sdk\javafx-sdk-11.0.2\bin\api-ms-win-core-interlocked-l1-1-0.dll
0x00000162dd6b0000 - 0x00000162dd6b3000 	C:\Users\Administrateur\Desktop\logiciels\openjfx-11.0.2_windows-x64_bin-sdk\javafx-sdk-11.0.2\bin\api-ms-win-core-libraryloader-l1-1-0.dll
0x00000162dd6c0000 - 0x00000162dd6c3000 	C:\Users\Administrateur\Desktop\logiciels\openjfx-11.0.2_windows-x64_bin-sdk\javafx-sdk-11.0.2\bin\api-ms-win-core-localization-l1-2-0.dll
0x00000162dd6d0000 - 0x00000162dd6d3000 	C:\Users\Administrateur\Desktop\logiciels\openjfx-11.0.2_windows-x64_bin-sdk\javafx-sdk-11.0.2\bin\api-ms-win-core-memory-l1-1-0.dll
0x00000162dd6e0000 - 0x00000162dd6e3000 	C:\Users\Administrateur\Desktop\logiciels\openjfx-11.0.2_windows-x64_bin-sdk\javafx-sdk-11.0.2\bin\api-ms-win-core-namedpipe-l1-1-0.dll
0x00000162dd820000 - 0x00000162dd823000 	C:\Users\Administrateur\Desktop\logiciels\openjfx-11.0.2_windows-x64_bin-sdk\javafx-sdk-11.0.2\bin\api-ms-win-core-processenvironment-l1-1-0.dll
0x00000162dd6f0000 - 0x00000162dd6f3000 	C:\Users\Administrateur\Desktop\logiciels\openjfx-11.0.2_windows-x64_bin-sdk\javafx-sdk-11.0.2\bin\api-ms-win-core-processthreads-l1-1-0.dll
0x00000162dd700000 - 0x00000162dd703000 	C:\Users\Administrateur\Desktop\logiciels\openjfx-11.0.2_windows-x64_bin-sdk\javafx-sdk-11.0.2\bin\api-ms-win-core-processthreads-l1-1-1.dll
0x00000162dd710000 - 0x00000162dd713000 	C:\Users\Administrateur\Desktop\logiciels\openjfx-11.0.2_windows-x64_bin-sdk\javafx-sdk-11.0.2\bin\api-ms-win-core-profile-l1-1-0.dll
0x00000162dd720000 - 0x00000162dd723000 	C:\Users\Administrateur\Desktop\logiciels\openjfx-11.0.2_windows-x64_bin-sdk\javafx-sdk-11.0.2\bin\api-ms-win-core-rtlsupport-l1-1-0.dll
0x00000162dd730000 - 0x00000162dd733000 	C:\Users\Administrateur\Desktop\logiciels\openjfx-11.0.2_windows-x64_bin-sdk\javafx-sdk-11.0.2\bin\api-ms-win-core-string-l1-1-0.dll
0x00000162dd740000 - 0x00000162dd743000 	C:\Users\Administrateur\Desktop\logiciels\openjfx-11.0.2_windows-x64_bin-sdk\javafx-sdk-11.0.2\bin\api-ms-win-core-synch-l1-1-0.dll
0x00000162dd750000 - 0x00000162dd753000 	C:\Users\Administrateur\Desktop\logiciels\openjfx-11.0.2_windows-x64_bin-sdk\javafx-sdk-11.0.2\bin\api-ms-win-core-synch-l1-2-0.dll
0x00000162dd760000 - 0x00000162dd763000 	C:\Users\Administrateur\Desktop\logiciels\openjfx-11.0.2_windows-x64_bin-sdk\javafx-sdk-11.0.2\bin\api-ms-win-core-sysinfo-l1-1-0.dll
0x00000162dd770000 - 0x00000162dd773000 	C:\Users\Administrateur\Desktop\logiciels\openjfx-11.0.2_windows-x64_bin-sdk\javafx-sdk-11.0.2\bin\api-ms-win-core-timezone-l1-1-0.dll
0x00000162dd780000 - 0x00000162dd783000 	C:\Users\Administrateur\Desktop\logiciels\openjfx-11.0.2_windows-x64_bin-sdk\javafx-sdk-11.0.2\bin\api-ms-win-core-util-l1-1-0.dll
0x00000162dd790000 - 0x00000162dd793000 	C:\Users\Administrateur\Desktop\logiciels\openjfx-11.0.2_windows-x64_bin-sdk\javafx-sdk-11.0.2\bin\api-ms-win-crt-conio-l1-1-0.dll
0x00000162dd7a0000 - 0x00000162dd7a4000 	C:\Users\Administrateur\Desktop\logiciels\openjfx-11.0.2_windows-x64_bin-sdk\javafx-sdk-11.0.2\bin\api-ms-win-crt-convert-l1-1-0.dll
0x00000162dd7b0000 - 0x00000162dd7b3000 	C:\Users\Administrateur\Desktop\logiciels\openjfx-11.0.2_windows-x64_bin-sdk\javafx-sdk-11.0.2\bin\api-ms-win-crt-environment-l1-1-0.dll
0x00000162dd7c0000 - 0x00000162dd7c3000 	C:\Users\Administrateur\Desktop\logiciels\openjfx-11.0.2_windows-x64_bin-sdk\javafx-sdk-11.0.2\bin\api-ms-win-crt-filesystem-l1-1-0.dll
0x00000162dd7d0000 - 0x00000162dd7d3000 	C:\Users\Administrateur\Desktop\logiciels\openjfx-11.0.2_windows-x64_bin-sdk\javafx-sdk-11.0.2\bin\api-ms-win-crt-heap-l1-1-0.dll
0x00000162dd7e0000 - 0x00000162dd7e3000 	C:\Users\Administrateur\Desktop\logiciels\openjfx-11.0.2_windows-x64_bin-sdk\javafx-sdk-11.0.2\bin\api-ms-win-crt-locale-l1-1-0.dll
0x00000162dd7f0000 - 0x00000162dd7f5000 	C:\Users\Administrateur\Desktop\logiciels\openjfx-11.0.2_windows-x64_bin-sdk\javafx-sdk-11.0.2\bin\api-ms-win-crt-math-l1-1-0.dll
0x00000162dd800000 - 0x00000162dd805000 	C:\Users\Administrateur\Desktop\logiciels\openjfx-11.0.2_windows-x64_bin-sdk\javafx-sdk-11.0.2\bin\api-ms-win-crt-multibyte-l1-1-0.dll
0x00000162dd810000 - 0x00000162dd820000 	C:\Users\Administrateur\Desktop\logiciels\openjfx-11.0.2_windows-x64_bin-sdk\javafx-sdk-11.0.2\bin\api-ms-win-crt-private-l1-1-0.dll
0x00000162dd830000 - 0x00000162dd833000 	C:\Users\Administrateur\Desktop\logiciels\openjfx-11.0.2_windows-x64_bin-sdk\javafx-sdk-11.0.2\bin\api-ms-win-crt-process-l1-1-0.dll
0x00000162dd840000 - 0x00000162dd844000 	C:\Users\Administrateur\Desktop\logiciels\openjfx-11.0.2_windows-x64_bin-sdk\javafx-sdk-11.0.2\bin\api-ms-win-crt-runtime-l1-1-0.dll
0x00000162dd850000 - 0x00000162dd854000 	C:\Users\Administrateur\Desktop\logiciels\openjfx-11.0.2_windows-x64_bin-sdk\javafx-sdk-11.0.2\bin\api-ms-win-crt-stdio-l1-1-0.dll
0x00000162dd860000 - 0x00000162dd864000 	C:\Users\Administrateur\Desktop\logiciels\openjfx-11.0.2_windows-x64_bin-sdk\javafx-sdk-11.0.2\bin\api-ms-win-crt-string-l1-1-0.dll
0x00000162dd870000 - 0x00000162dd873000 	C:\Users\Administrateur\Desktop\logiciels\openjfx-11.0.2_windows-x64_bin-sdk\javafx-sdk-11.0.2\bin\api-ms-win-crt-time-l1-1-0.dll
0x00000162dd880000 - 0x00000162dd883000 	C:\Users\Administrateur\Desktop\logiciels\openjfx-11.0.2_windows-x64_bin-sdk\javafx-sdk-11.0.2\bin\api-ms-win-crt-utility-l1-1-0.dll
0x00007ffafbc50000 - 0x00007ffafbd4a000 	C:\Users\Administrateur\Desktop\logiciels\openjfx-11.0.2_windows-x64_bin-sdk\javafx-sdk-11.0.2\bin\ucrtbase.dll
0x00007ffb0fa80000 - 0x00007ffb0fa96000 	C:\Users\Administrateur\Desktop\logiciels\openjfx-11.0.2_windows-x64_bin-sdk\javafx-sdk-11.0.2\bin\vcruntime140.dll
0x00007ffaf5850000 - 0x00007ffaf58f6000 	C:\Users\Administrateur\Desktop\logiciels\openjfx-11.0.2_windows-x64_bin-sdk\javafx-sdk-11.0.2\bin\msvcp140.dll
0x00007ffb00730000 - 0x00007ffb00781000 	C:\Users\Administrateur\Desktop\logiciels\openjfx-11.0.2_windows-x64_bin-sdk\javafx-sdk-11.0.2\bin\concrt140.dll
0x00007ffb0d290000 - 0x00007ffb0d2b3000 	C:\Users\Administrateur\Desktop\logiciels\openjfx-11.0.2_windows-x64_bin-sdk\javafx-sdk-11.0.2\bin\prism_d3d.dll
0x00007ffadab60000 - 0x00007ffadad2e000 	C:\WINDOWS\system32\d3d9.dll
0x00007ffb181b0000 - 0x00007ffb181df000 	C:\WINDOWS\SYSTEM32\dwmapi.dll
0x00007ffb17ff0000 - 0x00007ffb1808e000 	C:\WINDOWS\system32\uxtheme.dll
0x00007ffaea8c0000 - 0x00007ffaeb32e000 	C:\WINDOWS\SYSTEM32\igdumdim64.dll
0x00007ffb0dac0000 - 0x00007ffb0df24000 	C:\WINDOWS\SYSTEM32\igdusc64.dll
0x00007ffb0ad50000 - 0x00007ffb0ad95000 	C:\Users\Administrateur\Desktop\logiciels\openjfx-11.0.2_windows-x64_bin-sdk\javafx-sdk-11.0.2\bin\glass.dll
0x00007ffb1b0a0000 - 0x00007ffb1b17a000 	C:\WINDOWS\System32\COMDLG32.dll
0x00007ffb1c020000 - 0x00007ffb1c14a000 	C:\WINDOWS\System32\ole32.dll
0x00007ffb1b180000 - 0x00007ffb1b24d000 	C:\WINDOWS\System32\OLEAUT32.dll
0x00007ffb1c4d0000 - 0x00007ffb1c5e5000 	C:\WINDOWS\System32\MSCTF.dll
0x00007ffb0c150000 - 0x00007ffb0c164000 	C:\Users\Administrateur\Desktop\logiciels\openjfx-11.0.2_windows-x64_bin-sdk\javafx-sdk-11.0.2\bin\javafx_font.dll
0x00007ffb0fb50000 - 0x00007ffb0fdcf000 	C:\WINDOWS\SYSTEM32\dwrite.dll
0x00007ffb1af70000 - 0x00007ffb1b019000 	C:\WINDOWS\System32\clbcatq.dll
0x00007ffb123f0000 - 0x00007ffb125a4000 	C:\WINDOWS\SYSTEM32\WindowsCodecs.dll
0x00007ffb1a7d0000 - 0x00007ffb1a7f7000 	C:\WINDOWS\System32\bcrypt.dll
0x00007ffb01a10000 - 0x00007ffb01a4e000 	C:\WINDOWS\system32\dataexchange.dll
0x00007ffb16540000 - 0x00007ffb167a4000 	C:\WINDOWS\system32\d3d11.dll
0x00007ffb171d0000 - 0x00007ffb173b6000 	C:\WINDOWS\system32\dcomp.dll
0x00007ffb18f50000 - 0x00007ffb19044000 	C:\WINDOWS\system32\dxgi.dll
0x00007ffb12f90000 - 0x00007ffb13191000 	C:\WINDOWS\system32\twinapi.appcore.dll
0x00007ffb05670000 - 0x00007ffb056a4000 	C:\Program Files\Common Files\Microsoft Shared\Ink\rtscom.dll
0x00007ffb11ca0000 - 0x00007ffb11d99000 	C:\WINDOWS\SYSTEM32\textinputframework.dll
0x00007ffb17d50000 - 0x00007ffb17e42000 	C:\WINDOWS\System32\CoreMessaging.dll
0x00007ffb178f0000 - 0x00007ffb17c4e000 	C:\WINDOWS\System32\CoreUIComponents.dll
0x00007ffb19360000 - 0x00007ffb19393000 	C:\WINDOWS\SYSTEM32\ntmarta.dll
0x00007ffb17790000 - 0x00007ffb178e4000 	C:\WINDOWS\SYSTEM32\wintypes.dll
0x00007ffb09970000 - 0x00007ffb099d6000 	C:\WINDOWS\system32\Oleacc.dll
0x00007ffb167b0000 - 0x00007ffb16d70000 	C:\WINDOWS\SYSTEM32\d2d1.dll
0x00007ffb106f0000 - 0x00007ffb10de6000 	C:\WINDOWS\SYSTEM32\D3D10Warp.dll
0x00007ffb10e40000 - 0x00007ffb10e7b000 	C:\WINDOWS\SYSTEM32\dxcore.dll
0x00007ffb1aa90000 - 0x00007ffb1aade000 	C:\WINDOWS\System32\cfgmgr32.dll
0x00007ffb16090000 - 0x00007ffb16186000 	C:\WINDOWS\SYSTEM32\PROPSYS.dll
0x00007ffafa8a0000 - 0x00007ffafaa4e000 	C:\WINDOWS\SYSTEM32\DUI70.dll
0x00007ffb0a420000 - 0x00007ffb0a4b5000 	C:\WINDOWS\SYSTEM32\DUser.dll
0x00007ffadb000000 - 0x00007ffadb0a9000 	C:\Program Files\Common Files\microsoft shared\ink\tiptsf.dll
0x00007ffb14210000 - 0x00007ffb1421d000 	C:\WINDOWS\SYSTEM32\atlthunk.dll

dbghelp: loaded successfully - version: 4.0.5 - missing functions: none
symbol engine: initialized successfully - sym options: 0x614 - pdb path: .;C:\Program Files\Java\jdk-11.0.3\bin;C:\WINDOWS\SYSTEM32;C:\WINDOWS\WinSxS\amd64_microsoft.windows.common-controls_6595b64144ccf1df_6.0.19041.1052_none_60b8f8fd71f5e8cb;C:\Program Files\Java\jdk-11.0.3\bin\server;C:\Program Files\JetBrains\IntelliJ IDEA Community Edition 2020.3.2\bin;C:\Users\Administrateur\Desktop\logiciels\openjfx-11.0.2_windows-x64_bin-sdk\javafx-sdk-11.0.2\bin;C:\Program Files\Common Files\Microsoft Shared\Ink;C:\Users\Administrateur\AppData\Local\Microsoft\OneDrive\21.099.0516.0003

VM Arguments:
jvm_args: --module-path=C:\Users\Administrateur\Desktop\logiciels\openjfx-11.0.2_windows-x64_bin-sdk\javafx-sdk-11.0.2\lib --add-modules=javafx.controls,javafx.fxml -javaagent:C:\Program Files\JetBrains\IntelliJ IDEA Community Edition 2020.3.2\lib\idea_rt.jar=56278:C:\Program Files\JetBrains\IntelliJ IDEA Community Edition 2020.3.2\bin -Dfile.encoding=UTF-8 
java_command: Main
java_class_path (initial): C:\Users\Administrateur\IdeaProjects\MiniProjet_MAE\out\production\MiniProjet_MAE;C:\Users\Administrateur\Desktop\logiciels\openjfx-11.0.2_windows-x64_bin-sdk\javafx-sdk-11.0.2\lib\src.zip;C:\Users\Administrateur\Desktop\logiciels\openjfx-11.0.2_windows-x64_bin-sdk\javafx-sdk-11.0.2\lib\javafx-swt.jar;C:\Users\Administrateur\Desktop\logiciels\openjfx-11.0.2_windows-x64_bin-sdk\javafx-sdk-11.0.2\lib\javafx.web.jar;C:\Users\Administrateur\Desktop\logiciels\openjfx-11.0.2_windows-x64_bin-sdk\javafx-sdk-11.0.2\lib\javafx.base.jar;C:\Users\Administrateur\Desktop\logiciels\openjfx-11.0.2_windows-x64_bin-sdk\javafx-sdk-11.0.2\lib\javafx.fxml.jar;C:\Users\Administrateur\Desktop\logiciels\openjfx-11.0.2_windows-x64_bin-sdk\javafx-sdk-11.0.2\lib\javafx.media.jar;C:\Users\Administrateur\Desktop\logiciels\openjfx-11.0.2_windows-x64_bin-sdk\javafx-sdk-11.0.2\lib\javafx.swing.jar;C:\Users\Administrateur\Desktop\logiciels\openjfx-11.0.2_windows-x64_bin-sdk\javafx-sdk-11.0.2\lib\javafx.controls.jar;C:\Users\Administrateur\Desktop\logiciels\openjfx-11.0.2_windows-x64_bin-sdk\javafx-sdk-11.0.2\lib\javafx.graphics.jar
Launcher Type: SUN_STANDARD

[Global flags]
     intx CICompilerCount                          = 3                                         {product} {ergonomic}
     uint ConcGCThreads                            = 1                                         {product} {ergonomic}
     uint G1ConcRefinementThreads                  = 4                                         {product} {ergonomic}
   size_t G1HeapRegionSize                         = 1048576                                   {product} {ergonomic}
    uintx GCDrainStackTargetSize                   = 64                                        {product} {ergonomic}
   size_t InitialHeapSize                          = 130023424                                 {product} {ergonomic}
   size_t MarkStackSize                            = 4194304                                   {product} {ergonomic}
   size_t MaxHeapSize                              = 2067791872                                {product} {ergonomic}
   size_t MaxNewSize                               = 1240465408                                {product} {ergonomic}
   size_t MinHeapDeltaBytes                        = 1048576                                   {product} {ergonomic}
    uintx NonNMethodCodeHeapSize                   = 5830092                                {pd product} {ergonomic}
    uintx NonProfiledCodeHeapSize                  = 122914074                              {pd product} {ergonomic}
    uintx ProfiledCodeHeapSize                     = 122914074                              {pd product} {ergonomic}
    uintx ReservedCodeCacheSize                    = 251658240                              {pd product} {ergonomic}
     bool SegmentedCodeCache                       = true                                      {product} {ergonomic}
     bool UseCompressedClassPointers               = true                                 {lp64_product} {ergonomic}
     bool UseCompressedOops                        = true                                 {lp64_product} {ergonomic}
     bool UseG1GC                                  = true                                      {product} {ergonomic}
     bool UseLargePagesIndividualAllocation        = false                                  {pd product} {ergonomic}

Logging:
Log output configuration:
 #0: stdout all=warning uptime,level,tags
 #1: stderr all=off uptime,level,tags

Environment Variables:
JAVA_HOME=C:\Program Files\Java\jdk1.8.0_221
CLASSPATH=C:\Program Files (x86)\antlr-4.9.1-complete.jar;
PATH=C:\oraclexe\app\oracle\product\10.2.0\server\bin;C:\Program Files (x86)\Microsoft SDKs\Azure\CLI2\wbin;C:\oraclexe\app\oracle\product\11.2.0\server\bin;E:\app\radia\product\12.1.0\dbhome_2\bin;E:\app\radia\product\12.1.0\dbhome_1\bin;C:\Program Files (x86)\Common Files\Oracle\Java\javapath;C:\WINDOWS\system32;C:\WINDOWS;C:\WINDOWS\System32\Wbem;C:\WINDOWS\System32\WindowsPowerShell\v1.0\;C:\WINDOWS\System32\OpenSSH\;C:\Program Files (x86)\CodeBlocks\MinGW\bin;C:\Program Files (x86)\GnuWin32\bin;C:\Users\Administrateur\PycharmProjects\untitled2\venv\Scripts;C:\Program Files\nodejs\;C:\Program Files\Java\jdk1.8.0_221\bin;C:\Program Files\gradle-2.8-all\gradle-2.8\bin;C:\Program Files\Git\cmd;C:\Program Files\MATLAB\R2013a\runtime\win64;C:\Program Files\MATLAB\R2013a\bin;C:\Users\Administrateur\AppData\Local\Microsoft\WindowsApps;C:\Users\Administrateur\AppData\Local\Programs\Microsoft VS Code\bin;C:\Users\Administrateur\AppData\Roaming\npm;C:\Users\Administrateur\AppData\Local\GitHubDesktop\bin;
USERNAME=Administrateur
OS=Windows_NT
PROCESSOR_IDENTIFIER=Intel64 Family 6 Model 58 Stepping 9, GenuineIntel



---------------  S Y S T E M  ---------------

OS: Windows 10 , 64 bit Build 19041 (10.0.19041.1023)

CPU:total 4 (initial active 4) (2 cores per cpu, 2 threads per core) family 6 model 58 stepping 9, cmov, cx8, fxsr, mmx, sse, sse2, sse3, ssse3, sse4.1, sse4.2, popcnt, avx, aes, clmul, erms, ht, tsc, tscinvbit, tscinv

Memory: 4k page, system-wide physical 7887M (1162M free)
TotalPageFile size 7887M (AvailPageFile size 39M)
current process WorkingSet (physical memory assigned to process): 429M, peak: 429M
current process commit charge ("private bytes"): 474M, peak: 842M

vm_info: Java HotSpot(TM) 64-Bit Server VM (11.0.3+12-LTS) for windows-amd64 JRE (11.0.3+12-LTS), built on Apr  2 2019 12:43:09 by "mach5one" with MS VC++ 15.5 (VS2017)

END.
